{"timestamp":"2025-03-10T08:53:53,038","container":"e3cc525e0c7e","level":"INFO","thread":"main","class":"Besu","message":"Starting Besu","throwable":""}
{"timestamp":"2025-03-10T08:53:54,540","container":"e3cc525e0c7e","level":"WARN","thread":"main","class":"Besu","message":"Forcing --bonsai-limit-trie-logs-enabled=false, since it cannot be enabled with --sync-mode=FULL and --data-storage-format=BONSAI.","throwable":""}
{"timestamp":"2025-03-10T08:53:54,655","container":"e3cc525e0c7e","level":"INFO","thread":"main","class":"Besu","message":"Connecting to 8 static nodes.","throwable":""}
{"timestamp":"2025-03-10T08:53:54,678","container":"e3cc525e0c7e","level":"WARN","thread":"main","class":"Besu","message":"Forcing price bump for transaction replacement to 0, since min-gas-price is set to 0","throwable":""}
{"timestamp":"2025-03-10T08:53:54,682","container":"e3cc525e0c7e","level":"WARN","thread":"main","class":"Besu","message":"Forcing tx-pool-min-gas-price=0, since it cannot be greater than the value of min-gas-price","throwable":""}
{"timestamp":"2025-03-10T08:53:55,093","container":"e3cc525e0c7e","level":"INFO","thread":"main","class":"Besu","message":"
####################################################################################################
#                                                                                                  #
# Besu version 25.2.2                                                                              #
#                                                                                                  #
# Configuration:                                                                                   #
# Network: Custom genesis file                                                                     #
# /config/genesis.json                                                                             #
# Network Id: 9                                                                                    #
# Data storage: Bonsai                                                                             #
# Sync mode: Full                                                                                  #
# Sync min peers: 5                                                                                #
# RPC HTTP APIs: EEA,WEB3,ETH,NET,TRACE,DEBUG,ADMIN,TXPOOL,PERM,IBFT                               #
# RPC HTTP port: 8545                                                                              #
# Using LAYERED transaction pool implementation                                                    #
# Using STACKED worldstate update mode                                                             #
#                                                                                                  #
# Host:                                                                                            #
# Java: openjdk-java-21                                                                            #
# Maximum heap size: 3.85 GB                                                                       #
# OS: linux-x86_64                                                                                 #
# glibc: 2.39                                                                                      #
# jemalloc: 5.3.0-0-g54eaed1d8b56b1aa528be3bdd1877e59c56fa90c                                      #
# Total memory: 15.41 GB                                                                           #
# CPU cores: 20                                                                                    #
#                                                                                                  #
# Plugin Registration Summary:                                                                     #
# No plugins have been registered.                                                                 #
# TOTAL = 0 of 0 plugins successfully registered.                                                  #
#                                                                                                  #
####################################################################################################","throwable":""}
{"timestamp":"2025-03-10T08:53:55,094","container":"e3cc525e0c7e","level":"INFO","thread":"main","class":"Besu","message":"Security Module: localfile","throwable":""}
{"timestamp":"2025-03-10T08:53:55,095","container":"e3cc525e0c7e","level":"INFO","thread":"main","class":"VersionMetadata","message":"Lookup version metadata file in data directory: /opt/besu/data","throwable":""}
{"timestamp":"2025-03-10T08:53:55,096","container":"e3cc525e0c7e","level":"INFO","thread":"main","class":"VersionMetadata","message":"Data directory /opt/besu/data does not exist - creating it","throwable":""}
{"timestamp":"2025-03-10T08:53:55,097","container":"e3cc525e0c7e","level":"INFO","thread":"main","class":"VersionMetadata","message":"No version data detected. Writing Besu version 25.2.2 to metadata file","throwable":""}
{"timestamp":"2025-03-10T08:53:55,240","container":"e3cc525e0c7e","level":"INFO","thread":"main","class":"Besu","message":"Using the native implementation of alt bn128","throwable":""}
{"timestamp":"2025-03-10T08:53:55,314","container":"e3cc525e0c7e","level":"INFO","thread":"main","class":"Besu","message":"Using the native implementation of modexp","throwable":""}
{"timestamp":"2025-03-10T08:53:55,315","container":"e3cc525e0c7e","level":"INFO","thread":"main","class":"Besu","message":"Using the native implementation of the signature algorithm","throwable":""}
{"timestamp":"2025-03-10T08:53:55,323","container":"e3cc525e0c7e","level":"INFO","thread":"main","class":"Besu","message":"Using the native implementation of the blake2bf algorithm","throwable":""}
{"timestamp":"2025-03-10T08:53:55,548","container":"e3cc525e0c7e","level":"WARN","thread":"main","class":"Besu","message":"Forcing price bump for transaction replacement to 0, since min-gas-price is set to 0","throwable":""}
{"timestamp":"2025-03-10T08:53:55,550","container":"e3cc525e0c7e","level":"WARN","thread":"main","class":"Besu","message":"Forcing tx-pool-min-gas-price=0, since it cannot be greater than the value of min-gas-price","throwable":""}
{"timestamp":"2025-03-10T08:53:55,555","container":"e3cc525e0c7e","level":"INFO","thread":"main","class":"KeyPairUtil","message":"Attempting to load public key from /opt/besu/keys/nodekey","throwable":""}
{"timestamp":"2025-03-10T08:53:55,636","container":"e3cc525e0c7e","level":"INFO","thread":"main","class":"KeyPairUtil","message":"Loaded public key 0x86fcc16f4730fbfd238dc17ea552854c0943923bb1d5e886e5601b8d884fb0519060e0023f495dd24ffe60a65660fb7fdcdebfceedd2b3673dfa63658825924b from /opt/besu/keys/nodekey","throwable":""}
{"timestamp":"2025-03-10T08:53:55,667","container":"e3cc525e0c7e","level":"WARN","thread":"main","class":"Besu","message":"Privacy is disabled. Cannot use EEA/PRIV API methods when not using Privacy.","throwable":""}
{"timestamp":"2025-03-10T08:53:56,129","container":"e3cc525e0c7e","level":"INFO","thread":"main","class":"ProtocolScheduleBuilder","message":"Protocol schedule created with milestones: [GrayGlacier:0, Shanghai:1681338455]","throwable":""}
{"timestamp":"2025-03-10T08:53:56,147","container":"e3cc525e0c7e","level":"INFO","thread":"main","class":"RocksDBKeyValueStorageFactory","message":"No existing database at /opt/besu/data. Using default metadata for new db versionedStorageFormat=BaseVersionedStorageFormat{format=BONSAI, version=3}","throwable":""}
{"timestamp":"2025-03-10T08:53:56,785","container":"e3cc525e0c7e","level":"INFO","thread":"main","class":"FlatDbStrategyProvider","message":"Flat db mode found FULL","throwable":""}
{"timestamp":"2025-03-10T08:53:56,792","container":"e3cc525e0c7e","level":"INFO","thread":"main","class":"FlatDbStrategyProvider","message":"DB mode with code stored using code hash enabled = true","throwable":""}
{"timestamp":"2025-03-10T08:53:56,847","container":"e3cc525e0c7e","level":"INFO","thread":"main","class":"FlatDbStrategyProvider","message":"Flat db mode found FULL","throwable":""}
{"timestamp":"2025-03-10T08:53:56,850","container":"e3cc525e0c7e","level":"INFO","thread":"main","class":"FlatDbStrategyProvider","message":"DB mode with code stored using code hash enabled = true","throwable":""}
{"timestamp":"2025-03-10T08:53:57,362","container":"e3cc525e0c7e","level":"INFO","thread":"main","class":"TransactionPoolFactory","message":"Enabling transaction pool","throwable":""}
{"timestamp":"2025-03-10T08:53:57,417","container":"e3cc525e0c7e","level":"INFO","thread":"main","class":"BesuControllerBuilder","message":"IBFT2 is configured, creating initial sync for BFT","throwable":""}
{"timestamp":"2025-03-10T08:53:57,421","container":"e3cc525e0c7e","level":"INFO","thread":"main","class":"BFTPivotSelectorFromPeers","message":"Creating pivot block selector for BFT node","throwable":""}
{"timestamp":"2025-03-10T08:53:57,536","container":"e3cc525e0c7e","level":"INFO","thread":"main","class":"RunnerBuilder","message":"Resolved 1 bootnodes.","throwable":""}
{"timestamp":"2025-03-10T08:53:57,566","container":"e3cc525e0c7e","level":"INFO","thread":"main","class":"RunnerBuilder","message":"Detecting NAT service.","throwable":""}
{"timestamp":"2025-03-10T08:53:59,055","container":"e3cc525e0c7e","level":"INFO","thread":"main","class":"Runner","message":"Starting external services ... ","throwable":""}
{"timestamp":"2025-03-10T08:53:59,057","container":"e3cc525e0c7e","level":"INFO","thread":"main","class":"MetricsHttpService","message":"Starting metrics http service on 0.0.0.0:9545","throwable":""}
{"timestamp":"2025-03-10T08:53:59,102","container":"e3cc525e0c7e","level":"INFO","thread":"main","class":"JsonRpcHttpService","message":"Starting JSON-RPC service on 0.0.0.0:8545","throwable":""}
{"timestamp":"2025-03-10T08:53:59,284","container":"e3cc525e0c7e","level":"INFO","thread":"vert.x-eventloop-thread-1","class":"JsonRpcHttpService","message":"JSON-RPC service started and listening on 0.0.0.0:8545","throwable":""}
{"timestamp":"2025-03-10T08:53:59,286","container":"e3cc525e0c7e","level":"INFO","thread":"main","class":"GraphQLHttpService","message":"Starting GraphQL HTTP service on 0.0.0.0:8547","throwable":""}
{"timestamp":"2025-03-10T08:53:59,295","container":"e3cc525e0c7e","level":"INFO","thread":"vert.x-eventloop-thread-1","class":"GraphQLHttpService","message":"GraphQL HTTP service started and listening on 0.0.0.0:8547","throwable":""}
{"timestamp":"2025-03-10T08:53:59,296","container":"e3cc525e0c7e","level":"INFO","thread":"main","class":"WebSocketService","message":"Starting Websocket service on 0.0.0.0:8546","throwable":""}
{"timestamp":"2025-03-10T08:53:59,301","container":"e3cc525e0c7e","level":"INFO","thread":"vert.x-eventloop-thread-1","class":"WebSocketService","message":"Websocket service started and listening on 0.0.0.0:8546","throwable":""}
{"timestamp":"2025-03-10T08:53:59,306","container":"e3cc525e0c7e","level":"INFO","thread":"main","class":"AutoTransactionLogBloomCachingService","message":"Starting auto transaction log bloom caching service.","throwable":""}
{"timestamp":"2025-03-10T08:53:59,308","container":"e3cc525e0c7e","level":"INFO","thread":"main","class":"LogBloomCacheMetadata","message":"Lookup cache metadata file in data directory: /opt/besu/data/caches","throwable":""}
{"timestamp":"2025-03-10T08:53:59,336","container":"e3cc525e0c7e","level":"INFO","thread":"main","class":"Runner","message":"Starting Ethereum main loop ... ","throwable":""}
{"timestamp":"2025-03-10T08:53:59,337","container":"e3cc525e0c7e","level":"INFO","thread":"main","class":"DockerNatManager","message":"Starting docker NAT manager.","throwable":""}
{"timestamp":"2025-03-10T08:54:02,885","container":"e3cc525e0c7e","level":"INFO","thread":"main","class":"NetworkRunner","message":"Starting Network.","throwable":""}
{"timestamp":"2025-03-10T08:54:02,892","container":"e3cc525e0c7e","level":"INFO","thread":"nioEventLoopGroup-2-1","class":"RlpxAgent","message":"P2P RLPx agent started and listening on /[0:0:0:0:0:0:0:0]:30303.","throwable":""}
{"timestamp":"2025-03-10T08:54:02,892","container":"e3cc525e0c7e","level":"INFO","thread":"main","class":"PeerDiscoveryAgent","message":"Starting peer discovery agent on host=0.0.0.0, port=30303. IPv6 available.","throwable":""}
{"timestamp":"2025-03-10T08:54:02,904","container":"e3cc525e0c7e","level":"INFO","thread":"vert.x-eventloop-thread-1","class":"VertxPeerDiscoveryAgent","message":"Started peer discovery agent successfully, on effective host=0:0:0:0:0:0:0:0 and port=30303","throwable":""}
{"timestamp":"2025-03-10T08:54:02,906","container":"e3cc525e0c7e","level":"INFO","thread":"vert.x-eventloop-thread-1","class":"PeerDiscoveryAgent","message":"P2P peer discovery agent started and listening on /[0:0:0:0:0:0:0:0]:30303","throwable":""}
{"timestamp":"2025-03-10T08:54:02,961","container":"e3cc525e0c7e","level":"INFO","thread":"vert.x-eventloop-thread-1","class":"PeerDiscoveryAgent","message":"Writing node record to disk. NodeRecord{seq=1, publicKey=0x0386fcc16f4730fbfd238dc17ea552854c0943923bb1d5e886e5601b8d884fb051, udpAddress=Optional[/172.16.239.15:30303], tcpAddress=Optional[/172.16.239.15:30303], udp6Address=Optional.empty, tcp6Address=Optional.empty, asBase64=-Ju4QHfdCi4v4Ga2CG_35LitZCGKFWAao2ALUj6qYxC_wW45ZEM40zcQKf92-hsIZLBcE8zinLWdVF6XsWJN62-P7ewBg2V0aMvKhCAdX4iEZDcwV4JpZIJ2NIJpcISsEO8PiXNlY3AyNTZrMaEDhvzBb0cw-_0jjcF-pVKFTAlDkjux1eiG5WAbjYhPsFGDdGNwgnZfg3VkcIJ2Xw, nodeId=0x133b4f32d7750cdfd4048f04df8b560be949c229c821731554c33ead5e3888a4, customFields={tcp=30303, udp=30303, ip=0xac10ef0f, eth=[[0x201d5f88, 0x64373057]], id=V4, secp256k1=0x0386fcc16f4730fbfd238dc17ea552854c0943923bb1d5e886e5601b8d884fb051}}","throwable":""}
{"timestamp":"2025-03-10T08:54:02,997","container":"e3cc525e0c7e","level":"INFO","thread":"main","class":"DefaultP2PNetwork","message":"Enode URL enode://86fcc16f4730fbfd238dc17ea552854c0943923bb1d5e886e5601b8d884fb0519060e0023f495dd24ffe60a65660fb7fdcdebfceedd2b3673dfa63658825924b@172.16.239.15:30303","throwable":""}
{"timestamp":"2025-03-10T08:54:02,998","container":"e3cc525e0c7e","level":"INFO","thread":"main","class":"DefaultP2PNetwork","message":"Node address 0xdf8b560be949c229c821731554c33ead5e3888a4","throwable":""}
{"timestamp":"2025-03-10T08:54:03,045","container":"e3cc525e0c7e","level":"INFO","thread":"main","class":"NetworkRunner","message":"Supported capabilities: [eth/62, eth/63, eth/64, eth/65, eth/66, eth/67, eth/68], [IBF/1], [snap/1]","throwable":""}
{"timestamp":"2025-03-10T08:54:03,045","container":"e3cc525e0c7e","level":"INFO","thread":"main","class":"DefaultSynchronizer","message":"Starting synchronizer.","throwable":""}
{"timestamp":"2025-03-10T08:54:03,055","container":"e3cc525e0c7e","level":"INFO","thread":"main","class":"TransactionPoolFactory","message":"Enabling transaction handling following initial sync","throwable":""}
{"timestamp":"2025-03-10T08:54:03,057","container":"e3cc525e0c7e","level":"INFO","thread":"main","class":"IbftBesuControllerBuilder","message":"Starting IBFT mining coordinator following initial sync","throwable":""}
{"timestamp":"2025-03-10T08:54:03,066","container":"e3cc525e0c7e","level":"INFO","thread":"main","class":"FullSyncDownloader","message":"Starting full sync.","throwable":""}
{"timestamp":"2025-03-10T08:54:03,066","container":"e3cc525e0c7e","level":"INFO","thread":"main","class":"FullSyncTargetManager","message":"Unable to find sync target. Waiting for 5 peers minimum. Currently checking 0 peers for usefulness","throwable":""}
{"timestamp":"2025-03-10T08:54:03,070","container":"e3cc525e0c7e","level":"INFO","thread":"main","class":"Runner","message":"Ethereum main loop is up.","throwable":""}
{"timestamp":"2025-03-10T08:54:08,072","container":"e3cc525e0c7e","level":"INFO","thread":"EthScheduler-Timer-0","class":"FullSyncTargetManager","message":"Unable to find sync target. Waiting for 5 peers minimum. Currently checking 4 peers for usefulness","throwable":""}
{"timestamp":"2025-03-10T08:54:12,789","container":"e3cc525e0c7e","level":"INFO","thread":"EthScheduler-Workers-0","class":"PersistBlockTask","message":"Imported empty block #1 / 0 tx / 0 om / 0 (0.0%) gas / (0xf592f258c82bbe72a142db9ddde2077d8024f77556b1b58f2c33f13c2e8e7d5f) in 0.034s. Peers: 4","throwable":""}
{"timestamp":"2025-03-10T08:54:13,073","container":"e3cc525e0c7e","level":"INFO","thread":"EthScheduler-Workers-0","class":"PersistBlockTask","message":"Imported empty block #2 / 0 tx / 0 om / 0 (0.0%) gas / (0x3fd5974f54f9ad797b08780ef082c4dab7e57f89123b281e812dddd801d5fcab) in 0.008s. Peers: 4","throwable":""}
{"timestamp":"2025-03-10T08:54:14,053","container":"e3cc525e0c7e","level":"INFO","thread":"EthScheduler-Workers-0","class":"PersistBlockTask","message":"Imported empty block #3 / 0 tx / 0 om / 0 (0.0%) gas / (0xa2d05b1cf05d65ea7b7b9fe6e2c0de9b253d477e17c11768aa5ba02493b63e6d) in 0.004s. Peers: 4","throwable":""}
{"timestamp":"2025-03-10T08:54:15,043","container":"e3cc525e0c7e","level":"INFO","thread":"EthScheduler-Workers-0","class":"PersistBlockTask","message":"Imported empty block #4 / 0 tx / 0 om / 0 (0.0%) gas / (0xbcc3105edca1e218820cb47a5f7099eba15d614821684d61a163cbe20ea807f7) in 0.005s. Peers: 4","throwable":""}
{"timestamp":"2025-03-10T08:54:16,038","container":"e3cc525e0c7e","level":"INFO","thread":"EthScheduler-Workers-0","class":"PersistBlockTask","message":"Imported empty block #5 / 0 tx / 0 om / 0 (0.0%) gas / (0xab9b051a6c322c83bb3e923226edf6f0edc40fa3dc836b5adb9fd4a3dc0470f3) in 0.006s. Peers: 4","throwable":""}
{"timestamp":"2025-03-10T08:54:17,037","container":"e3cc525e0c7e","level":"INFO","thread":"EthScheduler-Workers-0","class":"PersistBlockTask","message":"Imported empty block #6 / 0 tx / 0 om / 0 (0.0%) gas / (0x9b39f1bc4d732a87ae79a3f9019c8849656ac140a705214b6677e9418b357a72) in 0.004s. Peers: 4","throwable":""}
{"timestamp":"2025-03-10T08:54:18,050","container":"e3cc525e0c7e","level":"INFO","thread":"EthScheduler-Workers-0","class":"PersistBlockTask","message":"Imported empty block #7 / 0 tx / 0 om / 0 (0.0%) gas / (0x332e0860365618846c96ed27b7b9ce85cd9f129611f40cbbe632699a1d38a6aa) in 0.006s. Peers: 4","throwable":""}
{"timestamp":"2025-03-10T08:54:19,038","container":"e3cc525e0c7e","level":"INFO","thread":"EthScheduler-Workers-0","class":"PersistBlockTask","message":"Imported empty block #8 / 0 tx / 0 om / 0 (0.0%) gas / (0x826fab2b91c53b5dc206c2dc188fdb7519f0c5c08bbd4012a2d5540c8f473f9b) in 0.004s. Peers: 4","throwable":""}
{"timestamp":"2025-03-10T08:54:21,422","container":"e3cc525e0c7e","level":"INFO","thread":"EthScheduler-Workers-0","class":"PersistBlockTask","message":"Imported empty block #9 / 0 tx / 0 om / 0 (0.0%) gas / (0x70d92cd504d4cbddd7095a68bdf18962d91a6155402bb754276c0c1a119f7fc4) in 0.008s. Peers: 4","throwable":""}
{"timestamp":"2025-03-10T08:54:22,034","container":"e3cc525e0c7e","level":"INFO","thread":"EthScheduler-Workers-0","class":"PersistBlockTask","message":"Imported empty block #10 / 0 tx / 0 om / 0 (0.0%) gas / (0xf65855fb81f9d5834dbdd31ab947eceba8ba17f2c1268975e31ece6f6be724f0) in 0.004s. Peers: 4","throwable":""}
{"timestamp":"2025-03-10T08:54:23,036","container":"e3cc525e0c7e","level":"INFO","thread":"EthScheduler-Workers-0","class":"PersistBlockTask","message":"Imported empty block #11 / 0 tx / 0 om / 0 (0.0%) gas / (0xb8f7e4b572389712aa585b14aa08cfa7c1200b3d221023b29287c687214e9faf) in 0.002s. Peers: 4","throwable":""}
{"timestamp":"2025-03-10T08:54:24,029","container":"e3cc525e0c7e","level":"INFO","thread":"EthScheduler-Workers-0","class":"PersistBlockTask","message":"Imported empty block #12 / 0 tx / 0 om / 0 (0.0%) gas / (0x61253ba93bf49dd75cfd38595edccd91e68b04f53afec48cbd2b1b20053c3b7d) in 0.004s. Peers: 4","throwable":""}
{"timestamp":"2025-03-10T08:54:25,036","container":"e3cc525e0c7e","level":"INFO","thread":"EthScheduler-Workers-0","class":"PersistBlockTask","message":"Imported empty block #13 / 0 tx / 0 om / 0 (0.0%) gas / (0xeb2042833cc73ca8150e96f64cb6f8590cf46e03dff37f0157c138040b5b9486) in 0.004s. Peers: 4","throwable":""}
{"timestamp":"2025-03-10T08:54:26,038","container":"e3cc525e0c7e","level":"INFO","thread":"EthScheduler-Workers-0","class":"PersistBlockTask","message":"Imported empty block #14 / 0 tx / 0 om / 0 (0.0%) gas / (0xebe6fcd3ef920f2df1b7c52f1b707786023470f755482edf9a1f7db7436ddc12) in 0.007s. Peers: 4","throwable":""}
{"timestamp":"2025-03-10T08:54:27,028","container":"e3cc525e0c7e","level":"INFO","thread":"EthScheduler-Workers-0","class":"PersistBlockTask","message":"Imported empty block #15 / 0 tx / 0 om / 0 (0.0%) gas / (0xb733ec5d7209b18c26cc2d700c440fada07354af89e80e9670082145655cd2c6) in 0.004s. Peers: 4","throwable":""}
{"timestamp":"2025-03-10T08:54:28,041","container":"e3cc525e0c7e","level":"INFO","thread":"EthScheduler-Workers-0","class":"PersistBlockTask","message":"Imported empty block #16 / 0 tx / 0 om / 0 (0.0%) gas / (0x2056a10e95b9ba912a3bfb568fd33c707de4d5c74d731b49fbca03ba3ab4e12e) in 0.004s. Peers: 4","throwable":""}
{"timestamp":"2025-03-10T08:54:29,031","container":"e3cc525e0c7e","level":"INFO","thread":"EthScheduler-Workers-0","class":"PersistBlockTask","message":"Imported empty block #17 / 0 tx / 0 om / 0 (0.0%) gas / (0x0bfa092cc454ea56680bb148e791bd7afa8d42c14464c36da2319f7c58cee7f0) in 0.005s. Peers: 4","throwable":""}
{"timestamp":"2025-03-10T08:54:30,029","container":"e3cc525e0c7e","level":"INFO","thread":"EthScheduler-Workers-0","class":"PersistBlockTask","message":"Imported empty block #18 / 0 tx / 0 om / 0 (0.0%) gas / (0xca4accc5284fe7a1d23f1b283613fa428c46ef61a81a5ecf6b5d067fefc2c3d2) in 0.006s. Peers: 4","throwable":""}
{"timestamp":"2025-03-10T08:54:31,033","container":"e3cc525e0c7e","level":"INFO","thread":"EthScheduler-Workers-0","class":"PersistBlockTask","message":"Imported empty block #19 / 0 tx / 0 om / 0 (0.0%) gas / (0x9b28ae2afb33bad312cf6816b98ec0e61ad625acac8e805e9a6ad2a9d59e690b) in 0.006s. Peers: 4","throwable":""}
{"timestamp":"2025-03-10T08:54:32,034","container":"e3cc525e0c7e","level":"INFO","thread":"EthScheduler-Workers-0","class":"PersistBlockTask","message":"Imported empty block #20 / 0 tx / 0 om / 0 (0.0%) gas / (0x1167681fa82a9d4d2b36abc1dac0bf3828411fb878a9588c94648121d6ae411f) in 0.003s. Peers: 4","throwable":""}
{"timestamp":"2025-03-10T08:54:33,025","container":"e3cc525e0c7e","level":"INFO","thread":"EthScheduler-Workers-0","class":"PersistBlockTask","message":"Imported empty block #21 / 0 tx / 0 om / 0 (0.0%) gas / (0xc153181ca882dc013c8d773d1f348290cc1d6c5cb6c5b1e6eef8b604f18908a3) in 0.002s. Peers: 4","throwable":""}
{"timestamp":"2025-03-10T08:54:34,022","container":"e3cc525e0c7e","level":"INFO","thread":"EthScheduler-Workers-0","class":"PersistBlockTask","message":"Imported empty block #22 / 0 tx / 0 om / 0 (0.0%) gas / (0x52c0ce76f465d56ac136fd8184c93864089e9b041cf9f0b1e76e05553cb64523) in 0.004s. Peers: 4","throwable":""}
{"timestamp":"2025-03-10T08:54:35,023","container":"e3cc525e0c7e","level":"INFO","thread":"EthScheduler-Workers-0","class":"PersistBlockTask","message":"Imported empty block #23 / 0 tx / 0 om / 0 (0.0%) gas / (0x4f712b45885b860529f615d3805e59c17c31d40df5cabe6c21c60ab0c2b0a4c3) in 0.003s. Peers: 4","throwable":""}
{"timestamp":"2025-03-10T08:54:36,022","container":"e3cc525e0c7e","level":"INFO","thread":"EthScheduler-Workers-0","class":"PersistBlockTask","message":"Imported empty block #24 / 0 tx / 0 om / 0 (0.0%) gas / (0xca82f27d0a2a9cddabfd856954a4b020b35f57a32f15651c67349b36f401d758) in 0.002s. Peers: 4","throwable":""}
{"timestamp":"2025-03-10T08:54:37,027","container":"e3cc525e0c7e","level":"INFO","thread":"EthScheduler-Workers-0","class":"PersistBlockTask","message":"Imported empty block #25 / 0 tx / 0 om / 0 (0.0%) gas / (0x28e3e373d9aa10d63c4070d0b90d569bb3c666c7c6c9316f095d3947efa9fb59) in 0.005s. Peers: 4","throwable":""}
{"timestamp":"2025-03-10T08:54:38,028","container":"e3cc525e0c7e","level":"INFO","thread":"EthScheduler-Workers-0","class":"PersistBlockTask","message":"Imported empty block #26 / 0 tx / 0 om / 0 (0.0%) gas / (0xa2872004a91f26657cda0f0d71810fa1de01c7400aa32b7febeb2e6dff53be1e) in 0.003s. Peers: 4","throwable":""}
{"timestamp":"2025-03-10T08:54:39,021","container":"e3cc525e0c7e","level":"INFO","thread":"EthScheduler-Workers-0","class":"PersistBlockTask","message":"Imported empty block #27 / 0 tx / 0 om / 0 (0.0%) gas / (0x7c74617b187fce509d2b82912ada8b48e296cf34724cbc2aac1a002f302185c8) in 0.002s. Peers: 4","throwable":""}
{"timestamp":"2025-03-10T08:54:40,026","container":"e3cc525e0c7e","level":"INFO","thread":"EthScheduler-Workers-0","class":"PersistBlockTask","message":"Imported empty block #28 / 0 tx / 0 om / 0 (0.0%) gas / (0xb2bd3d42fb587d2f404fc7c0589d231b3119ab2696e16786512913cc58fb96d2) in 0.003s. Peers: 4","throwable":""}
{"timestamp":"2025-03-10T08:54:41,050","container":"e3cc525e0c7e","level":"INFO","thread":"EthScheduler-Workers-0","class":"PersistBlockTask","message":"Imported empty block #29 / 0 tx / 0 om / 0 (0.0%) gas / (0x7fc9e221093aa5c4919aac245449e15b58fc10eec10b8d2e6dbc7dca02635841) in 0.007s. Peers: 4","throwable":""}
{"timestamp":"2025-03-10T08:54:42,022","container":"e3cc525e0c7e","level":"INFO","thread":"EthScheduler-Workers-0","class":"PersistBlockTask","message":"Imported empty block #30 / 0 tx / 0 om / 0 (0.0%) gas / (0x4f689a73455430d7b2ee42012fe81c61b8a479ba247397f3f86a7d04833b055c) in 0.004s. Peers: 4","throwable":""}
{"timestamp":"2025-03-10T08:54:43,030","container":"e3cc525e0c7e","level":"INFO","thread":"EthScheduler-Workers-0","class":"PersistBlockTask","message":"Imported empty block #31 / 0 tx / 0 om / 0 (0.0%) gas / (0x9c65f2586be50063c1be729b13afd3086d426a67ebee8d9a30990e143bf29f7c) in 0.005s. Peers: 4","throwable":""}
{"timestamp":"2025-03-10T08:54:44,031","container":"e3cc525e0c7e","level":"INFO","thread":"EthScheduler-Workers-0","class":"PersistBlockTask","message":"Imported empty block #32 / 0 tx / 0 om / 0 (0.0%) gas / (0x6532ae79ca9a55dc81270c00a3413f62fac8348ff07d0af5dc24c28542b048c6) in 0.005s. Peers: 4","throwable":""}
{"timestamp":"2025-03-10T08:54:45,025","container":"e3cc525e0c7e","level":"INFO","thread":"EthScheduler-Workers-0","class":"PersistBlockTask","message":"Imported empty block #33 / 0 tx / 0 om / 0 (0.0%) gas / (0x6dee3425df0e8be9bef1ac9c08833a6b798a201df4135c2d0c337667f3501d1e) in 0.002s. Peers: 4","throwable":""}
{"timestamp":"2025-03-10T08:54:46,023","container":"e3cc525e0c7e","level":"INFO","thread":"EthScheduler-Workers-0","class":"PersistBlockTask","message":"Imported empty block #34 / 0 tx / 0 om / 0 (0.0%) gas / (0x658666fb1dab8e63386ba2f131e88fd0a2f39acfd4e6b8994891f13ecade00b1) in 0.003s. Peers: 4","throwable":""}
{"timestamp":"2025-03-10T08:54:47,020","container":"e3cc525e0c7e","level":"INFO","thread":"EthScheduler-Workers-0","class":"PersistBlockTask","message":"Imported empty block #35 / 0 tx / 0 om / 0 (0.0%) gas / (0x72d673026f76b4d334d4dbad69727f02ebcf2adbb46fde4a7732e1ffa56a0cc6) in 0.002s. Peers: 4","throwable":""}
{"timestamp":"2025-03-10T08:54:48,019","container":"e3cc525e0c7e","level":"INFO","thread":"EthScheduler-Workers-0","class":"PersistBlockTask","message":"Imported empty block #36 / 0 tx / 0 om / 0 (0.0%) gas / (0xcbd4694b19b1d20d661806236434d405b5d6cfef80cc5e69ad829e8b2287ade8) in 0.002s. Peers: 4","throwable":""}
{"timestamp":"2025-03-10T08:54:49,020","container":"e3cc525e0c7e","level":"INFO","thread":"EthScheduler-Workers-0","class":"PersistBlockTask","message":"Imported empty block #37 / 0 tx / 0 om / 0 (0.0%) gas / (0x8aedcc3c8008de566b441a4af4f7299e6c043183212f1d978c158935c3986fab) in 0.002s. Peers: 4","throwable":""}
{"timestamp":"2025-03-10T08:54:50,025","container":"e3cc525e0c7e","level":"INFO","thread":"EthScheduler-Workers-0","class":"PersistBlockTask","message":"Imported empty block #38 / 0 tx / 0 om / 0 (0.0%) gas / (0x611f7a25aad18cdabe4daf93b461b0dbf51b4f89d98dbcd15a770d118531f987) in 0.003s. Peers: 4","throwable":""}
{"timestamp":"2025-03-10T08:54:52,401","container":"e3cc525e0c7e","level":"INFO","thread":"EthScheduler-Workers-0","class":"PersistBlockTask","message":"Imported empty block #39 / 0 tx / 0 om / 0 (0.0%) gas / (0xbd23238075864bfc3b0d7c10bbc2c649bad518f1ecf638a7b1899ae0221914a6) in 0.002s. Peers: 4","throwable":""}
{"timestamp":"2025-03-10T08:54:53,031","container":"e3cc525e0c7e","level":"INFO","thread":"EthScheduler-Workers-0","class":"PersistBlockTask","message":"Imported empty block #40 / 0 tx / 0 om / 0 (0.0%) gas / (0x9fd4e07e6dbe53c752b8891d9a2d9f4d04d623ecf64710285236d26b7d8219bc) in 0.004s. Peers: 4","throwable":""}
{"timestamp":"2025-03-10T08:54:54,033","container":"e3cc525e0c7e","level":"INFO","thread":"EthScheduler-Workers-0","class":"PersistBlockTask","message":"Imported empty block #41 / 0 tx / 0 om / 0 (0.0%) gas / (0xd435d701524cec2f2288ae26bf48be0ddeb2e9dd17efcd37c013c405178f752f) in 0.007s. Peers: 4","throwable":""}
{"timestamp":"2025-03-10T08:54:55,018","container":"e3cc525e0c7e","level":"INFO","thread":"EthScheduler-Workers-0","class":"PersistBlockTask","message":"Imported empty block #42 / 0 tx / 0 om / 0 (0.0%) gas / (0xf83a3e5bd86f838ee2f5cf4b9233de63715e2304a4a4e298aee40fb4671016aa) in 0.001s. Peers: 4","throwable":""}
{"timestamp":"2025-03-10T08:54:56,035","container":"e3cc525e0c7e","level":"INFO","thread":"EthScheduler-Workers-0","class":"PersistBlockTask","message":"Imported empty block #43 / 0 tx / 0 om / 0 (0.0%) gas / (0x5e37a6f5bbd4b86dee59db62c3bf0bc518daac9c43021a6488f3d70aeea43bcc) in 0.007s. Peers: 4","throwable":""}
{"timestamp":"2025-03-10T08:54:57,024","container":"e3cc525e0c7e","level":"INFO","thread":"EthScheduler-Workers-0","class":"PersistBlockTask","message":"Imported empty block #44 / 0 tx / 0 om / 0 (0.0%) gas / (0x8d8522e977a47936d78a84c99be638b5db8d24f2abc746df4a9f1b5579fe8ef0) in 0.003s. Peers: 4","throwable":""}
{"timestamp":"2025-03-10T08:54:58,030","container":"e3cc525e0c7e","level":"INFO","thread":"EthScheduler-Workers-0","class":"PersistBlockTask","message":"Imported empty block #45 / 0 tx / 0 om / 0 (0.0%) gas / (0x30af18e59f371256341328eab8d38eb43dc575fe1a0354a00d519b7fc53ab7ee) in 0.003s. Peers: 4","throwable":""}
{"timestamp":"2025-03-10T08:54:59,027","container":"e3cc525e0c7e","level":"INFO","thread":"EthScheduler-Workers-0","class":"PersistBlockTask","message":"Imported empty block #46 / 0 tx / 0 om / 0 (0.0%) gas / (0x53c2ef6463631b1ff4b72b69ff474857e0a993de25ddba5d4eb06a1221e48686) in 0.003s. Peers: 4","throwable":""}
{"timestamp":"2025-03-10T08:55:00,019","container":"e3cc525e0c7e","level":"INFO","thread":"EthScheduler-Workers-0","class":"PersistBlockTask","message":"Imported empty block #47 / 0 tx / 0 om / 0 (0.0%) gas / (0x516bcb7e4cb523539a4be012f6cfad50d19bdf05d3091f9ef26c89d6da772726) in 0.002s. Peers: 4","throwable":""}
{"timestamp":"2025-03-10T08:55:01,017","container":"e3cc525e0c7e","level":"INFO","thread":"EthScheduler-Workers-0","class":"PersistBlockTask","message":"Imported empty block #48 / 0 tx / 0 om / 0 (0.0%) gas / (0xcfb9d56fa641788241650742a51b410824f48778b1acbdee0e0dc27166c4c9e8) in 0.003s. Peers: 4","throwable":""}
{"timestamp":"2025-03-10T08:55:02,026","container":"e3cc525e0c7e","level":"INFO","thread":"EthScheduler-Workers-0","class":"PersistBlockTask","message":"Imported empty block #49 / 0 tx / 0 om / 0 (0.0%) gas / (0xf0fe41934f5c65357ba875cdd28dc3fa0d7930cf1644f69b35387c92f412d6cd) in 0.003s. Peers: 4","throwable":""}
{"timestamp":"2025-03-10T08:55:03,014","container":"e3cc525e0c7e","level":"INFO","thread":"EthScheduler-Workers-0","class":"PersistBlockTask","message":"Imported empty block #50 / 0 tx / 0 om / 0 (0.0%) gas / (0xfa20ec6a331b182f077db284b26eb0d3117d5fef1b443e6060b903052e7bd26f) in 0.002s. Peers: 4","throwable":""}
{"timestamp":"2025-03-10T08:55:04,020","container":"e3cc525e0c7e","level":"INFO","thread":"EthScheduler-Workers-0","class":"PersistBlockTask","message":"Imported empty block #51 / 0 tx / 0 om / 0 (0.0%) gas / (0x2bb6e3d565d1cadff78ee6579f0c8870dad6ed28fbbaf2306650baa230ce42a9) in 0.002s. Peers: 4","throwable":""}
{"timestamp":"2025-03-10T08:55:05,017","container":"e3cc525e0c7e","level":"INFO","thread":"EthScheduler-Workers-0","class":"PersistBlockTask","message":"Imported empty block #52 / 0 tx / 0 om / 0 (0.0%) gas / (0x3f91f0d58a546e8a6736d7fce9697d4588e8d0bacc51a1bcba16153f08fae7a6) in 0.003s. Peers: 4","throwable":""}
{"timestamp":"2025-03-10T08:55:06,021","container":"e3cc525e0c7e","level":"INFO","thread":"EthScheduler-Workers-0","class":"PersistBlockTask","message":"Imported empty block #53 / 0 tx / 0 om / 0 (0.0%) gas / (0x37451d36f533e296111b5abaf2f10508b4d92066ab20311dcdf2f2888266c627) in 0.003s. Peers: 4","throwable":""}
{"timestamp":"2025-03-10T08:55:07,024","container":"e3cc525e0c7e","level":"INFO","thread":"EthScheduler-Workers-0","class":"PersistBlockTask","message":"Imported empty block #54 / 0 tx / 0 om / 0 (0.0%) gas / (0xedfa5550bb125a274e436e757f6a4df67782b19dd515e7c8258c7d474a89d08d) in 0.003s. Peers: 4","throwable":""}
{"timestamp":"2025-03-10T08:55:08,022","container":"e3cc525e0c7e","level":"INFO","thread":"EthScheduler-Workers-0","class":"PersistBlockTask","message":"Imported empty block #55 / 0 tx / 0 om / 0 (0.0%) gas / (0x59c84ae72cccfc0c7c148026c944add53da02e862001fc894ecc276a69a0c763) in 0.005s. Peers: 4","throwable":""}
{"timestamp":"2025-03-10T08:55:09,019","container":"e3cc525e0c7e","level":"INFO","thread":"EthScheduler-Workers-0","class":"PersistBlockTask","message":"Imported empty block #56 / 0 tx / 0 om / 0 (0.0%) gas / (0x284801db490ec65563e4c4da749eb77a69bb1c5856523d73998e497975a6f52a) in 0.002s. Peers: 4","throwable":""}
{"timestamp":"2025-03-10T08:55:10,015","container":"e3cc525e0c7e","level":"INFO","thread":"EthScheduler-Workers-0","class":"PersistBlockTask","message":"Imported empty block #57 / 0 tx / 0 om / 0 (0.0%) gas / (0x8f08fa4e56150d2a8ba1f766cce04735f796a07cb3c4527f3b47f3bf7985b272) in 0.002s. Peers: 4","throwable":""}
{"timestamp":"2025-03-10T08:55:11,024","container":"e3cc525e0c7e","level":"INFO","thread":"EthScheduler-Workers-0","class":"PersistBlockTask","message":"Imported empty block #58 / 0 tx / 0 om / 0 (0.0%) gas / (0x80de5168fb13bbcd920be9b5bd13368e9cd9d9d52d0f8b0f3de341f8e846a816) in 0.004s. Peers: 4","throwable":""}
{"timestamp":"2025-03-10T08:55:12,017","container":"e3cc525e0c7e","level":"INFO","thread":"EthScheduler-Workers-0","class":"PersistBlockTask","message":"Imported empty block #59 / 0 tx / 0 om / 0 (0.0%) gas / (0xa2943c9f9143af465183d381eb3048472dea93fa8ed069bba60aba16f7ecccf5) in 0.002s. Peers: 4","throwable":""}
{"timestamp":"2025-03-10T08:55:13,028","container":"e3cc525e0c7e","level":"INFO","thread":"EthScheduler-Workers-0","class":"PersistBlockTask","message":"Imported empty block #60 / 0 tx / 0 om / 0 (0.0%) gas / (0x14530ba702fce350bd86f4d2b18e666db8c5b25d743adb80a23a7527f008f33d) in 0.004s. Peers: 4","throwable":""}
{"timestamp":"2025-03-10T08:55:14,024","container":"e3cc525e0c7e","level":"INFO","thread":"EthScheduler-Workers-0","class":"PersistBlockTask","message":"Imported empty block #61 / 0 tx / 0 om / 0 (0.0%) gas / (0x1b87668c8f957f07a7c0d3341766d67cf5b88101c46bee18a93adca219078afd) in 0.004s. Peers: 4","throwable":""}
{"timestamp":"2025-03-10T08:55:15,020","container":"e3cc525e0c7e","level":"INFO","thread":"EthScheduler-Workers-0","class":"PersistBlockTask","message":"Imported empty block #62 / 0 tx / 0 om / 0 (0.0%) gas / (0x9353115dbda48c5ea575f77301f3ad7bda9c4738ad905d3c13b18d8300494755) in 0.002s. Peers: 4","throwable":""}
{"timestamp":"2025-03-10T08:55:16,014","container":"e3cc525e0c7e","level":"INFO","thread":"EthScheduler-Workers-0","class":"PersistBlockTask","message":"Imported empty block #63 / 0 tx / 0 om / 0 (0.0%) gas / (0x729f590cf63d6e00b816b426ddd5b8f15906e77859b666252333fdbe1a2270cc) in 0.003s. Peers: 4","throwable":""}
{"timestamp":"2025-03-10T08:55:17,019","container":"e3cc525e0c7e","level":"INFO","thread":"EthScheduler-Workers-0","class":"PersistBlockTask","message":"Imported empty block #64 / 0 tx / 0 om / 0 (0.0%) gas / (0x863c9ea7cf950925255c80df75ffaefc531197c42f4451acb04b4d21c2b78aac) in 0.003s. Peers: 4","throwable":""}
{"timestamp":"2025-03-10T08:55:18,040","container":"e3cc525e0c7e","level":"INFO","thread":"EthScheduler-Workers-0","class":"PersistBlockTask","message":"Imported empty block #65 / 0 tx / 0 om / 0 (0.0%) gas / (0xc41ab3901db67fddf19a2790638b68c9230664747184cd9337f0d50566979d04) in 0.006s. Peers: 4","throwable":""}
{"timestamp":"2025-03-10T08:55:19,017","container":"e3cc525e0c7e","level":"INFO","thread":"EthScheduler-Workers-0","class":"PersistBlockTask","message":"Imported empty block #66 / 0 tx / 0 om / 0 (0.0%) gas / (0xd217f8c411c6f02c213daa4ec8a7cef78bf8f4236bfa70892819f8583ceec7c6) in 0.002s. Peers: 4","throwable":""}
{"timestamp":"2025-03-10T08:55:20,017","container":"e3cc525e0c7e","level":"INFO","thread":"EthScheduler-Workers-0","class":"PersistBlockTask","message":"Imported empty block #67 / 0 tx / 0 om / 0 (0.0%) gas / (0x6219c5f39f51a34f0327c7bf7d22f46bf587f521b950c25934f2e0d05d0aa3bf) in 0.003s. Peers: 4","throwable":""}
{"timestamp":"2025-03-10T08:55:21,016","container":"e3cc525e0c7e","level":"INFO","thread":"EthScheduler-Workers-0","class":"PersistBlockTask","message":"Imported empty block #68 / 0 tx / 0 om / 0 (0.0%) gas / (0x98dba080328394c93dd9d1a82b2aff79cfb541e8198e625c303f46fc0c69a19a) in 0.001s. Peers: 4","throwable":""}
{"timestamp":"2025-03-10T08:55:23,391","container":"e3cc525e0c7e","level":"INFO","thread":"EthScheduler-Workers-0","class":"PersistBlockTask","message":"Imported empty block #69 / 0 tx / 0 om / 0 (0.0%) gas / (0x97e3c8d39f72f055153ce57aaaa1d399dc2df76447b3f35611544515fed4a934) in 0.003s. Peers: 4","throwable":""}
{"timestamp":"2025-03-10T08:55:24,017","container":"e3cc525e0c7e","level":"INFO","thread":"EthScheduler-Workers-0","class":"PersistBlockTask","message":"Imported empty block #70 / 0 tx / 0 om / 0 (0.0%) gas / (0xac5de3c5c4c1d609dc833788ee106c61edb9613d908be3716b51a3f7899b1db8) in 0.001s. Peers: 4","throwable":""}
{"timestamp":"2025-03-10T08:55:25,017","container":"e3cc525e0c7e","level":"INFO","thread":"EthScheduler-Workers-0","class":"PersistBlockTask","message":"Imported empty block #71 / 0 tx / 0 om / 0 (0.0%) gas / (0x76de5055c155acbbba4e6949275eeda237ce90b2d5bb972be0ae0810b8bf5c82) in 0.002s. Peers: 4","throwable":""}
{"timestamp":"2025-03-10T08:55:26,016","container":"e3cc525e0c7e","level":"INFO","thread":"EthScheduler-Workers-0","class":"PersistBlockTask","message":"Imported empty block #72 / 0 tx / 0 om / 0 (0.0%) gas / (0xdaf2aed3bb0ae440530a83c478fc3f324d9cdca0c6fb25f693f8072c43b37ee3) in 0.002s. Peers: 4","throwable":""}
{"timestamp":"2025-03-10T08:55:27,016","container":"e3cc525e0c7e","level":"INFO","thread":"EthScheduler-Workers-0","class":"PersistBlockTask","message":"Imported empty block #73 / 0 tx / 0 om / 0 (0.0%) gas / (0x25fa9d8967f2d9c010bf70eb0a3258223f79d254ae72a05f8a07c9c91fdfc907) in 0.002s. Peers: 4","throwable":""}
{"timestamp":"2025-03-10T08:55:28,020","container":"e3cc525e0c7e","level":"INFO","thread":"EthScheduler-Workers-0","class":"PersistBlockTask","message":"Imported empty block #74 / 0 tx / 0 om / 0 (0.0%) gas / (0x7c036d30635495f0a98c4fc9def5d9499e55c6345d1c29fcd7634bc9165c60a8) in 0.002s. Peers: 4","throwable":""}
{"timestamp":"2025-03-10T08:55:29,022","container":"e3cc525e0c7e","level":"INFO","thread":"EthScheduler-Workers-0","class":"PersistBlockTask","message":"Imported empty block #75 / 0 tx / 0 om / 0 (0.0%) gas / (0x8396f2be6718e251020ae34e199c9b245e17caaed702b76f86eb0f9366d6a3c8) in 0.002s. Peers: 4","throwable":""}
{"timestamp":"2025-03-10T08:55:30,030","container":"e3cc525e0c7e","level":"INFO","thread":"EthScheduler-Workers-0","class":"PersistBlockTask","message":"Imported empty block #76 / 0 tx / 0 om / 0 (0.0%) gas / (0x62699f089a5e8e30c8f21c44e6d93a204265be9d97ec1eaa89c18acde1b51d87) in 0.002s. Peers: 4","throwable":""}
{"timestamp":"2025-03-10T08:55:31,021","container":"e3cc525e0c7e","level":"INFO","thread":"EthScheduler-Workers-0","class":"PersistBlockTask","message":"Imported empty block #77 / 0 tx / 0 om / 0 (0.0%) gas / (0xeac1677b8a41fe52ae16f04b7a7f538032dbb2dbf3ffa0be5542e18081ede360) in 0.001s. Peers: 4","throwable":""}
{"timestamp":"2025-03-10T08:55:32,024","container":"e3cc525e0c7e","level":"INFO","thread":"EthScheduler-Workers-0","class":"PersistBlockTask","message":"Imported empty block #78 / 0 tx / 0 om / 0 (0.0%) gas / (0x88f085faad7fd3756e99b4aa183d37b72e0ccf37c5c870c3639c541e4349cf78) in 0.003s. Peers: 4","throwable":""}
{"timestamp":"2025-03-10T08:55:33,020","container":"e3cc525e0c7e","level":"INFO","thread":"EthScheduler-Workers-0","class":"PersistBlockTask","message":"Imported empty block #79 / 0 tx / 0 om / 0 (0.0%) gas / (0xb1a5a53b0d2703b15843f5d10f63afd1709eef1c3c6c09b1328092a0ed46a0f2) in 0.001s. Peers: 4","throwable":""}
{"timestamp":"2025-03-10T08:55:34,022","container":"e3cc525e0c7e","level":"INFO","thread":"EthScheduler-Workers-0","class":"PersistBlockTask","message":"Imported empty block #80 / 0 tx / 0 om / 0 (0.0%) gas / (0xdf090a9855d5059f3093851c41a2375ad49b683e89f8b5803618d0bd2f94296b) in 0.003s. Peers: 4","throwable":""}
{"timestamp":"2025-03-10T08:55:35,021","container":"e3cc525e0c7e","level":"INFO","thread":"EthScheduler-Workers-0","class":"PersistBlockTask","message":"Imported empty block #81 / 0 tx / 0 om / 0 (0.0%) gas / (0x2bdf612465775a529af48f4d94b5b5a22ff612b798bf89d36d6f8c546b6701cc) in 0.004s. Peers: 4","throwable":""}
{"timestamp":"2025-03-10T08:55:36,021","container":"e3cc525e0c7e","level":"INFO","thread":"EthScheduler-Workers-0","class":"PersistBlockTask","message":"Imported empty block #82 / 0 tx / 0 om / 0 (0.0%) gas / (0x8e87dd34a28651988bcebb45b6568a0805e92fe4a26a12286f05adc3d72b878b) in 0.002s. Peers: 4","throwable":""}
{"timestamp":"2025-03-10T08:55:37,014","container":"e3cc525e0c7e","level":"INFO","thread":"EthScheduler-Workers-0","class":"PersistBlockTask","message":"Imported empty block #83 / 0 tx / 0 om / 0 (0.0%) gas / (0x212b92e6d9ff86ce645dd7bca378b1d444b9909d4690eb3acfb26b09ecb39365) in 0.002s. Peers: 4","throwable":""}
{"timestamp":"2025-03-10T08:55:38,016","container":"e3cc525e0c7e","level":"INFO","thread":"EthScheduler-Workers-0","class":"PersistBlockTask","message":"Imported empty block #84 / 0 tx / 0 om / 0 (0.0%) gas / (0xb34e457df4cc7e5c6a56413d75779e1fee2ea124cfd9347fa3a04929955b2baf) in 0.001s. Peers: 4","throwable":""}
{"timestamp":"2025-03-10T08:55:40,518","container":"e3cc525e0c7e","level":"INFO","thread":"BftProcessorExecutor-IBFT-0","class":"BftProcessor","message":"Shutting down BFT event processor","throwable":""}
{"timestamp":"2025-03-10T08:55:40,521","container":"e3cc525e0c7e","level":"INFO","thread":"BesuCommand-Shutdown-Hook","class":"DefaultSynchronizer","message":"Stopping synchronizer","throwable":""}
{"timestamp":"2025-03-10T08:55:40,527","container":"e3cc525e0c7e","level":"INFO","thread":"BesuCommand-Shutdown-Hook","class":"NetworkRunner","message":"Stopping Network.","throwable":""}
{"timestamp":"2025-03-10T08:55:40,537","container":"e3cc525e0c7e","level":"INFO","thread":"BesuCommand-Shutdown-Hook","class":"EthProtocolManager","message":"Stopping eth Subprotocol.","throwable":""}
{"timestamp":"2025-03-10T08:55:40,635","container":"e3cc525e0c7e","level":"INFO","thread":"BesuCommand-Shutdown-Hook","class":"EthProtocolManager","message":"eth Subprotocol stopped.","throwable":""}
{"timestamp":"2025-03-10T08:55:40,636","container":"e3cc525e0c7e","level":"INFO","thread":"BesuCommand-Shutdown-Hook","class":"NetworkRunner","message":"Network stopped.","throwable":""}
{"timestamp":"2025-03-10T08:55:40,636","container":"e3cc525e0c7e","level":"INFO","thread":"BesuCommand-Shutdown-Hook","class":"AutoTransactionLogBloomCachingService","message":"Shutting down Auto transaction logs caching service.","throwable":""}
{"timestamp":"2025-03-10T08:55:40,637","container":"e3cc525e0c7e","level":"INFO","thread":"BesuCommand-Shutdown-Hook","class":"DockerNatManager","message":"Stopping docker NAT manager.","throwable":""}
