{"timestamp":"2025-03-10T08:53:51,846","container":"26e301600e12","level":"INFO","thread":"main","class":"Besu","message":"Starting Besu","throwable":""}
{"timestamp":"2025-03-10T08:53:53,890","container":"26e301600e12","level":"WARN","thread":"main","class":"Besu","message":"Forcing --bonsai-limit-trie-logs-enabled=false, since it cannot be enabled with --sync-mode=FULL and --data-storage-format=BONSAI.","throwable":""}
{"timestamp":"2025-03-10T08:53:54,050","container":"26e301600e12","level":"INFO","thread":"main","class":"Besu","message":"Connecting to 8 static nodes.","throwable":""}
{"timestamp":"2025-03-10T08:53:54,094","container":"26e301600e12","level":"WARN","thread":"main","class":"Besu","message":"Forcing price bump for transaction replacement to 0, since min-gas-price is set to 0","throwable":""}
{"timestamp":"2025-03-10T08:53:54,098","container":"26e301600e12","level":"WARN","thread":"main","class":"Besu","message":"Forcing tx-pool-min-gas-price=0, since it cannot be greater than the value of min-gas-price","throwable":""}
{"timestamp":"2025-03-10T08:53:54,433","container":"26e301600e12","level":"INFO","thread":"main","class":"Besu","message":"
####################################################################################################
#                                                                                                  #
# Besu version 25.2.2                                                                              #
#                                                                                                  #
# Configuration:                                                                                   #
# Network: Custom genesis file                                                                     #
# /config/genesis.json                                                                             #
# Network Id: 9                                                                                    #
# Data storage: Bonsai                                                                             #
# Sync mode: Full                                                                                  #
# Sync min peers: 5                                                                                #
# RPC HTTP APIs: EEA,WEB3,ETH,NET,TRACE,DEBUG,ADMIN,TXPOOL,PERM,IBFT                               #
# RPC HTTP port: 8545                                                                              #
# Using LAYERED transaction pool implementation                                                    #
# Using STACKED worldstate update mode                                                             #
#                                                                                                  #
# Host:                                                                                            #
# Java: openjdk-java-21                                                                            #
# Maximum heap size: 3.85 GB                                                                       #
# OS: linux-x86_64                                                                                 #
# glibc: 2.39                                                                                      #
# jemalloc: 5.3.0-0-g54eaed1d8b56b1aa528be3bdd1877e59c56fa90c                                      #
# Total memory: 15.41 GB                                                                           #
# CPU cores: 20                                                                                    #
#                                                                                                  #
# Plugin Registration Summary:                                                                     #
# No plugins have been registered.                                                                 #
# TOTAL = 0 of 0 plugins successfully registered.                                                  #
#                                                                                                  #
####################################################################################################","throwable":""}
{"timestamp":"2025-03-10T08:53:54,434","container":"26e301600e12","level":"INFO","thread":"main","class":"Besu","message":"Security Module: localfile","throwable":""}
{"timestamp":"2025-03-10T08:53:54,436","container":"26e301600e12","level":"INFO","thread":"main","class":"VersionMetadata","message":"Lookup version metadata file in data directory: /opt/besu/data","throwable":""}
{"timestamp":"2025-03-10T08:53:54,437","container":"26e301600e12","level":"INFO","thread":"main","class":"VersionMetadata","message":"Data directory /opt/besu/data does not exist - creating it","throwable":""}
{"timestamp":"2025-03-10T08:53:54,438","container":"26e301600e12","level":"INFO","thread":"main","class":"VersionMetadata","message":"No version data detected. Writing Besu version 25.2.2 to metadata file","throwable":""}
{"timestamp":"2025-03-10T08:53:54,575","container":"26e301600e12","level":"INFO","thread":"main","class":"Besu","message":"Using the native implementation of alt bn128","throwable":""}
{"timestamp":"2025-03-10T08:53:54,637","container":"26e301600e12","level":"INFO","thread":"main","class":"Besu","message":"Using the native implementation of modexp","throwable":""}
{"timestamp":"2025-03-10T08:53:54,638","container":"26e301600e12","level":"INFO","thread":"main","class":"Besu","message":"Using the native implementation of the signature algorithm","throwable":""}
{"timestamp":"2025-03-10T08:53:54,644","container":"26e301600e12","level":"INFO","thread":"main","class":"Besu","message":"Using the native implementation of the blake2bf algorithm","throwable":""}
{"timestamp":"2025-03-10T08:53:54,868","container":"26e301600e12","level":"WARN","thread":"main","class":"Besu","message":"Forcing price bump for transaction replacement to 0, since min-gas-price is set to 0","throwable":""}
{"timestamp":"2025-03-10T08:53:54,870","container":"26e301600e12","level":"WARN","thread":"main","class":"Besu","message":"Forcing tx-pool-min-gas-price=0, since it cannot be greater than the value of min-gas-price","throwable":""}
{"timestamp":"2025-03-10T08:53:54,875","container":"26e301600e12","level":"INFO","thread":"main","class":"KeyPairUtil","message":"Attempting to load public key from /opt/besu/keys/nodekey","throwable":""}
{"timestamp":"2025-03-10T08:53:54,964","container":"26e301600e12","level":"INFO","thread":"main","class":"KeyPairUtil","message":"Loaded public key 0x59cf0c623c582fa9b19bdf70fb6bade07f4ae32218dd4d1c7e2c7e65acf87da45cf2ab55d16d27360aafef17622c37c09db60d7680ebcc17b78867f4c05bcaa4 from /opt/besu/keys/nodekey","throwable":""}
{"timestamp":"2025-03-10T08:53:54,974","container":"26e301600e12","level":"WARN","thread":"main","class":"Besu","message":"Privacy is disabled. Cannot use EEA/PRIV API methods when not using Privacy.","throwable":""}
{"timestamp":"2025-03-10T08:53:55,379","container":"26e301600e12","level":"INFO","thread":"main","class":"ProtocolScheduleBuilder","message":"Protocol schedule created with milestones: [GrayGlacier:0, Shanghai:1681338455]","throwable":""}
{"timestamp":"2025-03-10T08:53:55,394","container":"26e301600e12","level":"INFO","thread":"main","class":"RocksDBKeyValueStorageFactory","message":"No existing database at /opt/besu/data. Using default metadata for new db versionedStorageFormat=BaseVersionedStorageFormat{format=BONSAI, version=3}","throwable":""}
{"timestamp":"2025-03-10T08:53:56,099","container":"26e301600e12","level":"INFO","thread":"main","class":"FlatDbStrategyProvider","message":"Flat db mode found FULL","throwable":""}
{"timestamp":"2025-03-10T08:53:56,108","container":"26e301600e12","level":"INFO","thread":"main","class":"FlatDbStrategyProvider","message":"DB mode with code stored using code hash enabled = true","throwable":""}
{"timestamp":"2025-03-10T08:53:56,152","container":"26e301600e12","level":"INFO","thread":"main","class":"FlatDbStrategyProvider","message":"Flat db mode found FULL","throwable":""}
{"timestamp":"2025-03-10T08:53:56,155","container":"26e301600e12","level":"INFO","thread":"main","class":"FlatDbStrategyProvider","message":"DB mode with code stored using code hash enabled = true","throwable":""}
{"timestamp":"2025-03-10T08:53:56,578","container":"26e301600e12","level":"INFO","thread":"main","class":"TransactionPoolFactory","message":"Enabling transaction pool","throwable":""}
{"timestamp":"2025-03-10T08:53:56,609","container":"26e301600e12","level":"INFO","thread":"main","class":"BesuControllerBuilder","message":"IBFT2 is configured, creating initial sync for BFT","throwable":""}
{"timestamp":"2025-03-10T08:53:56,612","container":"26e301600e12","level":"INFO","thread":"main","class":"BFTPivotSelectorFromPeers","message":"Creating pivot block selector for BFT node","throwable":""}
{"timestamp":"2025-03-10T08:53:56,701","container":"26e301600e12","level":"INFO","thread":"main","class":"RunnerBuilder","message":"Resolved 1 bootnodes.","throwable":""}
{"timestamp":"2025-03-10T08:53:56,740","container":"26e301600e12","level":"INFO","thread":"main","class":"RunnerBuilder","message":"Detecting NAT service.","throwable":""}
{"timestamp":"2025-03-10T08:53:58,320","container":"26e301600e12","level":"INFO","thread":"main","class":"Runner","message":"Starting external services ... ","throwable":""}
{"timestamp":"2025-03-10T08:53:58,322","container":"26e301600e12","level":"INFO","thread":"main","class":"MetricsHttpService","message":"Starting metrics http service on 0.0.0.0:9545","throwable":""}
{"timestamp":"2025-03-10T08:53:58,394","container":"26e301600e12","level":"INFO","thread":"main","class":"JsonRpcHttpService","message":"Starting JSON-RPC service on 0.0.0.0:8545","throwable":""}
{"timestamp":"2025-03-10T08:53:58,630","container":"26e301600e12","level":"INFO","thread":"vert.x-eventloop-thread-3","class":"JsonRpcHttpService","message":"JSON-RPC service started and listening on 0.0.0.0:8545","throwable":""}
{"timestamp":"2025-03-10T08:53:58,635","container":"26e301600e12","level":"INFO","thread":"main","class":"GraphQLHttpService","message":"Starting GraphQL HTTP service on 0.0.0.0:8547","throwable":""}
{"timestamp":"2025-03-10T08:53:58,644","container":"26e301600e12","level":"INFO","thread":"vert.x-eventloop-thread-3","class":"GraphQLHttpService","message":"GraphQL HTTP service started and listening on 0.0.0.0:8547","throwable":""}
{"timestamp":"2025-03-10T08:53:58,645","container":"26e301600e12","level":"INFO","thread":"main","class":"WebSocketService","message":"Starting Websocket service on 0.0.0.0:8546","throwable":""}
{"timestamp":"2025-03-10T08:53:58,652","container":"26e301600e12","level":"INFO","thread":"vert.x-eventloop-thread-3","class":"WebSocketService","message":"Websocket service started and listening on 0.0.0.0:8546","throwable":""}
{"timestamp":"2025-03-10T08:53:58,655","container":"26e301600e12","level":"INFO","thread":"main","class":"AutoTransactionLogBloomCachingService","message":"Starting auto transaction log bloom caching service.","throwable":""}
{"timestamp":"2025-03-10T08:53:58,658","container":"26e301600e12","level":"INFO","thread":"main","class":"LogBloomCacheMetadata","message":"Lookup cache metadata file in data directory: /opt/besu/data/caches","throwable":""}
{"timestamp":"2025-03-10T08:53:58,685","container":"26e301600e12","level":"INFO","thread":"main","class":"Runner","message":"Starting Ethereum main loop ... ","throwable":""}
{"timestamp":"2025-03-10T08:53:58,686","container":"26e301600e12","level":"INFO","thread":"main","class":"DockerNatManager","message":"Starting docker NAT manager.","throwable":""}
{"timestamp":"2025-03-10T08:54:02,264","container":"26e301600e12","level":"INFO","thread":"main","class":"NetworkRunner","message":"Starting Network.","throwable":""}
{"timestamp":"2025-03-10T08:54:02,270","container":"26e301600e12","level":"INFO","thread":"nioEventLoopGroup-2-1","class":"RlpxAgent","message":"P2P RLPx agent started and listening on /[0:0:0:0:0:0:0:0]:30303.","throwable":""}
{"timestamp":"2025-03-10T08:54:02,270","container":"26e301600e12","level":"INFO","thread":"main","class":"PeerDiscoveryAgent","message":"Starting peer discovery agent on host=0.0.0.0, port=30303. IPv6 available.","throwable":""}
{"timestamp":"2025-03-10T08:54:02,278","container":"26e301600e12","level":"INFO","thread":"vert.x-eventloop-thread-3","class":"VertxPeerDiscoveryAgent","message":"Started peer discovery agent successfully, on effective host=0:0:0:0:0:0:0:0 and port=30303","throwable":""}
{"timestamp":"2025-03-10T08:54:02,279","container":"26e301600e12","level":"INFO","thread":"vert.x-eventloop-thread-3","class":"PeerDiscoveryAgent","message":"P2P peer discovery agent started and listening on /[0:0:0:0:0:0:0:0]:30303","throwable":""}
{"timestamp":"2025-03-10T08:54:02,300","container":"26e301600e12","level":"INFO","thread":"vert.x-eventloop-thread-3","class":"PeerDiscoveryAgent","message":"Writing node record to disk. NodeRecord{seq=1, publicKey=0x0259cf0c623c582fa9b19bdf70fb6bade07f4ae32218dd4d1c7e2c7e65acf87da4, udpAddress=Optional[/172.16.239.13:30303], tcpAddress=Optional[/172.16.239.13:30303], udp6Address=Optional.empty, tcp6Address=Optional.empty, asBase64=-Ju4QA1mZb5ltNi-OHYjizagJzXRG0-DLZ5XccNeCM_yO_85U0omm2qVeuw8R7uZwbkCaPtY6DgGWVoKtaTx6bsjIroBg2V0aMvKhCAdX4iEZDcwV4JpZIJ2NIJpcISsEO8NiXNlY3AyNTZrMaECWc8MYjxYL6mxm99w-2ut4H9K4yIY3U0cfix-Zaz4faSDdGNwgnZfg3VkcIJ2Xw, nodeId=0x2a2fe7f9e880372cfd2bda0cce412f988377e31f4d0ff12d74df73b51c42d0ca, customFields={tcp=30303, udp=30303, ip=0xac10ef0d, eth=[[0x201d5f88, 0x64373057]], id=V4, secp256k1=0x0259cf0c623c582fa9b19bdf70fb6bade07f4ae32218dd4d1c7e2c7e65acf87da4}}","throwable":""}
{"timestamp":"2025-03-10T08:54:02,312","container":"26e301600e12","level":"INFO","thread":"main","class":"DefaultP2PNetwork","message":"Enode URL enode://59cf0c623c582fa9b19bdf70fb6bade07f4ae32218dd4d1c7e2c7e65acf87da45cf2ab55d16d27360aafef17622c37c09db60d7680ebcc17b78867f4c05bcaa4@172.16.239.13:30303","throwable":""}
{"timestamp":"2025-03-10T08:54:02,313","container":"26e301600e12","level":"INFO","thread":"main","class":"DefaultP2PNetwork","message":"Node address 0xce412f988377e31f4d0ff12d74df73b51c42d0ca","throwable":""}
{"timestamp":"2025-03-10T08:54:02,328","container":"26e301600e12","level":"INFO","thread":"main","class":"NetworkRunner","message":"Supported capabilities: [eth/62, eth/63, eth/64, eth/65, eth/66, eth/67, eth/68], [IBF/1], [snap/1]","throwable":""}
{"timestamp":"2025-03-10T08:54:02,328","container":"26e301600e12","level":"INFO","thread":"main","class":"DefaultSynchronizer","message":"Starting synchronizer.","throwable":""}
{"timestamp":"2025-03-10T08:54:02,334","container":"26e301600e12","level":"INFO","thread":"main","class":"TransactionPoolFactory","message":"Enabling transaction handling following initial sync","throwable":""}
{"timestamp":"2025-03-10T08:54:02,334","container":"26e301600e12","level":"INFO","thread":"main","class":"IbftBesuControllerBuilder","message":"Starting IBFT mining coordinator following initial sync","throwable":""}
{"timestamp":"2025-03-10T08:54:02,353","container":"26e301600e12","level":"INFO","thread":"main","class":"FullSyncDownloader","message":"Starting full sync.","throwable":""}
{"timestamp":"2025-03-10T08:54:02,354","container":"26e301600e12","level":"INFO","thread":"main","class":"FullSyncTargetManager","message":"Unable to find sync target. Waiting for 5 peers minimum. Currently checking 0 peers for usefulness","throwable":""}
{"timestamp":"2025-03-10T08:54:02,358","container":"26e301600e12","level":"INFO","thread":"main","class":"Runner","message":"Ethereum main loop is up.","throwable":""}
{"timestamp":"2025-03-10T08:54:07,357","container":"26e301600e12","level":"INFO","thread":"EthScheduler-Timer-0","class":"FullSyncTargetManager","message":"Unable to find sync target. Waiting for 5 peers minimum. Currently checking 4 peers for usefulness","throwable":""}
{"timestamp":"2025-03-10T08:54:12,360","container":"26e301600e12","level":"INFO","thread":"EthScheduler-Timer-0","class":"FullSyncTargetManager","message":"Unable to find sync target. Waiting for 5 peers minimum. Currently checking 4 peers for usefulness","throwable":""}
{"timestamp":"2025-03-10T08:54:12,706","container":"26e301600e12","level":"INFO","thread":"BftProcessorExecutor-IBFT-0","class":"IbftRound","message":"Importing block to chain. round=ConsensusRoundIdentifier{Sequence=1, Round=1}, hash=0xf592f258c82bbe72a142db9ddde2077d8024f77556b1b58f2c33f13c2e8e7d5f","throwable":""}
{"timestamp":"2025-03-10T08:54:12,737","container":"26e301600e12","level":"INFO","thread":"BftProcessorExecutor-IBFT-0","class":"IbftBesuControllerBuilder","message":"Imported #1 / 0 tx / 0 pending / 0 (0.0%) gas / (0xf592f258c82bbe72a142db9ddde2077d8024f77556b1b58f2c33f13c2e8e7d5f)","throwable":""}
{"timestamp":"2025-03-10T08:54:13,058","container":"26e301600e12","level":"INFO","thread":"BftProcessorExecutor-IBFT-0","class":"IbftBesuControllerBuilder","message":"Imported #2 / 0 tx / 0 pending / 0 (0.0%) gas / (0x3fd5974f54f9ad797b08780ef082c4dab7e57f89123b281e812dddd801d5fcab)","throwable":""}
{"timestamp":"2025-03-10T08:54:14,049","container":"26e301600e12","level":"INFO","thread":"BftProcessorExecutor-IBFT-0","class":"IbftBesuControllerBuilder","message":"Produced #3 / 0 tx / 0 pending / 0 (0.0%) gas / (0xa2d05b1cf05d65ea7b7b9fe6e2c0de9b253d477e17c11768aa5ba02493b63e6d)","throwable":""}
{"timestamp":"2025-03-10T08:54:15,032","container":"26e301600e12","level":"INFO","thread":"BftProcessorExecutor-IBFT-0","class":"IbftBesuControllerBuilder","message":"Imported #4 / 0 tx / 0 pending / 0 (0.0%) gas / (0xbcc3105edca1e218820cb47a5f7099eba15d614821684d61a163cbe20ea807f7)","throwable":""}
{"timestamp":"2025-03-10T08:54:16,026","container":"26e301600e12","level":"INFO","thread":"BftProcessorExecutor-IBFT-0","class":"IbftBesuControllerBuilder","message":"Imported #5 / 0 tx / 0 pending / 0 (0.0%) gas / (0xab9b051a6c322c83bb3e923226edf6f0edc40fa3dc836b5adb9fd4a3dc0470f3)","throwable":""}
{"timestamp":"2025-03-10T08:54:17,028","container":"26e301600e12","level":"INFO","thread":"BftProcessorExecutor-IBFT-0","class":"IbftBesuControllerBuilder","message":"Imported #6 / 0 tx / 0 pending / 0 (0.0%) gas / (0x9b39f1bc4d732a87ae79a3f9019c8849656ac140a705214b6677e9418b357a72)","throwable":""}
{"timestamp":"2025-03-10T08:54:18,039","container":"26e301600e12","level":"INFO","thread":"BftProcessorExecutor-IBFT-0","class":"IbftBesuControllerBuilder","message":"Produced #7 / 0 tx / 0 pending / 0 (0.0%) gas / (0x332e0860365618846c96ed27b7b9ce85cd9f129611f40cbbe632699a1d38a6aa)","throwable":""}
{"timestamp":"2025-03-10T08:54:19,031","container":"26e301600e12","level":"INFO","thread":"BftProcessorExecutor-IBFT-0","class":"IbftBesuControllerBuilder","message":"Imported #8 / 0 tx / 0 pending / 0 (0.0%) gas / (0x826fab2b91c53b5dc206c2dc188fdb7519f0c5c08bbd4012a2d5540c8f473f9b)","throwable":""}
{"timestamp":"2025-03-10T08:54:21,404","container":"26e301600e12","level":"INFO","thread":"BftProcessorExecutor-IBFT-0","class":"IbftBesuControllerBuilder","message":"Imported #9 / 0 tx / 0 pending / 0 (0.0%) gas / (0x70d92cd504d4cbddd7095a68bdf18962d91a6155402bb754276c0c1a119f7fc4)","throwable":""}
{"timestamp":"2025-03-10T08:54:22,026","container":"26e301600e12","level":"INFO","thread":"BftProcessorExecutor-IBFT-0","class":"IbftBesuControllerBuilder","message":"Imported #10 / 0 tx / 0 pending / 0 (0.0%) gas / (0xf65855fb81f9d5834dbdd31ab947eceba8ba17f2c1268975e31ece6f6be724f0)","throwable":""}
{"timestamp":"2025-03-10T08:54:23,029","container":"26e301600e12","level":"INFO","thread":"BftProcessorExecutor-IBFT-0","class":"IbftBesuControllerBuilder","message":"Produced #11 / 0 tx / 0 pending / 0 (0.0%) gas / (0xb8f7e4b572389712aa585b14aa08cfa7c1200b3d221023b29287c687214e9faf)","throwable":""}
{"timestamp":"2025-03-10T08:54:24,023","container":"26e301600e12","level":"INFO","thread":"BftProcessorExecutor-IBFT-0","class":"IbftBesuControllerBuilder","message":"Imported #12 / 0 tx / 0 pending / 0 (0.0%) gas / (0x61253ba93bf49dd75cfd38595edccd91e68b04f53afec48cbd2b1b20053c3b7d)","throwable":""}
{"timestamp":"2025-03-10T08:54:25,026","container":"26e301600e12","level":"INFO","thread":"BftProcessorExecutor-IBFT-0","class":"IbftBesuControllerBuilder","message":"Imported #13 / 0 tx / 0 pending / 0 (0.0%) gas / (0xeb2042833cc73ca8150e96f64cb6f8590cf46e03dff37f0157c138040b5b9486)","throwable":""}
{"timestamp":"2025-03-10T08:54:26,035","container":"26e301600e12","level":"INFO","thread":"BftProcessorExecutor-IBFT-0","class":"IbftBesuControllerBuilder","message":"Imported #14 / 0 tx / 0 pending / 0 (0.0%) gas / (0xebe6fcd3ef920f2df1b7c52f1b707786023470f755482edf9a1f7db7436ddc12)","throwable":""}
{"timestamp":"2025-03-10T08:54:26,038","container":"26e301600e12","level":"INFO","thread":"EthScheduler-Workers-0","class":"PersistBlockTask","message":"Block 14 (0xebe6fcd3ef920f2df1b7c52f1b707786023470f755482edf9a1f7db7436ddc12) is already imported","throwable":""}
{"timestamp":"2025-03-10T08:54:27,025","container":"26e301600e12","level":"INFO","thread":"EthScheduler-Workers-0","class":"PersistBlockTask","message":"Block 15 (0xb733ec5d7209b18c26cc2d700c440fada07354af89e80e9670082145655cd2c6) is already imported","throwable":""}
{"timestamp":"2025-03-10T08:54:27,026","container":"26e301600e12","level":"INFO","thread":"BftProcessorExecutor-IBFT-0","class":"IbftBesuControllerBuilder","message":"Produced #15 / 0 tx / 0 pending / 0 (0.0%) gas / (0xb733ec5d7209b18c26cc2d700c440fada07354af89e80e9670082145655cd2c6)","throwable":""}
{"timestamp":"2025-03-10T08:54:28,035","container":"26e301600e12","level":"INFO","thread":"BftProcessorExecutor-IBFT-0","class":"IbftBesuControllerBuilder","message":"Imported #16 / 0 tx / 0 pending / 0 (0.0%) gas / (0x2056a10e95b9ba912a3bfb568fd33c707de4d5c74d731b49fbca03ba3ab4e12e)","throwable":""}
{"timestamp":"2025-03-10T08:54:29,026","container":"26e301600e12","level":"INFO","thread":"EthScheduler-Workers-0","class":"PersistBlockTask","message":"Block 17 (0x0bfa092cc454ea56680bb148e791bd7afa8d42c14464c36da2319f7c58cee7f0) is already imported","throwable":""}
{"timestamp":"2025-03-10T08:54:29,026","container":"26e301600e12","level":"INFO","thread":"BftProcessorExecutor-IBFT-0","class":"IbftBesuControllerBuilder","message":"Imported #17 / 0 tx / 0 pending / 0 (0.0%) gas / (0x0bfa092cc454ea56680bb148e791bd7afa8d42c14464c36da2319f7c58cee7f0)","throwable":""}
{"timestamp":"2025-03-10T08:54:30,028","container":"26e301600e12","level":"INFO","thread":"EthScheduler-Workers-0","class":"PersistBlockTask","message":"Block 18 (0xca4accc5284fe7a1d23f1b283613fa428c46ef61a81a5ecf6b5d067fefc2c3d2) is already imported","throwable":""}
{"timestamp":"2025-03-10T08:54:30,029","container":"26e301600e12","level":"INFO","thread":"BftProcessorExecutor-IBFT-0","class":"IbftBesuControllerBuilder","message":"Imported #18 / 0 tx / 0 pending / 0 (0.0%) gas / (0xca4accc5284fe7a1d23f1b283613fa428c46ef61a81a5ecf6b5d067fefc2c3d2)","throwable":""}
{"timestamp":"2025-03-10T08:54:31,024","container":"26e301600e12","level":"INFO","thread":"BftProcessorExecutor-IBFT-0","class":"IbftBesuControllerBuilder","message":"Produced #19 / 0 tx / 0 pending / 0 (0.0%) gas / (0x9b28ae2afb33bad312cf6816b98ec0e61ad625acac8e805e9a6ad2a9d59e690b)","throwable":""}
{"timestamp":"2025-03-10T08:54:32,028","container":"26e301600e12","level":"INFO","thread":"BftProcessorExecutor-IBFT-0","class":"IbftBesuControllerBuilder","message":"Imported #20 / 0 tx / 0 pending / 0 (0.0%) gas / (0x1167681fa82a9d4d2b36abc1dac0bf3828411fb878a9588c94648121d6ae411f)","throwable":""}
{"timestamp":"2025-03-10T08:54:33,020","container":"26e301600e12","level":"INFO","thread":"BftProcessorExecutor-IBFT-0","class":"IbftBesuControllerBuilder","message":"Imported #21 / 0 tx / 0 pending / 0 (0.0%) gas / (0xc153181ca882dc013c8d773d1f348290cc1d6c5cb6c5b1e6eef8b604f18908a3)","throwable":""}
{"timestamp":"2025-03-10T08:54:34,021","container":"26e301600e12","level":"INFO","thread":"EthScheduler-Workers-0","class":"PersistBlockTask","message":"Imported empty block #22 / 0 tx / 0 om / 0 (0.0%) gas / (0x52c0ce76f465d56ac136fd8184c93864089e9b041cf9f0b1e76e05553cb64523) in 0.004s. Peers: 4","throwable":""}
{"timestamp":"2025-03-10T08:54:34,021","container":"26e301600e12","level":"INFO","thread":"BftProcessorExecutor-IBFT-0","class":"IbftBesuControllerBuilder","message":"Imported #22 / 0 tx / 0 pending / 0 (0.0%) gas / (0x52c0ce76f465d56ac136fd8184c93864089e9b041cf9f0b1e76e05553cb64523)","throwable":""}
{"timestamp":"2025-03-10T08:54:35,017","container":"26e301600e12","level":"INFO","thread":"BftProcessorExecutor-IBFT-0","class":"IbftBesuControllerBuilder","message":"Produced #23 / 0 tx / 0 pending / 0 (0.0%) gas / (0x4f712b45885b860529f615d3805e59c17c31d40df5cabe6c21c60ab0c2b0a4c3)","throwable":""}
{"timestamp":"2025-03-10T08:54:36,016","container":"26e301600e12","level":"INFO","thread":"BftProcessorExecutor-IBFT-0","class":"IbftBesuControllerBuilder","message":"Imported #24 / 0 tx / 0 pending / 0 (0.0%) gas / (0xca82f27d0a2a9cddabfd856954a4b020b35f57a32f15651c67349b36f401d758)","throwable":""}
{"timestamp":"2025-03-10T08:54:37,022","container":"26e301600e12","level":"INFO","thread":"EthScheduler-Workers-0","class":"PersistBlockTask","message":"Block 25 (0x28e3e373d9aa10d63c4070d0b90d569bb3c666c7c6c9316f095d3947efa9fb59) is already imported","throwable":""}
{"timestamp":"2025-03-10T08:54:37,023","container":"26e301600e12","level":"INFO","thread":"BftProcessorExecutor-IBFT-0","class":"IbftBesuControllerBuilder","message":"Imported #25 / 0 tx / 0 pending / 0 (0.0%) gas / (0x28e3e373d9aa10d63c4070d0b90d569bb3c666c7c6c9316f095d3947efa9fb59)","throwable":""}
{"timestamp":"2025-03-10T08:54:38,021","container":"26e301600e12","level":"INFO","thread":"BftProcessorExecutor-IBFT-0","class":"IbftBesuControllerBuilder","message":"Imported #26 / 0 tx / 0 pending / 0 (0.0%) gas / (0xa2872004a91f26657cda0f0d71810fa1de01c7400aa32b7febeb2e6dff53be1e)","throwable":""}
{"timestamp":"2025-03-10T08:54:39,016","container":"26e301600e12","level":"INFO","thread":"BftProcessorExecutor-IBFT-0","class":"IbftBesuControllerBuilder","message":"Produced #27 / 0 tx / 0 pending / 0 (0.0%) gas / (0x7c74617b187fce509d2b82912ada8b48e296cf34724cbc2aac1a002f302185c8)","throwable":""}
{"timestamp":"2025-03-10T08:54:40,020","container":"26e301600e12","level":"INFO","thread":"BftProcessorExecutor-IBFT-0","class":"IbftBesuControllerBuilder","message":"Imported #28 / 0 tx / 0 pending / 0 (0.0%) gas / (0xb2bd3d42fb587d2f404fc7c0589d231b3119ab2696e16786512913cc58fb96d2)","throwable":""}
{"timestamp":"2025-03-10T08:54:41,035","container":"26e301600e12","level":"INFO","thread":"BftProcessorExecutor-IBFT-0","class":"IbftBesuControllerBuilder","message":"Imported #29 / 0 tx / 0 pending / 0 (0.0%) gas / (0x7fc9e221093aa5c4919aac245449e15b58fc10eec10b8d2e6dbc7dca02635841)","throwable":""}
{"timestamp":"2025-03-10T08:54:42,015","container":"26e301600e12","level":"INFO","thread":"BftProcessorExecutor-IBFT-0","class":"IbftBesuControllerBuilder","message":"Imported #30 / 0 tx / 0 pending / 0 (0.0%) gas / (0x4f689a73455430d7b2ee42012fe81c61b8a479ba247397f3f86a7d04833b055c)","throwable":""}
{"timestamp":"2025-03-10T08:54:43,025","container":"26e301600e12","level":"INFO","thread":"EthScheduler-Workers-0","class":"PersistBlockTask","message":"Block 31 (0x9c65f2586be50063c1be729b13afd3086d426a67ebee8d9a30990e143bf29f7c) is already imported","throwable":""}
{"timestamp":"2025-03-10T08:54:43,025","container":"26e301600e12","level":"INFO","thread":"BftProcessorExecutor-IBFT-0","class":"IbftBesuControllerBuilder","message":"Produced #31 / 0 tx / 0 pending / 0 (0.0%) gas / (0x9c65f2586be50063c1be729b13afd3086d426a67ebee8d9a30990e143bf29f7c)","throwable":""}
{"timestamp":"2025-03-10T08:54:44,025","container":"26e301600e12","level":"INFO","thread":"BftProcessorExecutor-IBFT-0","class":"IbftBesuControllerBuilder","message":"Imported #32 / 0 tx / 0 pending / 0 (0.0%) gas / (0x6532ae79ca9a55dc81270c00a3413f62fac8348ff07d0af5dc24c28542b048c6)","throwable":""}
{"timestamp":"2025-03-10T08:54:45,020","container":"26e301600e12","level":"INFO","thread":"BftProcessorExecutor-IBFT-0","class":"IbftBesuControllerBuilder","message":"Imported #33 / 0 tx / 0 pending / 0 (0.0%) gas / (0x6dee3425df0e8be9bef1ac9c08833a6b798a201df4135c2d0c337667f3501d1e)","throwable":""}
{"timestamp":"2025-03-10T08:54:46,019","container":"26e301600e12","level":"INFO","thread":"BftProcessorExecutor-IBFT-0","class":"IbftBesuControllerBuilder","message":"Imported #34 / 0 tx / 0 pending / 0 (0.0%) gas / (0x658666fb1dab8e63386ba2f131e88fd0a2f39acfd4e6b8994891f13ecade00b1)","throwable":""}
{"timestamp":"2025-03-10T08:54:47,021","container":"26e301600e12","level":"INFO","thread":"EthScheduler-Workers-0","class":"PersistBlockTask","message":"Block 35 (0x72d673026f76b4d334d4dbad69727f02ebcf2adbb46fde4a7732e1ffa56a0cc6) is already imported","throwable":""}
{"timestamp":"2025-03-10T08:54:47,021","container":"26e301600e12","level":"INFO","thread":"BftProcessorExecutor-IBFT-0","class":"IbftBesuControllerBuilder","message":"Produced #35 / 0 tx / 0 pending / 0 (0.0%) gas / (0x72d673026f76b4d334d4dbad69727f02ebcf2adbb46fde4a7732e1ffa56a0cc6)","throwable":""}
{"timestamp":"2025-03-10T08:54:48,015","container":"26e301600e12","level":"INFO","thread":"BftProcessorExecutor-IBFT-0","class":"IbftBesuControllerBuilder","message":"Imported #36 / 0 tx / 0 pending / 0 (0.0%) gas / (0xcbd4694b19b1d20d661806236434d405b5d6cfef80cc5e69ad829e8b2287ade8)","throwable":""}
{"timestamp":"2025-03-10T08:54:49,018","container":"26e301600e12","level":"INFO","thread":"BftProcessorExecutor-IBFT-0","class":"IbftBesuControllerBuilder","message":"Imported #37 / 0 tx / 0 pending / 0 (0.0%) gas / (0x8aedcc3c8008de566b441a4af4f7299e6c043183212f1d978c158935c3986fab)","throwable":""}
{"timestamp":"2025-03-10T08:54:50,019","container":"26e301600e12","level":"INFO","thread":"BftProcessorExecutor-IBFT-0","class":"IbftBesuControllerBuilder","message":"Imported #38 / 0 tx / 0 pending / 0 (0.0%) gas / (0x611f7a25aad18cdabe4daf93b461b0dbf51b4f89d98dbcd15a770d118531f987)","throwable":""}
{"timestamp":"2025-03-10T08:54:52,397","container":"26e301600e12","level":"INFO","thread":"BftProcessorExecutor-IBFT-0","class":"IbftBesuControllerBuilder","message":"Produced #39 / 0 tx / 0 pending / 0 (0.0%) gas / (0xbd23238075864bfc3b0d7c10bbc2c649bad518f1ecf638a7b1899ae0221914a6)","throwable":""}
{"timestamp":"2025-03-10T08:54:53,030","container":"26e301600e12","level":"INFO","thread":"EthScheduler-Workers-0","class":"PersistBlockTask","message":"Block 40 (0x9fd4e07e6dbe53c752b8891d9a2d9f4d04d623ecf64710285236d26b7d8219bc) is already imported","throwable":""}
{"timestamp":"2025-03-10T08:54:53,030","container":"26e301600e12","level":"INFO","thread":"BftProcessorExecutor-IBFT-0","class":"IbftBesuControllerBuilder","message":"Imported #40 / 0 tx / 0 pending / 0 (0.0%) gas / (0x9fd4e07e6dbe53c752b8891d9a2d9f4d04d623ecf64710285236d26b7d8219bc)","throwable":""}
{"timestamp":"2025-03-10T08:54:54,029","container":"26e301600e12","level":"INFO","thread":"EthScheduler-Workers-0","class":"PersistBlockTask","message":"Block 41 (0xd435d701524cec2f2288ae26bf48be0ddeb2e9dd17efcd37c013c405178f752f) is already imported","throwable":""}
{"timestamp":"2025-03-10T08:54:54,030","container":"26e301600e12","level":"INFO","thread":"BftProcessorExecutor-IBFT-0","class":"IbftBesuControllerBuilder","message":"Imported #41 / 0 tx / 0 pending / 0 (0.0%) gas / (0xd435d701524cec2f2288ae26bf48be0ddeb2e9dd17efcd37c013c405178f752f)","throwable":""}
{"timestamp":"2025-03-10T08:54:55,018","container":"26e301600e12","level":"INFO","thread":"EthScheduler-Workers-0","class":"PersistBlockTask","message":"Imported empty block #42 / 0 tx / 0 om / 0 (0.0%) gas / (0xf83a3e5bd86f838ee2f5cf4b9233de63715e2304a4a4e298aee40fb4671016aa) in 0.002s. Peers: 4","throwable":""}
{"timestamp":"2025-03-10T08:54:55,019","container":"26e301600e12","level":"INFO","thread":"BftProcessorExecutor-IBFT-0","class":"IbftBesuControllerBuilder","message":"Imported #42 / 0 tx / 0 pending / 0 (0.0%) gas / (0xf83a3e5bd86f838ee2f5cf4b9233de63715e2304a4a4e298aee40fb4671016aa)","throwable":""}
{"timestamp":"2025-03-10T08:54:56,025","container":"26e301600e12","level":"INFO","thread":"BftProcessorExecutor-IBFT-0","class":"IbftBesuControllerBuilder","message":"Produced #43 / 0 tx / 0 pending / 0 (0.0%) gas / (0x5e37a6f5bbd4b86dee59db62c3bf0bc518daac9c43021a6488f3d70aeea43bcc)","throwable":""}
{"timestamp":"2025-03-10T08:54:57,018","container":"26e301600e12","level":"INFO","thread":"BftProcessorExecutor-IBFT-0","class":"IbftBesuControllerBuilder","message":"Imported #44 / 0 tx / 0 pending / 0 (0.0%) gas / (0x8d8522e977a47936d78a84c99be638b5db8d24f2abc746df4a9f1b5579fe8ef0)","throwable":""}
{"timestamp":"2025-03-10T08:54:58,027","container":"26e301600e12","level":"INFO","thread":"BftProcessorExecutor-IBFT-0","class":"IbftBesuControllerBuilder","message":"Imported #45 / 0 tx / 0 pending / 0 (0.0%) gas / (0x30af18e59f371256341328eab8d38eb43dc575fe1a0354a00d519b7fc53ab7ee)","throwable":""}
{"timestamp":"2025-03-10T08:54:59,021","container":"26e301600e12","level":"INFO","thread":"BftProcessorExecutor-IBFT-0","class":"IbftBesuControllerBuilder","message":"Imported #46 / 0 tx / 0 pending / 0 (0.0%) gas / (0x53c2ef6463631b1ff4b72b69ff474857e0a993de25ddba5d4eb06a1221e48686)","throwable":""}
{"timestamp":"2025-03-10T08:55:00,016","container":"26e301600e12","level":"INFO","thread":"BftProcessorExecutor-IBFT-0","class":"IbftBesuControllerBuilder","message":"Produced #47 / 0 tx / 0 pending / 0 (0.0%) gas / (0x516bcb7e4cb523539a4be012f6cfad50d19bdf05d3091f9ef26c89d6da772726)","throwable":""}
{"timestamp":"2025-03-10T08:55:01,010","container":"26e301600e12","level":"INFO","thread":"BftProcessorExecutor-IBFT-0","class":"IbftBesuControllerBuilder","message":"Imported #48 / 0 tx / 0 pending / 0 (0.0%) gas / (0xcfb9d56fa641788241650742a51b410824f48778b1acbdee0e0dc27166c4c9e8)","throwable":""}
{"timestamp":"2025-03-10T08:55:02,024","container":"26e301600e12","level":"INFO","thread":"EthScheduler-Workers-0","class":"PersistBlockTask","message":"Block 49 (0xf0fe41934f5c65357ba875cdd28dc3fa0d7930cf1644f69b35387c92f412d6cd) is already imported","throwable":""}
{"timestamp":"2025-03-10T08:55:02,025","container":"26e301600e12","level":"INFO","thread":"BftProcessorExecutor-IBFT-0","class":"IbftBesuControllerBuilder","message":"Imported #49 / 0 tx / 0 pending / 0 (0.0%) gas / (0xf0fe41934f5c65357ba875cdd28dc3fa0d7930cf1644f69b35387c92f412d6cd)","throwable":""}
{"timestamp":"2025-03-10T08:55:03,015","container":"26e301600e12","level":"INFO","thread":"EthScheduler-Workers-0","class":"PersistBlockTask","message":"Block 50 (0xfa20ec6a331b182f077db284b26eb0d3117d5fef1b443e6060b903052e7bd26f) is already imported","throwable":""}
{"timestamp":"2025-03-10T08:55:03,015","container":"26e301600e12","level":"INFO","thread":"BftProcessorExecutor-IBFT-0","class":"IbftBesuControllerBuilder","message":"Imported #50 / 0 tx / 0 pending / 0 (0.0%) gas / (0xfa20ec6a331b182f077db284b26eb0d3117d5fef1b443e6060b903052e7bd26f)","throwable":""}
{"timestamp":"2025-03-10T08:55:04,016","container":"26e301600e12","level":"INFO","thread":"BftProcessorExecutor-IBFT-0","class":"IbftBesuControllerBuilder","message":"Produced #51 / 0 tx / 0 pending / 0 (0.0%) gas / (0x2bb6e3d565d1cadff78ee6579f0c8870dad6ed28fbbaf2306650baa230ce42a9)","throwable":""}
{"timestamp":"2025-03-10T08:55:05,013","container":"26e301600e12","level":"INFO","thread":"BftProcessorExecutor-IBFT-0","class":"IbftBesuControllerBuilder","message":"Imported #52 / 0 tx / 0 pending / 0 (0.0%) gas / (0x3f91f0d58a546e8a6736d7fce9697d4588e8d0bacc51a1bcba16153f08fae7a6)","throwable":""}
{"timestamp":"2025-03-10T08:55:05,013","container":"26e301600e12","level":"INFO","thread":"EthScheduler-Workers-0","class":"PersistBlockTask","message":"Block 52 (0x3f91f0d58a546e8a6736d7fce9697d4588e8d0bacc51a1bcba16153f08fae7a6) is already imported","throwable":""}
{"timestamp":"2025-03-10T08:55:06,016","container":"26e301600e12","level":"INFO","thread":"BftProcessorExecutor-IBFT-0","class":"IbftBesuControllerBuilder","message":"Imported #53 / 0 tx / 0 pending / 0 (0.0%) gas / (0x37451d36f533e296111b5abaf2f10508b4d92066ab20311dcdf2f2888266c627)","throwable":""}
{"timestamp":"2025-03-10T08:55:07,022","container":"26e301600e12","level":"INFO","thread":"EthScheduler-Workers-0","class":"PersistBlockTask","message":"Block 54 (0xedfa5550bb125a274e436e757f6a4df67782b19dd515e7c8258c7d474a89d08d) is already imported","throwable":""}
{"timestamp":"2025-03-10T08:55:07,023","container":"26e301600e12","level":"INFO","thread":"BftProcessorExecutor-IBFT-0","class":"IbftBesuControllerBuilder","message":"Imported #54 / 0 tx / 0 pending / 0 (0.0%) gas / (0xedfa5550bb125a274e436e757f6a4df67782b19dd515e7c8258c7d474a89d08d)","throwable":""}
{"timestamp":"2025-03-10T08:55:08,014","container":"26e301600e12","level":"INFO","thread":"BftProcessorExecutor-IBFT-0","class":"IbftBesuControllerBuilder","message":"Produced #55 / 0 tx / 0 pending / 0 (0.0%) gas / (0x59c84ae72cccfc0c7c148026c944add53da02e862001fc894ecc276a69a0c763)","throwable":""}
{"timestamp":"2025-03-10T08:55:09,015","container":"26e301600e12","level":"INFO","thread":"BftProcessorExecutor-IBFT-0","class":"IbftBesuControllerBuilder","message":"Imported #56 / 0 tx / 0 pending / 0 (0.0%) gas / (0x284801db490ec65563e4c4da749eb77a69bb1c5856523d73998e497975a6f52a)","throwable":""}
{"timestamp":"2025-03-10T08:55:10,011","container":"26e301600e12","level":"INFO","thread":"BftProcessorExecutor-IBFT-0","class":"IbftBesuControllerBuilder","message":"Imported #57 / 0 tx / 0 pending / 0 (0.0%) gas / (0x8f08fa4e56150d2a8ba1f766cce04735f796a07cb3c4527f3b47f3bf7985b272)","throwable":""}
{"timestamp":"2025-03-10T08:55:11,019","container":"26e301600e12","level":"INFO","thread":"BftProcessorExecutor-IBFT-0","class":"IbftBesuControllerBuilder","message":"Imported #58 / 0 tx / 0 pending / 0 (0.0%) gas / (0x80de5168fb13bbcd920be9b5bd13368e9cd9d9d52d0f8b0f3de341f8e846a816)","throwable":""}
{"timestamp":"2025-03-10T08:55:12,015","container":"26e301600e12","level":"INFO","thread":"EthScheduler-Workers-0","class":"PersistBlockTask","message":"Block 59 (0xa2943c9f9143af465183d381eb3048472dea93fa8ed069bba60aba16f7ecccf5) is already imported","throwable":""}
{"timestamp":"2025-03-10T08:55:12,015","container":"26e301600e12","level":"INFO","thread":"BftProcessorExecutor-IBFT-0","class":"IbftBesuControllerBuilder","message":"Produced #59 / 0 tx / 0 pending / 0 (0.0%) gas / (0xa2943c9f9143af465183d381eb3048472dea93fa8ed069bba60aba16f7ecccf5)","throwable":""}
{"timestamp":"2025-03-10T08:55:13,026","container":"26e301600e12","level":"INFO","thread":"EthScheduler-Workers-0","class":"PersistBlockTask","message":"Block 60 (0x14530ba702fce350bd86f4d2b18e666db8c5b25d743adb80a23a7527f008f33d) is already imported","throwable":""}
{"timestamp":"2025-03-10T08:55:13,026","container":"26e301600e12","level":"INFO","thread":"BftProcessorExecutor-IBFT-0","class":"IbftBesuControllerBuilder","message":"Imported #60 / 0 tx / 0 pending / 0 (0.0%) gas / (0x14530ba702fce350bd86f4d2b18e666db8c5b25d743adb80a23a7527f008f33d)","throwable":""}
{"timestamp":"2025-03-10T08:55:14,017","container":"26e301600e12","level":"INFO","thread":"BftProcessorExecutor-IBFT-0","class":"IbftBesuControllerBuilder","message":"Imported #61 / 0 tx / 0 pending / 0 (0.0%) gas / (0x1b87668c8f957f07a7c0d3341766d67cf5b88101c46bee18a93adca219078afd)","throwable":""}
{"timestamp":"2025-03-10T08:55:15,015","container":"26e301600e12","level":"INFO","thread":"BftProcessorExecutor-IBFT-0","class":"IbftBesuControllerBuilder","message":"Imported #62 / 0 tx / 0 pending / 0 (0.0%) gas / (0x9353115dbda48c5ea575f77301f3ad7bda9c4738ad905d3c13b18d8300494755)","throwable":""}
{"timestamp":"2025-03-10T08:55:16,008","container":"26e301600e12","level":"INFO","thread":"BftProcessorExecutor-IBFT-0","class":"IbftBesuControllerBuilder","message":"Produced #63 / 0 tx / 0 pending / 0 (0.0%) gas / (0x729f590cf63d6e00b816b426ddd5b8f15906e77859b666252333fdbe1a2270cc)","throwable":""}
{"timestamp":"2025-03-10T08:55:17,014","container":"26e301600e12","level":"INFO","thread":"BftProcessorExecutor-IBFT-0","class":"IbftBesuControllerBuilder","message":"Imported #64 / 0 tx / 0 pending / 0 (0.0%) gas / (0x863c9ea7cf950925255c80df75ffaefc531197c42f4451acb04b4d21c2b78aac)","throwable":""}
{"timestamp":"2025-03-10T08:55:18,026","container":"26e301600e12","level":"INFO","thread":"BftProcessorExecutor-IBFT-0","class":"IbftBesuControllerBuilder","message":"Imported #65 / 0 tx / 0 pending / 0 (0.0%) gas / (0xc41ab3901db67fddf19a2790638b68c9230664747184cd9337f0d50566979d04)","throwable":""}
{"timestamp":"2025-03-10T08:55:19,013","container":"26e301600e12","level":"INFO","thread":"BftProcessorExecutor-IBFT-0","class":"IbftBesuControllerBuilder","message":"Imported #66 / 0 tx / 0 pending / 0 (0.0%) gas / (0xd217f8c411c6f02c213daa4ec8a7cef78bf8f4236bfa70892819f8583ceec7c6)","throwable":""}
{"timestamp":"2025-03-10T08:55:20,016","container":"26e301600e12","level":"INFO","thread":"EthScheduler-Workers-0","class":"PersistBlockTask","message":"Block 67 (0x6219c5f39f51a34f0327c7bf7d22f46bf587f521b950c25934f2e0d05d0aa3bf) is already imported","throwable":""}
{"timestamp":"2025-03-10T08:55:20,016","container":"26e301600e12","level":"INFO","thread":"BftProcessorExecutor-IBFT-0","class":"IbftBesuControllerBuilder","message":"Produced #67 / 0 tx / 0 pending / 0 (0.0%) gas / (0x6219c5f39f51a34f0327c7bf7d22f46bf587f521b950c25934f2e0d05d0aa3bf)","throwable":""}
{"timestamp":"2025-03-10T08:55:21,015","container":"26e301600e12","level":"INFO","thread":"EthScheduler-Workers-0","class":"PersistBlockTask","message":"Block 68 (0x98dba080328394c93dd9d1a82b2aff79cfb541e8198e625c303f46fc0c69a19a) is already imported","throwable":""}
{"timestamp":"2025-03-10T08:55:21,015","container":"26e301600e12","level":"INFO","thread":"BftProcessorExecutor-IBFT-0","class":"IbftBesuControllerBuilder","message":"Imported #68 / 0 tx / 0 pending / 0 (0.0%) gas / (0x98dba080328394c93dd9d1a82b2aff79cfb541e8198e625c303f46fc0c69a19a)","throwable":""}
{"timestamp":"2025-03-10T08:55:23,389","container":"26e301600e12","level":"INFO","thread":"EthScheduler-Workers-0","class":"PersistBlockTask","message":"Block 69 (0x97e3c8d39f72f055153ce57aaaa1d399dc2df76447b3f35611544515fed4a934) is already imported","throwable":""}
{"timestamp":"2025-03-10T08:55:23,389","container":"26e301600e12","level":"INFO","thread":"BftProcessorExecutor-IBFT-0","class":"IbftBesuControllerBuilder","message":"Imported #69 / 0 tx / 0 pending / 0 (0.0%) gas / (0x97e3c8d39f72f055153ce57aaaa1d399dc2df76447b3f35611544515fed4a934)","throwable":""}
{"timestamp":"2025-03-10T08:55:24,014","container":"26e301600e12","level":"INFO","thread":"BftProcessorExecutor-IBFT-0","class":"IbftBesuControllerBuilder","message":"Imported #70 / 0 tx / 0 pending / 0 (0.0%) gas / (0xac5de3c5c4c1d609dc833788ee106c61edb9613d908be3716b51a3f7899b1db8)","throwable":""}
{"timestamp":"2025-03-10T08:55:25,010","container":"26e301600e12","level":"INFO","thread":"BftProcessorExecutor-IBFT-0","class":"IbftBesuControllerBuilder","message":"Produced #71 / 0 tx / 0 pending / 0 (0.0%) gas / (0x76de5055c155acbbba4e6949275eeda237ce90b2d5bb972be0ae0810b8bf5c82)","throwable":""}
{"timestamp":"2025-03-10T08:55:26,012","container":"26e301600e12","level":"INFO","thread":"BftProcessorExecutor-IBFT-0","class":"IbftBesuControllerBuilder","message":"Imported #72 / 0 tx / 0 pending / 0 (0.0%) gas / (0xdaf2aed3bb0ae440530a83c478fc3f324d9cdca0c6fb25f693f8072c43b37ee3)","throwable":""}
{"timestamp":"2025-03-10T08:55:27,015","container":"26e301600e12","level":"INFO","thread":"EthScheduler-Workers-0","class":"PersistBlockTask","message":"Block 73 (0x25fa9d8967f2d9c010bf70eb0a3258223f79d254ae72a05f8a07c9c91fdfc907) is already imported","throwable":""}
{"timestamp":"2025-03-10T08:55:27,016","container":"26e301600e12","level":"INFO","thread":"BftProcessorExecutor-IBFT-0","class":"IbftBesuControllerBuilder","message":"Imported #73 / 0 tx / 0 pending / 0 (0.0%) gas / (0x25fa9d8967f2d9c010bf70eb0a3258223f79d254ae72a05f8a07c9c91fdfc907)","throwable":""}
{"timestamp":"2025-03-10T08:55:28,016","container":"26e301600e12","level":"INFO","thread":"BftProcessorExecutor-IBFT-0","class":"IbftBesuControllerBuilder","message":"Imported #74 / 0 tx / 0 pending / 0 (0.0%) gas / (0x7c036d30635495f0a98c4fc9def5d9499e55c6345d1c29fcd7634bc9165c60a8)","throwable":""}
{"timestamp":"2025-03-10T08:55:29,016","container":"26e301600e12","level":"INFO","thread":"BftProcessorExecutor-IBFT-0","class":"IbftBesuControllerBuilder","message":"Produced #75 / 0 tx / 0 pending / 0 (0.0%) gas / (0x8396f2be6718e251020ae34e199c9b245e17caaed702b76f86eb0f9366d6a3c8)","throwable":""}
{"timestamp":"2025-03-10T08:55:30,026","container":"26e301600e12","level":"INFO","thread":"BftProcessorExecutor-IBFT-0","class":"IbftBesuControllerBuilder","message":"Imported #76 / 0 tx / 0 pending / 0 (0.0%) gas / (0x62699f089a5e8e30c8f21c44e6d93a204265be9d97ec1eaa89c18acde1b51d87)","throwable":""}
{"timestamp":"2025-03-10T08:55:31,024","container":"26e301600e12","level":"INFO","thread":"EthScheduler-Workers-0","class":"PersistBlockTask","message":"Block 77 (0xeac1677b8a41fe52ae16f04b7a7f538032dbb2dbf3ffa0be5542e18081ede360) is already imported","throwable":""}
{"timestamp":"2025-03-10T08:55:31,024","container":"26e301600e12","level":"INFO","thread":"BftProcessorExecutor-IBFT-0","class":"IbftBesuControllerBuilder","message":"Imported #77 / 0 tx / 0 pending / 0 (0.0%) gas / (0xeac1677b8a41fe52ae16f04b7a7f538032dbb2dbf3ffa0be5542e18081ede360)","throwable":""}
{"timestamp":"2025-03-10T08:55:32,020","container":"26e301600e12","level":"INFO","thread":"BftProcessorExecutor-IBFT-0","class":"IbftBesuControllerBuilder","message":"Imported #78 / 0 tx / 0 pending / 0 (0.0%) gas / (0x88f085faad7fd3756e99b4aa183d37b72e0ccf37c5c870c3639c541e4349cf78)","throwable":""}
{"timestamp":"2025-03-10T08:55:33,015","container":"26e301600e12","level":"INFO","thread":"BftProcessorExecutor-IBFT-0","class":"IbftBesuControllerBuilder","message":"Produced #79 / 0 tx / 0 pending / 0 (0.0%) gas / (0xb1a5a53b0d2703b15843f5d10f63afd1709eef1c3c6c09b1328092a0ed46a0f2)","throwable":""}
{"timestamp":"2025-03-10T08:55:34,017","container":"26e301600e12","level":"INFO","thread":"BftProcessorExecutor-IBFT-0","class":"IbftBesuControllerBuilder","message":"Imported #80 / 0 tx / 0 pending / 0 (0.0%) gas / (0xdf090a9855d5059f3093851c41a2375ad49b683e89f8b5803618d0bd2f94296b)","throwable":""}
{"timestamp":"2025-03-10T08:55:35,016","container":"26e301600e12","level":"INFO","thread":"BftProcessorExecutor-IBFT-0","class":"IbftBesuControllerBuilder","message":"Imported #81 / 0 tx / 0 pending / 0 (0.0%) gas / (0x2bdf612465775a529af48f4d94b5b5a22ff612b798bf89d36d6f8c546b6701cc)","throwable":""}
{"timestamp":"2025-03-10T08:55:36,018","container":"26e301600e12","level":"INFO","thread":"BftProcessorExecutor-IBFT-0","class":"IbftBesuControllerBuilder","message":"Imported #82 / 0 tx / 0 pending / 0 (0.0%) gas / (0x8e87dd34a28651988bcebb45b6568a0805e92fe4a26a12286f05adc3d72b878b)","throwable":""}
{"timestamp":"2025-03-10T08:55:36,018","container":"26e301600e12","level":"INFO","thread":"EthScheduler-Workers-0","class":"PersistBlockTask","message":"Block 82 (0x8e87dd34a28651988bcebb45b6568a0805e92fe4a26a12286f05adc3d72b878b) is already imported","throwable":""}
{"timestamp":"2025-03-10T08:55:37,010","container":"26e301600e12","level":"INFO","thread":"BftProcessorExecutor-IBFT-0","class":"IbftBesuControllerBuilder","message":"Produced #83 / 0 tx / 0 pending / 0 (0.0%) gas / (0x212b92e6d9ff86ce645dd7bca378b1d444b9909d4690eb3acfb26b09ecb39365)","throwable":""}
{"timestamp":"2025-03-10T08:55:38,013","container":"26e301600e12","level":"INFO","thread":"BftProcessorExecutor-IBFT-0","class":"IbftBesuControllerBuilder","message":"Imported #84 / 0 tx / 0 pending / 0 (0.0%) gas / (0xb34e457df4cc7e5c6a56413d75779e1fee2ea124cfd9347fa3a04929955b2baf)","throwable":""}
{"timestamp":"2025-03-10T08:55:39,010","container":"26e301600e12","level":"INFO","thread":"BftProcessorExecutor-IBFT-0","class":"BftProcessor","message":"Shutting down BFT event processor","throwable":""}
{"timestamp":"2025-03-10T08:55:39,012","container":"26e301600e12","level":"INFO","thread":"BesuCommand-Shutdown-Hook","class":"DefaultSynchronizer","message":"Stopping synchronizer","throwable":""}
{"timestamp":"2025-03-10T08:55:39,013","container":"26e301600e12","level":"INFO","thread":"BesuCommand-Shutdown-Hook","class":"NetworkRunner","message":"Stopping Network.","throwable":""}
{"timestamp":"2025-03-10T08:55:39,030","container":"26e301600e12","level":"INFO","thread":"BesuCommand-Shutdown-Hook","class":"EthProtocolManager","message":"Stopping eth Subprotocol.","throwable":""}
{"timestamp":"2025-03-10T08:55:39,121","container":"26e301600e12","level":"INFO","thread":"BesuCommand-Shutdown-Hook","class":"EthProtocolManager","message":"eth Subprotocol stopped.","throwable":""}
{"timestamp":"2025-03-10T08:55:39,122","container":"26e301600e12","level":"INFO","thread":"BesuCommand-Shutdown-Hook","class":"NetworkRunner","message":"Network stopped.","throwable":""}
{"timestamp":"2025-03-10T08:55:39,123","container":"26e301600e12","level":"INFO","thread":"BesuCommand-Shutdown-Hook","class":"AutoTransactionLogBloomCachingService","message":"Shutting down Auto transaction logs caching service.","throwable":""}
{"timestamp":"2025-03-10T08:55:39,125","container":"26e301600e12","level":"INFO","thread":"BesuCommand-Shutdown-Hook","class":"DockerNatManager","message":"Stopping docker NAT manager.","throwable":""}
