{"timestamp":"2025-03-10T08:50:10,722","container":"eca7dd19e038","level":"INFO","thread":"main","class":"Besu","message":"Starting Besu","throwable":""}
{"timestamp":"2025-03-10T08:50:12,206","container":"eca7dd19e038","level":"WARN","thread":"main","class":"Besu","message":"Forcing --bonsai-limit-trie-logs-enabled=false, since it cannot be enabled with --sync-mode=FULL and --data-storage-format=BONSAI.","throwable":""}
{"timestamp":"2025-03-10T08:50:12,439","container":"eca7dd19e038","level":"INFO","thread":"main","class":"Besu","message":"Connecting to 8 static nodes.","throwable":""}
{"timestamp":"2025-03-10T08:50:12,478","container":"eca7dd19e038","level":"WARN","thread":"main","class":"Besu","message":"Forcing price bump for transaction replacement to 0, since min-gas-price is set to 0","throwable":""}
{"timestamp":"2025-03-10T08:50:12,480","container":"eca7dd19e038","level":"WARN","thread":"main","class":"Besu","message":"Forcing tx-pool-min-gas-price=0, since it cannot be greater than the value of min-gas-price","throwable":""}
{"timestamp":"2025-03-10T08:50:12,833","container":"eca7dd19e038","level":"INFO","thread":"main","class":"Besu","message":"
####################################################################################################
#                                                                                                  #
# Besu version 25.2.2                                                                              #
#                                                                                                  #
# Configuration:                                                                                   #
# Network: Custom genesis file                                                                     #
# /config/genesis.json                                                                             #
# Network Id: 9                                                                                    #
# Data storage: Bonsai                                                                             #
# Sync mode: Full                                                                                  #
# Sync min peers: 5                                                                                #
# RPC HTTP APIs: EEA,WEB3,ETH,NET,TRACE,DEBUG,ADMIN,TXPOOL,PERM,IBFT                               #
# RPC HTTP port: 8545                                                                              #
# Using LAYERED transaction pool implementation                                                    #
# Using STACKED worldstate update mode                                                             #
#                                                                                                  #
# Host:                                                                                            #
# Java: openjdk-java-21                                                                            #
# Maximum heap size: 3.85 GB                                                                       #
# OS: linux-x86_64                                                                                 #
# glibc: 2.39                                                                                      #
# jemalloc: 5.3.0-0-g54eaed1d8b56b1aa528be3bdd1877e59c56fa90c                                      #
# Total memory: 15.41 GB                                                                           #
# CPU cores: 20                                                                                    #
#                                                                                                  #
# Plugin Registration Summary:                                                                     #
# No plugins have been registered.                                                                 #
# TOTAL = 0 of 0 plugins successfully registered.                                                  #
#                                                                                                  #
####################################################################################################","throwable":""}
{"timestamp":"2025-03-10T08:50:12,834","container":"eca7dd19e038","level":"INFO","thread":"main","class":"Besu","message":"Security Module: localfile","throwable":""}
{"timestamp":"2025-03-10T08:50:12,836","container":"eca7dd19e038","level":"INFO","thread":"main","class":"VersionMetadata","message":"Lookup version metadata file in data directory: /opt/besu/data","throwable":""}
{"timestamp":"2025-03-10T08:50:12,836","container":"eca7dd19e038","level":"INFO","thread":"main","class":"VersionMetadata","message":"Data directory /opt/besu/data does not exist - creating it","throwable":""}
{"timestamp":"2025-03-10T08:50:12,837","container":"eca7dd19e038","level":"INFO","thread":"main","class":"VersionMetadata","message":"No version data detected. Writing Besu version 25.2.2 to metadata file","throwable":""}
{"timestamp":"2025-03-10T08:50:12,999","container":"eca7dd19e038","level":"INFO","thread":"main","class":"Besu","message":"Using the native implementation of alt bn128","throwable":""}
{"timestamp":"2025-03-10T08:50:13,080","container":"eca7dd19e038","level":"INFO","thread":"main","class":"Besu","message":"Using the native implementation of modexp","throwable":""}
{"timestamp":"2025-03-10T08:50:13,081","container":"eca7dd19e038","level":"INFO","thread":"main","class":"Besu","message":"Using the native implementation of the signature algorithm","throwable":""}
{"timestamp":"2025-03-10T08:50:13,090","container":"eca7dd19e038","level":"INFO","thread":"main","class":"Besu","message":"Using the native implementation of the blake2bf algorithm","throwable":""}
{"timestamp":"2025-03-10T08:50:13,114","container":"eca7dd19e038","level":"INFO","thread":"main","class":"KZGPointEvalPrecompiledContract","message":"Loading network trusted setup from classpath resource /kzg-trusted-setups/mainnet.txt","throwable":""}
{"timestamp":"2025-03-10T08:50:13,647","container":"eca7dd19e038","level":"WARN","thread":"main","class":"Besu","message":"Forcing price bump for transaction replacement to 0, since min-gas-price is set to 0","throwable":""}
{"timestamp":"2025-03-10T08:50:13,648","container":"eca7dd19e038","level":"WARN","thread":"main","class":"Besu","message":"Forcing tx-pool-min-gas-price=0, since it cannot be greater than the value of min-gas-price","throwable":""}
{"timestamp":"2025-03-10T08:50:13,652","container":"eca7dd19e038","level":"INFO","thread":"main","class":"KeyPairUtil","message":"Attempting to load public key from /opt/besu/keys/nodekey","throwable":""}
{"timestamp":"2025-03-10T08:50:13,705","container":"eca7dd19e038","level":"INFO","thread":"main","class":"KeyPairUtil","message":"Loaded public key 0x2fd5b5b6ad529f55b71602026d1849d0036f06482368b5812fa793014195d3571b0840dbc4175617de2a12db8f1222c012420d471ae5c0d982118625cae58868 from /opt/besu/keys/nodekey","throwable":""}
{"timestamp":"2025-03-10T08:50:13,712","container":"eca7dd19e038","level":"WARN","thread":"main","class":"Besu","message":"Privacy is disabled. Cannot use EEA/PRIV API methods when not using Privacy.","throwable":""}
{"timestamp":"2025-03-10T08:50:14,079","container":"eca7dd19e038","level":"INFO","thread":"main","class":"ProtocolScheduleBuilder","message":"Protocol schedule created with milestones: [GrayGlacier:0, Shanghai:1681338455, Cancun:1710338135]","throwable":""}
{"timestamp":"2025-03-10T08:50:14,089","container":"eca7dd19e038","level":"INFO","thread":"main","class":"RocksDBKeyValueStorageFactory","message":"No existing database at /opt/besu/data. Using default metadata for new db versionedStorageFormat=BaseVersionedStorageFormat{format=BONSAI, version=3}","throwable":""}
{"timestamp":"2025-03-10T08:50:14,671","container":"eca7dd19e038","level":"INFO","thread":"main","class":"FlatDbStrategyProvider","message":"Flat db mode found FULL","throwable":""}
{"timestamp":"2025-03-10T08:50:14,675","container":"eca7dd19e038","level":"INFO","thread":"main","class":"FlatDbStrategyProvider","message":"DB mode with code stored using code hash enabled = true","throwable":""}
{"timestamp":"2025-03-10T08:50:14,698","container":"eca7dd19e038","level":"INFO","thread":"main","class":"FlatDbStrategyProvider","message":"Flat db mode found FULL","throwable":""}
{"timestamp":"2025-03-10T08:50:14,699","container":"eca7dd19e038","level":"INFO","thread":"main","class":"FlatDbStrategyProvider","message":"DB mode with code stored using code hash enabled = true","throwable":""}
{"timestamp":"2025-03-10T08:50:15,079","container":"eca7dd19e038","level":"INFO","thread":"main","class":"TransactionPoolFactory","message":"Enabling transaction pool","throwable":""}
{"timestamp":"2025-03-10T08:50:15,120","container":"eca7dd19e038","level":"INFO","thread":"main","class":"BesuControllerBuilder","message":"IBFT2 is configured, creating initial sync for BFT","throwable":""}
{"timestamp":"2025-03-10T08:50:15,126","container":"eca7dd19e038","level":"INFO","thread":"main","class":"BFTPivotSelectorFromPeers","message":"Creating pivot block selector for BFT node","throwable":""}
{"timestamp":"2025-03-10T08:50:15,264","container":"eca7dd19e038","level":"INFO","thread":"main","class":"RunnerBuilder","message":"Resolved 1 bootnodes.","throwable":""}
{"timestamp":"2025-03-10T08:50:15,309","container":"eca7dd19e038","level":"INFO","thread":"main","class":"RunnerBuilder","message":"Detecting NAT service.","throwable":""}
{"timestamp":"2025-03-10T08:50:17,025","container":"eca7dd19e038","level":"INFO","thread":"main","class":"Runner","message":"Starting external services ... ","throwable":""}
{"timestamp":"2025-03-10T08:50:17,027","container":"eca7dd19e038","level":"INFO","thread":"main","class":"MetricsHttpService","message":"Starting metrics http service on 0.0.0.0:9545","throwable":""}
{"timestamp":"2025-03-10T08:50:17,097","container":"eca7dd19e038","level":"INFO","thread":"main","class":"JsonRpcHttpService","message":"Starting JSON-RPC service on 0.0.0.0:8545","throwable":""}
{"timestamp":"2025-03-10T08:50:17,391","container":"eca7dd19e038","level":"INFO","thread":"vert.x-eventloop-thread-3","class":"JsonRpcHttpService","message":"JSON-RPC service started and listening on 0.0.0.0:8545","throwable":""}
{"timestamp":"2025-03-10T08:50:17,395","container":"eca7dd19e038","level":"INFO","thread":"main","class":"GraphQLHttpService","message":"Starting GraphQL HTTP service on 0.0.0.0:8547","throwable":""}
{"timestamp":"2025-03-10T08:50:17,404","container":"eca7dd19e038","level":"INFO","thread":"vert.x-eventloop-thread-3","class":"GraphQLHttpService","message":"GraphQL HTTP service started and listening on 0.0.0.0:8547","throwable":""}
{"timestamp":"2025-03-10T08:50:17,405","container":"eca7dd19e038","level":"INFO","thread":"main","class":"WebSocketService","message":"Starting Websocket service on 0.0.0.0:8546","throwable":""}
{"timestamp":"2025-03-10T08:50:17,411","container":"eca7dd19e038","level":"INFO","thread":"vert.x-eventloop-thread-3","class":"WebSocketService","message":"Websocket service started and listening on 0.0.0.0:8546","throwable":""}
{"timestamp":"2025-03-10T08:50:17,416","container":"eca7dd19e038","level":"INFO","thread":"main","class":"AutoTransactionLogBloomCachingService","message":"Starting auto transaction log bloom caching service.","throwable":""}
{"timestamp":"2025-03-10T08:50:17,418","container":"eca7dd19e038","level":"INFO","thread":"main","class":"LogBloomCacheMetadata","message":"Lookup cache metadata file in data directory: /opt/besu/data/caches","throwable":""}
{"timestamp":"2025-03-10T08:50:17,448","container":"eca7dd19e038","level":"INFO","thread":"main","class":"Runner","message":"Starting Ethereum main loop ... ","throwable":""}
{"timestamp":"2025-03-10T08:50:17,449","container":"eca7dd19e038","level":"INFO","thread":"main","class":"DockerNatManager","message":"Starting docker NAT manager.","throwable":""}
{"timestamp":"2025-03-10T08:50:21,035","container":"eca7dd19e038","level":"INFO","thread":"main","class":"NetworkRunner","message":"Starting Network.","throwable":""}
{"timestamp":"2025-03-10T08:50:21,040","container":"eca7dd19e038","level":"INFO","thread":"nioEventLoopGroup-2-1","class":"RlpxAgent","message":"P2P RLPx agent started and listening on /[0:0:0:0:0:0:0:0]:30303.","throwable":""}
{"timestamp":"2025-03-10T08:50:21,041","container":"eca7dd19e038","level":"INFO","thread":"main","class":"PeerDiscoveryAgent","message":"Starting peer discovery agent on host=0.0.0.0, port=30303. IPv6 available.","throwable":""}
{"timestamp":"2025-03-10T08:50:21,049","container":"eca7dd19e038","level":"INFO","thread":"vert.x-eventloop-thread-3","class":"VertxPeerDiscoveryAgent","message":"Started peer discovery agent successfully, on effective host=0:0:0:0:0:0:0:0 and port=30303","throwable":""}
{"timestamp":"2025-03-10T08:50:21,050","container":"eca7dd19e038","level":"INFO","thread":"vert.x-eventloop-thread-3","class":"PeerDiscoveryAgent","message":"P2P peer discovery agent started and listening on /[0:0:0:0:0:0:0:0]:30303","throwable":""}
{"timestamp":"2025-03-10T08:50:21,070","container":"eca7dd19e038","level":"INFO","thread":"vert.x-eventloop-thread-3","class":"PeerDiscoveryAgent","message":"Writing node record to disk. NodeRecord{seq=1, publicKey=0x022fd5b5b6ad529f55b71602026d1849d0036f06482368b5812fa793014195d357, udpAddress=Optional[/172.16.239.14:30303], tcpAddress=Optional[/172.16.239.14:30303], udp6Address=Optional.empty, tcp6Address=Optional.empty, asBase64=-Ju4QKhEAkPBEas7QPOJ-r-W_HKVht_A9Ul5LPswc2GFGrAjFPjQ5zwlRCHsnvY0nxVSyeVjlLqwRdwzp3t0NjGrfGIBg2V0aMvKhCAdX4iEZDcwV4JpZIJ2NIJpcISsEO8OiXNlY3AyNTZrMaECL9W1tq1Sn1W3FgICbRhJ0ANvBkgjaLWBL6eTAUGV01eDdGNwgnZfg3VkcIJ2Xw, nodeId=0xc8f776c1d83d4fddd02782c698c1334496614aed49d2e81526d089f7264fed9c, customFields={tcp=30303, udp=30303, ip=0xac10ef0e, eth=[[0x201d5f88, 0x64373057]], id=V4, secp256k1=0x022fd5b5b6ad529f55b71602026d1849d0036f06482368b5812fa793014195d357}}","throwable":""}
{"timestamp":"2025-03-10T08:50:21,085","container":"eca7dd19e038","level":"INFO","thread":"main","class":"DefaultP2PNetwork","message":"Enode URL enode://2fd5b5b6ad529f55b71602026d1849d0036f06482368b5812fa793014195d3571b0840dbc4175617de2a12db8f1222c012420d471ae5c0d982118625cae58868@172.16.239.14:30303","throwable":""}
{"timestamp":"2025-03-10T08:50:21,085","container":"eca7dd19e038","level":"INFO","thread":"main","class":"DefaultP2PNetwork","message":"Node address 0x98c1334496614aed49d2e81526d089f7264fed9c","throwable":""}
{"timestamp":"2025-03-10T08:50:21,100","container":"eca7dd19e038","level":"INFO","thread":"main","class":"NetworkRunner","message":"Supported capabilities: [eth/62, eth/63, eth/64, eth/65, eth/66, eth/67, eth/68], [IBF/1], [snap/1]","throwable":""}
{"timestamp":"2025-03-10T08:50:21,100","container":"eca7dd19e038","level":"INFO","thread":"main","class":"DefaultSynchronizer","message":"Starting synchronizer.","throwable":""}
{"timestamp":"2025-03-10T08:50:21,103","container":"eca7dd19e038","level":"INFO","thread":"main","class":"TransactionPoolFactory","message":"Enabling transaction handling following initial sync","throwable":""}
{"timestamp":"2025-03-10T08:50:21,105","container":"eca7dd19e038","level":"INFO","thread":"main","class":"IbftBesuControllerBuilder","message":"Starting IBFT mining coordinator following initial sync","throwable":""}
{"timestamp":"2025-03-10T08:50:21,126","container":"eca7dd19e038","level":"INFO","thread":"main","class":"FullSyncDownloader","message":"Starting full sync.","throwable":""}
{"timestamp":"2025-03-10T08:50:21,127","container":"eca7dd19e038","level":"INFO","thread":"main","class":"FullSyncTargetManager","message":"Unable to find sync target. Waiting for 5 peers minimum. Currently checking 0 peers for usefulness","throwable":""}
{"timestamp":"2025-03-10T08:50:21,129","container":"eca7dd19e038","level":"INFO","thread":"main","class":"Runner","message":"Ethereum main loop is up.","throwable":""}
{"timestamp":"2025-03-10T08:50:26,131","container":"eca7dd19e038","level":"INFO","thread":"EthScheduler-Timer-0","class":"FullSyncTargetManager","message":"Unable to find sync target. Waiting for 5 peers minimum. Currently checking 4 peers for usefulness","throwable":""}
{"timestamp":"2025-03-10T08:50:31,135","container":"eca7dd19e038","level":"INFO","thread":"EthScheduler-Timer-0","class":"FullSyncTargetManager","message":"Unable to find sync target. Waiting for 5 peers minimum. Currently checking 4 peers for usefulness","throwable":""}
{"timestamp":"2025-03-10T08:50:31,800","container":"eca7dd19e038","level":"INFO","thread":"BftProcessorExecutor-IBFT-0","class":"IbftRound","message":"Importing block to chain. round=ConsensusRoundIdentifier{Sequence=1, Round=1}, hash=0xd0b2fbed9889e6d99dc5f4d6192b4eb5db754a697454f87171936d5d330c7dc7","throwable":""}
{"timestamp":"2025-03-10T08:50:31,825","container":"eca7dd19e038","level":"INFO","thread":"BftProcessorExecutor-IBFT-0","class":"IbftBesuControllerBuilder","message":"Imported #1 / 0 tx / 0 pending / 0 (0.0%) gas / (0xd0b2fbed9889e6d99dc5f4d6192b4eb5db754a697454f87171936d5d330c7dc7)","throwable":""}
{"timestamp":"2025-03-10T08:50:32,066","container":"eca7dd19e038","level":"INFO","thread":"BftProcessorExecutor-IBFT-0","class":"IbftBesuControllerBuilder","message":"Produced #2 / 0 tx / 0 pending / 0 (0.0%) gas / (0xf96bcc72b38e114007cf6a97f623c95ed602941e1d0cd08a244b38c124f1b665)","throwable":""}
{"timestamp":"2025-03-10T08:50:33,050","container":"eca7dd19e038","level":"INFO","thread":"BftProcessorExecutor-IBFT-0","class":"IbftBesuControllerBuilder","message":"Imported #3 / 0 tx / 0 pending / 0 (0.0%) gas / (0x980a9eb6e70179baa32f70aec01c6c48af2cce850fd5db434fc457e87e524c04)","throwable":""}
{"timestamp":"2025-03-10T08:50:33,054","container":"eca7dd19e038","level":"INFO","thread":"EthScheduler-Workers-0","class":"PersistBlockTask","message":"Block 3 (0x980a9eb6e70179baa32f70aec01c6c48af2cce850fd5db434fc457e87e524c04) is already imported","throwable":""}
{"timestamp":"2025-03-10T08:50:34,039","container":"eca7dd19e038","level":"INFO","thread":"BftProcessorExecutor-IBFT-0","class":"IbftBesuControllerBuilder","message":"Imported #4 / 0 tx / 0 pending / 0 (0.0%) gas / (0x7150c82e439dd309f02bab4e98139a67916cbd561d82e116bf986c485d6997ef)","throwable":""}
{"timestamp":"2025-03-10T08:50:35,037","container":"eca7dd19e038","level":"INFO","thread":"BftProcessorExecutor-IBFT-0","class":"IbftBesuControllerBuilder","message":"Imported #5 / 0 tx / 0 pending / 0 (0.0%) gas / (0x835f9701ad871d9770c53fd16c55cf1540b591e5c44afa51f06d219d8f6efff7)","throwable":""}
{"timestamp":"2025-03-10T08:50:36,027","container":"eca7dd19e038","level":"INFO","thread":"BftProcessorExecutor-IBFT-0","class":"IbftBesuControllerBuilder","message":"Produced #6 / 0 tx / 0 pending / 0 (0.0%) gas / (0x661431fe5dbcf3f18d5b00afa65bbb4fd4e87693c766faf67d5489c046be8156)","throwable":""}
{"timestamp":"2025-03-10T08:50:37,022","container":"eca7dd19e038","level":"INFO","thread":"BftProcessorExecutor-IBFT-0","class":"IbftBesuControllerBuilder","message":"Imported #7 / 0 tx / 0 pending / 0 (0.0%) gas / (0x1b6bacfc400058aaf2f0ec159b944604f7c4f0cb80d80da88d1b7f69543dcef1)","throwable":""}
{"timestamp":"2025-03-10T08:50:38,021","container":"eca7dd19e038","level":"INFO","thread":"BftProcessorExecutor-IBFT-0","class":"IbftBesuControllerBuilder","message":"Imported #8 / 0 tx / 0 pending / 0 (0.0%) gas / (0xde34e7fb3c1c6a2275349f7d098584fb124a9ed847f2be99c21c0e36805522b5)","throwable":""}
{"timestamp":"2025-03-10T08:50:39,024","container":"eca7dd19e038","level":"INFO","thread":"EthScheduler-Workers-0","class":"PersistBlockTask","message":"Block 9 (0xecce096376a165731ab6ac7b26d20c560ec3bac15e50a0dfbb5fc6cdf6a5244b) is already imported","throwable":""}
{"timestamp":"2025-03-10T08:50:39,025","container":"eca7dd19e038","level":"INFO","thread":"BftProcessorExecutor-IBFT-0","class":"IbftBesuControllerBuilder","message":"Imported #9 / 0 tx / 0 pending / 0 (0.0%) gas / (0xecce096376a165731ab6ac7b26d20c560ec3bac15e50a0dfbb5fc6cdf6a5244b)","throwable":""}
{"timestamp":"2025-03-10T08:50:41,391","container":"eca7dd19e038","level":"INFO","thread":"BftProcessorExecutor-IBFT-0","class":"IbftBesuControllerBuilder","message":"Produced #10 / 0 tx / 0 pending / 0 (0.0%) gas / (0x9b8240fde604cf4917bd9b39270687221db0d9ef689f34f3ee3676e51be8132b)","throwable":""}
{"timestamp":"2025-03-10T08:50:42,026","container":"eca7dd19e038","level":"INFO","thread":"BftProcessorExecutor-IBFT-0","class":"IbftBesuControllerBuilder","message":"Imported #11 / 0 tx / 0 pending / 0 (0.0%) gas / (0xe4be773c31e1c85de800008ace97d089d5ed7ca8c5ff83e96610b853167cdddc)","throwable":""}
{"timestamp":"2025-03-10T08:50:43,028","container":"eca7dd19e038","level":"INFO","thread":"EthScheduler-Workers-0","class":"PersistBlockTask","message":"Block 12 (0xddeb27162afeca2f0a1b958c4afaee1b6eff0eb8a7e554f1ee2b4cf0f591ae56) is already imported","throwable":""}
{"timestamp":"2025-03-10T08:50:43,029","container":"eca7dd19e038","level":"INFO","thread":"BftProcessorExecutor-IBFT-0","class":"IbftBesuControllerBuilder","message":"Imported #12 / 0 tx / 0 pending / 0 (0.0%) gas / (0xddeb27162afeca2f0a1b958c4afaee1b6eff0eb8a7e554f1ee2b4cf0f591ae56)","throwable":""}
{"timestamp":"2025-03-10T08:50:44,033","container":"eca7dd19e038","level":"INFO","thread":"EthScheduler-Workers-0","class":"PersistBlockTask","message":"Block 13 (0x3d5cf374dbc99c6b9de16b8ad367312768f2d2aea5e6c5c33e7ff9403a73b3e8) is already imported","throwable":""}
{"timestamp":"2025-03-10T08:50:44,034","container":"eca7dd19e038","level":"INFO","thread":"BftProcessorExecutor-IBFT-0","class":"IbftBesuControllerBuilder","message":"Imported #13 / 0 tx / 0 pending / 0 (0.0%) gas / (0x3d5cf374dbc99c6b9de16b8ad367312768f2d2aea5e6c5c33e7ff9403a73b3e8)","throwable":""}
{"timestamp":"2025-03-10T08:50:45,022","container":"eca7dd19e038","level":"INFO","thread":"BftProcessorExecutor-IBFT-0","class":"IbftBesuControllerBuilder","message":"Produced #14 / 0 tx / 0 pending / 0 (0.0%) gas / (0x90837f31726fcd747b1ad95b7cf2f5e7e6575f563a41cd8addcd553879894d37)","throwable":""}
{"timestamp":"2025-03-10T08:50:46,037","container":"eca7dd19e038","level":"INFO","thread":"BftProcessorExecutor-IBFT-0","class":"IbftBesuControllerBuilder","message":"Imported #15 / 0 tx / 0 pending / 0 (0.0%) gas / (0xa9ecbba7623c55221fe959e831af7ca282d470c865bc9ca94968114837c6eecf)","throwable":""}
{"timestamp":"2025-03-10T08:50:47,021","container":"eca7dd19e038","level":"INFO","thread":"EthScheduler-Workers-0","class":"PersistBlockTask","message":"Block 16 (0x858880e42caa71b8dd0db66c5c23f80e4a80dccfbbbd4781cf27d4344d00fccb) is already imported","throwable":""}
{"timestamp":"2025-03-10T08:50:47,021","container":"eca7dd19e038","level":"INFO","thread":"BftProcessorExecutor-IBFT-0","class":"IbftBesuControllerBuilder","message":"Imported #16 / 0 tx / 0 pending / 0 (0.0%) gas / (0x858880e42caa71b8dd0db66c5c23f80e4a80dccfbbbd4781cf27d4344d00fccb)","throwable":""}
{"timestamp":"2025-03-10T08:50:48,025","container":"eca7dd19e038","level":"INFO","thread":"EthScheduler-Workers-0","class":"PersistBlockTask","message":"Block 17 (0x72a14b79d72ad6f26473428df5029fe8742e019aefa84d1d9d50b96af74c20cf) is already imported","throwable":""}
{"timestamp":"2025-03-10T08:50:48,025","container":"eca7dd19e038","level":"INFO","thread":"BftProcessorExecutor-IBFT-0","class":"IbftBesuControllerBuilder","message":"Imported #17 / 0 tx / 0 pending / 0 (0.0%) gas / (0x72a14b79d72ad6f26473428df5029fe8742e019aefa84d1d9d50b96af74c20cf)","throwable":""}
{"timestamp":"2025-03-10T08:50:49,028","container":"eca7dd19e038","level":"INFO","thread":"EthScheduler-Workers-0","class":"PersistBlockTask","message":"Block 18 (0x9e80455029acadd5ad370141913138f117b5b67be9d0d078d7e56502e4773d55) is already imported","throwable":""}
{"timestamp":"2025-03-10T08:50:49,029","container":"eca7dd19e038","level":"INFO","thread":"BftProcessorExecutor-IBFT-0","class":"IbftBesuControllerBuilder","message":"Produced #18 / 0 tx / 0 pending / 0 (0.0%) gas / (0x9e80455029acadd5ad370141913138f117b5b67be9d0d078d7e56502e4773d55)","throwable":""}
{"timestamp":"2025-03-10T08:50:50,067","container":"eca7dd19e038","level":"INFO","thread":"EthScheduler-Workers-0","class":"PersistBlockTask","message":"Block 19 (0xcb05339d909e1bbedd58babe4960ad47fa558202f04b078f24af2180e87de5ab) is already imported","throwable":""}
{"timestamp":"2025-03-10T08:50:50,068","container":"eca7dd19e038","level":"INFO","thread":"BftProcessorExecutor-IBFT-0","class":"IbftBesuControllerBuilder","message":"Imported #19 / 0 tx / 0 pending / 0 (0.0%) gas / (0xcb05339d909e1bbedd58babe4960ad47fa558202f04b078f24af2180e87de5ab)","throwable":""}
{"timestamp":"2025-03-10T08:50:51,026","container":"eca7dd19e038","level":"INFO","thread":"EthScheduler-Workers-0","class":"PersistBlockTask","message":"Imported empty block #20 / 0 tx / 0 om / 0 (0.0%) gas / (0xd06d747e85ddc22be57ebb799a4655e315238b6283fa5bef5a39a612b1dc39fb) in 0.002s. Peers: 4","throwable":""}
{"timestamp":"2025-03-10T08:50:51,026","container":"eca7dd19e038","level":"INFO","thread":"BftProcessorExecutor-IBFT-0","class":"IbftBesuControllerBuilder","message":"Imported #20 / 0 tx / 0 pending / 0 (0.0%) gas / (0xd06d747e85ddc22be57ebb799a4655e315238b6283fa5bef5a39a612b1dc39fb)","throwable":""}
{"timestamp":"2025-03-10T08:50:52,024","container":"eca7dd19e038","level":"INFO","thread":"EthScheduler-Workers-0","class":"PersistBlockTask","message":"Block 21 (0x1b04b79c2176f251e289af83fb6b6595b532393450229c3cf3828abb97db38d6) is already imported","throwable":""}
{"timestamp":"2025-03-10T08:50:52,024","container":"eca7dd19e038","level":"INFO","thread":"BftProcessorExecutor-IBFT-0","class":"IbftBesuControllerBuilder","message":"Imported #21 / 0 tx / 0 pending / 0 (0.0%) gas / (0x1b04b79c2176f251e289af83fb6b6595b532393450229c3cf3828abb97db38d6)","throwable":""}
{"timestamp":"2025-03-10T08:50:53,022","container":"eca7dd19e038","level":"INFO","thread":"EthScheduler-Workers-0","class":"PersistBlockTask","message":"Block 22 (0x3ce8f455170076a72d46aef770f7128c55d4e5e61e49341f365c63f8e4d0e8cd) is already imported","throwable":""}
{"timestamp":"2025-03-10T08:50:53,023","container":"eca7dd19e038","level":"INFO","thread":"BftProcessorExecutor-IBFT-0","class":"IbftBesuControllerBuilder","message":"Produced #22 / 0 tx / 0 pending / 0 (0.0%) gas / (0x3ce8f455170076a72d46aef770f7128c55d4e5e61e49341f365c63f8e4d0e8cd)","throwable":""}
{"timestamp":"2025-03-10T08:50:54,019","container":"eca7dd19e038","level":"INFO","thread":"BftProcessorExecutor-IBFT-0","class":"IbftBesuControllerBuilder","message":"Imported #23 / 0 tx / 0 pending / 0 (0.0%) gas / (0x384aab849cb0f3bc260109d4547c5204e6474072e0d3fc6acc79c5b4e45f4e54)","throwable":""}
{"timestamp":"2025-03-10T08:50:55,022","container":"eca7dd19e038","level":"INFO","thread":"EthScheduler-Workers-0","class":"PersistBlockTask","message":"Block 24 (0xe86083446ed83bcedbc8d7a749bdd45deca0137e6974d6eaaec4b5bfe8590560) is already imported","throwable":""}
{"timestamp":"2025-03-10T08:50:55,023","container":"eca7dd19e038","level":"INFO","thread":"BftProcessorExecutor-IBFT-0","class":"IbftBesuControllerBuilder","message":"Imported #24 / 0 tx / 0 pending / 0 (0.0%) gas / (0xe86083446ed83bcedbc8d7a749bdd45deca0137e6974d6eaaec4b5bfe8590560)","throwable":""}
{"timestamp":"2025-03-10T08:50:56,029","container":"eca7dd19e038","level":"INFO","thread":"EthScheduler-Workers-0","class":"PersistBlockTask","message":"Block 25 (0xe66cfa64f8c6c3d2375a2483a5d6a1902792a7b2ce7b152ad4e019a84d683577) is already imported","throwable":""}
{"timestamp":"2025-03-10T08:50:56,029","container":"eca7dd19e038","level":"INFO","thread":"BftProcessorExecutor-IBFT-0","class":"IbftBesuControllerBuilder","message":"Imported #25 / 0 tx / 0 pending / 0 (0.0%) gas / (0xe66cfa64f8c6c3d2375a2483a5d6a1902792a7b2ce7b152ad4e019a84d683577)","throwable":""}
{"timestamp":"2025-03-10T08:50:57,020","container":"eca7dd19e038","level":"INFO","thread":"EthScheduler-Workers-0","class":"PersistBlockTask","message":"Imported empty block #26 / 0 tx / 0 om / 0 (0.0%) gas / (0xbabf3d7ba461ab3202b92fefd231b0f1f2aa6c8d9a0a673e836e2db62797d6ec) in 0.003s. Peers: 4","throwable":""}
{"timestamp":"2025-03-10T08:50:57,021","container":"eca7dd19e038","level":"INFO","thread":"BftProcessorExecutor-IBFT-0","class":"IbftBesuControllerBuilder","message":"Produced #26 / 0 tx / 0 pending / 0 (0.0%) gas / (0xbabf3d7ba461ab3202b92fefd231b0f1f2aa6c8d9a0a673e836e2db62797d6ec)","throwable":""}
{"timestamp":"2025-03-10T08:50:58,019","container":"eca7dd19e038","level":"INFO","thread":"BftProcessorExecutor-IBFT-0","class":"IbftBesuControllerBuilder","message":"Imported #27 / 0 tx / 0 pending / 0 (0.0%) gas / (0xf255f14bf2a857c7f8eebb2edf3d4d3bf7f5dc11344781e1071cba304cdfad38)","throwable":""}
{"timestamp":"2025-03-10T08:50:59,020","container":"eca7dd19e038","level":"INFO","thread":"BftProcessorExecutor-IBFT-0","class":"IbftBesuControllerBuilder","message":"Imported #28 / 0 tx / 0 pending / 0 (0.0%) gas / (0x763af2a4eeb2983dbea3dbf213a32cf8f8c0cc534dafc2bc21ea4d64458820a3)","throwable":""}
{"timestamp":"2025-03-10T08:51:00,026","container":"eca7dd19e038","level":"INFO","thread":"EthScheduler-Workers-0","class":"PersistBlockTask","message":"Block 29 (0x28cb928fc8df486be27f4543bf01604d6e29a360716ec8b7619e5aebd3cd6b99) is already imported","throwable":""}
{"timestamp":"2025-03-10T08:51:00,028","container":"eca7dd19e038","level":"INFO","thread":"BftProcessorExecutor-IBFT-0","class":"IbftBesuControllerBuilder","message":"Imported #29 / 0 tx / 0 pending / 0 (0.0%) gas / (0x28cb928fc8df486be27f4543bf01604d6e29a360716ec8b7619e5aebd3cd6b99)","throwable":""}
{"timestamp":"2025-03-10T08:51:01,019","container":"eca7dd19e038","level":"INFO","thread":"EthScheduler-Workers-0","class":"PersistBlockTask","message":"Imported empty block #30 / 0 tx / 0 om / 0 (0.0%) gas / (0x0a85ac5d6ad7e9c42022912470e5644d4092c03ce611ccdcc5c5038b6318c71b) in 0.002s. Peers: 4","throwable":""}
{"timestamp":"2025-03-10T08:51:02,020","container":"eca7dd19e038","level":"INFO","thread":"BftProcessorExecutor-IBFT-0","class":"IbftBesuControllerBuilder","message":"Imported #31 / 0 tx / 0 pending / 0 (0.0%) gas / (0x7b792c3f9fda3995ad676c927fa6880758269de26de2e48de2c12eb0de06aed5)","throwable":""}
{"timestamp":"2025-03-10T08:51:03,024","container":"eca7dd19e038","level":"INFO","thread":"BftProcessorExecutor-IBFT-0","class":"IbftBesuControllerBuilder","message":"Imported #32 / 0 tx / 0 pending / 0 (0.0%) gas / (0xb6d331513b8be72802e465deea5af9b6e4e7bcf6052ac233e3e5f251de464943)","throwable":""}
{"timestamp":"2025-03-10T08:51:03,025","container":"eca7dd19e038","level":"INFO","thread":"EthScheduler-Workers-0","class":"PersistBlockTask","message":"Block 32 (0xb6d331513b8be72802e465deea5af9b6e4e7bcf6052ac233e3e5f251de464943) is already imported","throwable":""}
{"timestamp":"2025-03-10T08:51:04,017","container":"eca7dd19e038","level":"INFO","thread":"BftProcessorExecutor-IBFT-0","class":"IbftBesuControllerBuilder","message":"Imported #33 / 0 tx / 0 pending / 0 (0.0%) gas / (0xb573efb705069361be4325b5aa88810bbd3793228b2910ad9d943941b7c1189f)","throwable":""}
{"timestamp":"2025-03-10T08:51:05,023","container":"eca7dd19e038","level":"INFO","thread":"EthScheduler-Workers-0","class":"PersistBlockTask","message":"Imported empty block #34 / 0 tx / 0 om / 0 (0.0%) gas / (0x5f5abd1d90b4889c799065cdc49e4be9835d3d4a8dba167cf03cc8a3ed76015c) in 0.002s. Peers: 4","throwable":""}
{"timestamp":"2025-03-10T08:51:05,024","container":"eca7dd19e038","level":"INFO","thread":"BftProcessorExecutor-IBFT-0","class":"IbftBesuControllerBuilder","message":"Produced #34 / 0 tx / 0 pending / 0 (0.0%) gas / (0x5f5abd1d90b4889c799065cdc49e4be9835d3d4a8dba167cf03cc8a3ed76015c)","throwable":""}
{"timestamp":"2025-03-10T08:51:06,019","container":"eca7dd19e038","level":"INFO","thread":"EthScheduler-Workers-0","class":"PersistBlockTask","message":"Block 35 (0x254b891664d4f76d7358524c4868ac2f43a3e0d13910c5befbecd1c7707745d5) is already imported","throwable":""}
{"timestamp":"2025-03-10T08:51:06,019","container":"eca7dd19e038","level":"INFO","thread":"BftProcessorExecutor-IBFT-0","class":"IbftBesuControllerBuilder","message":"Imported #35 / 0 tx / 0 pending / 0 (0.0%) gas / (0x254b891664d4f76d7358524c4868ac2f43a3e0d13910c5befbecd1c7707745d5)","throwable":""}
{"timestamp":"2025-03-10T08:51:07,019","container":"eca7dd19e038","level":"INFO","thread":"EthScheduler-Workers-0","class":"PersistBlockTask","message":"Block 36 (0x14d0bffe717a74f29eb4259323260dcafac210507dfeda775533435e99a38b7f) is already imported","throwable":""}
{"timestamp":"2025-03-10T08:51:07,020","container":"eca7dd19e038","level":"INFO","thread":"BftProcessorExecutor-IBFT-0","class":"IbftBesuControllerBuilder","message":"Imported #36 / 0 tx / 0 pending / 0 (0.0%) gas / (0x14d0bffe717a74f29eb4259323260dcafac210507dfeda775533435e99a38b7f)","throwable":""}
{"timestamp":"2025-03-10T08:51:08,030","container":"eca7dd19e038","level":"INFO","thread":"EthScheduler-Workers-0","class":"PersistBlockTask","message":"Block 37 (0x189521db5240b95553b8a56c3b04d7b81247659b4ecfb1fe90b823a7bb414416) is already imported","throwable":""}
{"timestamp":"2025-03-10T08:51:08,030","container":"eca7dd19e038","level":"INFO","thread":"BftProcessorExecutor-IBFT-0","class":"IbftBesuControllerBuilder","message":"Imported #37 / 0 tx / 0 pending / 0 (0.0%) gas / (0x189521db5240b95553b8a56c3b04d7b81247659b4ecfb1fe90b823a7bb414416)","throwable":""}
{"timestamp":"2025-03-10T08:51:09,013","container":"eca7dd19e038","level":"INFO","thread":"BftProcessorExecutor-IBFT-0","class":"IbftBesuControllerBuilder","message":"Produced #38 / 0 tx / 0 pending / 0 (0.0%) gas / (0x1cd6728bfbf073fef9c6b27b73f8823f6fe6c5e9cb6516c4285d5b63a637e687)","throwable":""}
{"timestamp":"2025-03-10T08:51:10,026","container":"eca7dd19e038","level":"INFO","thread":"EthScheduler-Workers-0","class":"PersistBlockTask","message":"Block 39 (0xf3c88765593065f079ea27aa200645e42532eddebf59189d47047e8de29a6f65) is already imported","throwable":""}
{"timestamp":"2025-03-10T08:51:10,027","container":"eca7dd19e038","level":"INFO","thread":"BftProcessorExecutor-IBFT-0","class":"IbftBesuControllerBuilder","message":"Imported #39 / 0 tx / 0 pending / 0 (0.0%) gas / (0xf3c88765593065f079ea27aa200645e42532eddebf59189d47047e8de29a6f65)","throwable":""}
{"timestamp":"2025-03-10T08:51:11,588","container":"eca7dd19e038","level":"INFO","thread":"BftProcessorExecutor-IBFT-0","class":"IbftBesuControllerBuilder","message":"Imported #40 / 0 tx / 0 pending / 0 (0.0%) gas / (0x73f033f370ad4cb08d1a99eb90f6aa6e7f75aa4a9f56bb0d0b7d1df0f2a09977)","throwable":""}
{"timestamp":"2025-03-10T08:51:13,040","container":"eca7dd19e038","level":"INFO","thread":"EthScheduler-Workers-0","class":"PersistBlockTask","message":"Imported empty block #41 / 0 tx / 0 om / 0 (0.0%) gas / (0x7c045a61a2d7fe9d98bb6641529d69eb68c445a84a2b2907febcdabb295511e6) in 0.005s. Peers: 4","throwable":""}
{"timestamp":"2025-03-10T08:51:13,041","container":"eca7dd19e038","level":"INFO","thread":"BftProcessorExecutor-IBFT-0","class":"IbftBesuControllerBuilder","message":"Imported #41 / 0 tx / 0 pending / 0 (0.0%) gas / (0x7c045a61a2d7fe9d98bb6641529d69eb68c445a84a2b2907febcdabb295511e6)","throwable":""}
{"timestamp":"2025-03-10T08:51:14,022","container":"eca7dd19e038","level":"INFO","thread":"BftProcessorExecutor-IBFT-0","class":"IbftBesuControllerBuilder","message":"Produced #42 / 0 tx / 0 pending / 0 (0.0%) gas / (0x7eb3689a02e595ec78cf27006c722d7409da3b2a60403621e50a3f95ee95f688)","throwable":""}
{"timestamp":"2025-03-10T08:51:15,028","container":"eca7dd19e038","level":"INFO","thread":"BftProcessorExecutor-IBFT-0","class":"IbftBesuControllerBuilder","message":"Imported #43 / 0 tx / 0 pending / 0 (0.0%) gas / (0x98c743382a6d6695bbd8fc25f62343b3e50eae9d46db38cb89a72a4697487c42)","throwable":""}
{"timestamp":"2025-03-10T08:51:16,022","container":"eca7dd19e038","level":"INFO","thread":"BftProcessorExecutor-IBFT-0","class":"IbftBesuControllerBuilder","message":"Imported #44 / 0 tx / 0 pending / 0 (0.0%) gas / (0xfcf6ed5988deb5b6faba3d356cf7ca3299992122d2991e91c677407353b6f0d8)","throwable":""}
{"timestamp":"2025-03-10T08:51:17,025","container":"eca7dd19e038","level":"INFO","thread":"EthScheduler-Workers-0","class":"PersistBlockTask","message":"Imported empty block #45 / 0 tx / 0 om / 0 (0.0%) gas / (0x4e3af4b8f0d71b3c7c86a36c0e5aa50f786b3a222e4d1a3aa098270632d379a6) in 0.002s. Peers: 4","throwable":""}
{"timestamp":"2025-03-10T08:51:17,026","container":"eca7dd19e038","level":"INFO","thread":"BftProcessorExecutor-IBFT-0","class":"IbftBesuControllerBuilder","message":"Imported #45 / 0 tx / 0 pending / 0 (0.0%) gas / (0x4e3af4b8f0d71b3c7c86a36c0e5aa50f786b3a222e4d1a3aa098270632d379a6)","throwable":""}
{"timestamp":"2025-03-10T08:51:18,017","container":"eca7dd19e038","level":"INFO","thread":"BftProcessorExecutor-IBFT-0","class":"IbftBesuControllerBuilder","message":"Produced #46 / 0 tx / 0 pending / 0 (0.0%) gas / (0x67359e9cf761fe4a3b066f3138a73ac1c058b5a0934b361f69f5264bf4a17456)","throwable":""}
{"timestamp":"2025-03-10T08:51:19,032","container":"eca7dd19e038","level":"INFO","thread":"BftProcessorExecutor-IBFT-0","class":"IbftBesuControllerBuilder","message":"Imported #47 / 0 tx / 0 pending / 0 (0.0%) gas / (0xc74ebee1eff505097e40d8eae31cc61ae58f91d2536e19ae60557bab6cdebe47)","throwable":""}
{"timestamp":"2025-03-10T08:51:20,017","container":"eca7dd19e038","level":"INFO","thread":"EthScheduler-Workers-0","class":"PersistBlockTask","message":"Block 48 (0x747ec6f718427dcd57a6421fda53def502c1fcfa9b196ed17c316feace4acb12) is already imported","throwable":""}
{"timestamp":"2025-03-10T08:51:20,017","container":"eca7dd19e038","level":"INFO","thread":"BftProcessorExecutor-IBFT-0","class":"IbftBesuControllerBuilder","message":"Imported #48 / 0 tx / 0 pending / 0 (0.0%) gas / (0x747ec6f718427dcd57a6421fda53def502c1fcfa9b196ed17c316feace4acb12)","throwable":""}
{"timestamp":"2025-03-10T08:51:21,017","container":"eca7dd19e038","level":"INFO","thread":"BftProcessorExecutor-IBFT-0","class":"IbftBesuControllerBuilder","message":"Imported #49 / 0 tx / 0 pending / 0 (0.0%) gas / (0x0d21e6a95d4a2f97bc8d66e04b03ce1562797fe1dcb59ef383eaeeb320e5a911)","throwable":""}
{"timestamp":"2025-03-10T08:51:22,023","container":"eca7dd19e038","level":"INFO","thread":"BftProcessorExecutor-IBFT-0","class":"IbftBesuControllerBuilder","message":"Produced #50 / 0 tx / 0 pending / 0 (0.0%) gas / (0xd50f40a49b760b2b9e091ebc66df86ccf617f8ae9054d35850828516114d2816)","throwable":""}
{"timestamp":"2025-03-10T08:51:23,022","container":"eca7dd19e038","level":"INFO","thread":"EthScheduler-Workers-0","class":"PersistBlockTask","message":"Block 51 (0xa6a703a9698f2ad1b84708f10d0b949f4d193b04439454da546bee025d582229) is already imported","throwable":""}
{"timestamp":"2025-03-10T08:51:23,022","container":"eca7dd19e038","level":"INFO","thread":"BftProcessorExecutor-IBFT-0","class":"IbftBesuControllerBuilder","message":"Imported #51 / 0 tx / 0 pending / 0 (0.0%) gas / (0xa6a703a9698f2ad1b84708f10d0b949f4d193b04439454da546bee025d582229)","throwable":""}
{"timestamp":"2025-03-10T08:51:24,028","container":"eca7dd19e038","level":"INFO","thread":"EthScheduler-Workers-0","class":"PersistBlockTask","message":"Imported empty block #52 / 0 tx / 0 om / 0 (0.0%) gas / (0x736cd8687692c09406a58b02802a86c9949605d71eadfe36f101a86a88441cf9) in 0.004s. Peers: 4","throwable":""}
{"timestamp":"2025-03-10T08:51:24,029","container":"eca7dd19e038","level":"INFO","thread":"BftProcessorExecutor-IBFT-0","class":"IbftBesuControllerBuilder","message":"Imported #52 / 0 tx / 0 pending / 0 (0.0%) gas / (0x736cd8687692c09406a58b02802a86c9949605d71eadfe36f101a86a88441cf9)","throwable":""}
{"timestamp":"2025-03-10T08:51:25,018","container":"eca7dd19e038","level":"INFO","thread":"EthScheduler-Workers-0","class":"PersistBlockTask","message":"Block 53 (0xc0a8cbf54dec2401e5f6d9c4f883c164d1a264593f134dd8a17af997ffed812b) is already imported","throwable":""}
{"timestamp":"2025-03-10T08:51:25,018","container":"eca7dd19e038","level":"INFO","thread":"BftProcessorExecutor-IBFT-0","class":"IbftBesuControllerBuilder","message":"Imported #53 / 0 tx / 0 pending / 0 (0.0%) gas / (0xc0a8cbf54dec2401e5f6d9c4f883c164d1a264593f134dd8a17af997ffed812b)","throwable":""}
{"timestamp":"2025-03-10T08:51:26,020","container":"eca7dd19e038","level":"INFO","thread":"EthScheduler-Workers-0","class":"PersistBlockTask","message":"Block 54 (0xd8818bc55c849dcc83cff003d9c14921c66f7a8c718b9181a3822c91ba592d68) is already imported","throwable":""}
{"timestamp":"2025-03-10T08:51:26,021","container":"eca7dd19e038","level":"INFO","thread":"BftProcessorExecutor-IBFT-0","class":"IbftBesuControllerBuilder","message":"Produced #54 / 0 tx / 0 pending / 0 (0.0%) gas / (0xd8818bc55c849dcc83cff003d9c14921c66f7a8c718b9181a3822c91ba592d68)","throwable":""}
{"timestamp":"2025-03-10T08:51:27,017","container":"eca7dd19e038","level":"INFO","thread":"BftProcessorExecutor-IBFT-0","class":"IbftBesuControllerBuilder","message":"Imported #55 / 0 tx / 0 pending / 0 (0.0%) gas / (0x9ee212d399f50bc7a7a0b7cb1d595018f332154f66118aba0e99ee97b9854162)","throwable":""}
{"timestamp":"2025-03-10T08:51:28,032","container":"eca7dd19e038","level":"INFO","thread":"BftProcessorExecutor-IBFT-0","class":"IbftBesuControllerBuilder","message":"Imported #56 / 0 tx / 0 pending / 0 (0.0%) gas / (0x86ade637f4f7c44a2b8829ae5589cd60fbc17bf7c16721e291a600ad192ad6ad)","throwable":""}
{"timestamp":"2025-03-10T08:51:29,019","container":"eca7dd19e038","level":"INFO","thread":"EthScheduler-Workers-0","class":"PersistBlockTask","message":"Block 57 (0x72deb0e097c640b3f819aa019794779066da481a94d67abc21c3fdc9c5a7bb09) is already imported","throwable":""}
{"timestamp":"2025-03-10T08:51:29,019","container":"eca7dd19e038","level":"INFO","thread":"BftProcessorExecutor-IBFT-0","class":"IbftBesuControllerBuilder","message":"Imported #57 / 0 tx / 0 pending / 0 (0.0%) gas / (0x72deb0e097c640b3f819aa019794779066da481a94d67abc21c3fdc9c5a7bb09)","throwable":""}
{"timestamp":"2025-03-10T08:51:30,012","container":"eca7dd19e038","level":"INFO","thread":"BftProcessorExecutor-IBFT-0","class":"IbftBesuControllerBuilder","message":"Produced #58 / 0 tx / 0 pending / 0 (0.0%) gas / (0xebf85fec6dfae247c496b871d3b88b99817f7acdd7dab383c10a93a0c2fe7b20)","throwable":""}
{"timestamp":"2025-03-10T08:51:31,019","container":"eca7dd19e038","level":"INFO","thread":"BftProcessorExecutor-IBFT-0","class":"IbftBesuControllerBuilder","message":"Imported #59 / 0 tx / 0 pending / 0 (0.0%) gas / (0xe6ae9697d57f7dbdb67703192b1aee2b373d94593bec96fcb65edc1985969837)","throwable":""}
{"timestamp":"2025-03-10T08:51:32,015","container":"eca7dd19e038","level":"INFO","thread":"BftProcessorExecutor-IBFT-0","class":"IbftBesuControllerBuilder","message":"Imported #60 / 0 tx / 0 pending / 0 (0.0%) gas / (0x724e7ff977fdd09370302afa0e85013a1506773f5aef2bc51ab03b925474ac11)","throwable":""}
{"timestamp":"2025-03-10T08:51:33,030","container":"eca7dd19e038","level":"INFO","thread":"EthScheduler-Workers-0","class":"PersistBlockTask","message":"Block 61 (0x7ff05220f538796f4c56b781550d513140dd3d1c35467166f22a07634e936cb5) is already imported","throwable":""}
{"timestamp":"2025-03-10T08:51:33,030","container":"eca7dd19e038","level":"INFO","thread":"BftProcessorExecutor-IBFT-0","class":"IbftBesuControllerBuilder","message":"Imported #61 / 0 tx / 0 pending / 0 (0.0%) gas / (0x7ff05220f538796f4c56b781550d513140dd3d1c35467166f22a07634e936cb5)","throwable":""}
{"timestamp":"2025-03-10T08:51:34,023","container":"eca7dd19e038","level":"INFO","thread":"EthScheduler-Workers-0","class":"PersistBlockTask","message":"Imported empty block #62 / 0 tx / 0 om / 0 (0.0%) gas / (0x62a17df94b1b1d7388b3eeb4ba8ae166e560847bc351aabd12b1a15876411e0f) in 0.003s. Peers: 4","throwable":""}
{"timestamp":"2025-03-10T08:51:35,016","container":"eca7dd19e038","level":"INFO","thread":"BftProcessorExecutor-IBFT-0","class":"IbftBesuControllerBuilder","message":"Imported #63 / 0 tx / 0 pending / 0 (0.0%) gas / (0x5446302d50c59467d6d550d943b050c0521c6d3d4ac9675437bc4ffc39fb1610)","throwable":""}
{"timestamp":"2025-03-10T08:51:36,016","container":"eca7dd19e038","level":"INFO","thread":"BftProcessorExecutor-IBFT-0","class":"IbftBesuControllerBuilder","message":"Imported #64 / 0 tx / 0 pending / 0 (0.0%) gas / (0x66e386e77bed184e863c2ff26310d22a06def9c7b52db39b6e164b2b1c94528c)","throwable":""}
{"timestamp":"2025-03-10T08:51:37,018","container":"eca7dd19e038","level":"INFO","thread":"BftProcessorExecutor-IBFT-0","class":"IbftBesuControllerBuilder","message":"Imported #65 / 0 tx / 0 pending / 0 (0.0%) gas / (0xa32bf27179fffd1b1b234b32dac5c63cb440a41b7962d6d6142850743cab462a)","throwable":""}
{"timestamp":"2025-03-10T08:51:38,017","container":"eca7dd19e038","level":"INFO","thread":"BftProcessorExecutor-IBFT-0","class":"IbftBesuControllerBuilder","message":"Produced #66 / 0 tx / 0 pending / 0 (0.0%) gas / (0x202e994eba7208c04059d2a8d03b79cefec156c06edf79586e92ef0f0716f350)","throwable":""}
{"timestamp":"2025-03-10T08:51:39,017","container":"eca7dd19e038","level":"INFO","thread":"EthScheduler-Workers-0","class":"PersistBlockTask","message":"Block 67 (0x9819b685dd06483769f217692623ba18bbdb7398b41ebc8b09e4cf7aa21c5cb7) is already imported","throwable":""}
{"timestamp":"2025-03-10T08:51:39,017","container":"eca7dd19e038","level":"INFO","thread":"BftProcessorExecutor-IBFT-0","class":"IbftBesuControllerBuilder","message":"Imported #67 / 0 tx / 0 pending / 0 (0.0%) gas / (0x9819b685dd06483769f217692623ba18bbdb7398b41ebc8b09e4cf7aa21c5cb7)","throwable":""}
{"timestamp":"2025-03-10T08:51:40,042","container":"eca7dd19e038","level":"INFO","thread":"BftProcessorExecutor-IBFT-0","class":"IbftBesuControllerBuilder","message":"Imported #68 / 0 tx / 0 pending / 0 (0.0%) gas / (0x946ebf964f3b93ceacbaa982711074c7a62268ab394189dd2bb0a19355b46fae)","throwable":""}
{"timestamp":"2025-03-10T08:51:40,043","container":"eca7dd19e038","level":"INFO","thread":"EthScheduler-Workers-0","class":"PersistBlockTask","message":"Block 68 (0x946ebf964f3b93ceacbaa982711074c7a62268ab394189dd2bb0a19355b46fae) is already imported","throwable":""}
{"timestamp":"2025-03-10T08:51:41,035","container":"eca7dd19e038","level":"INFO","thread":"EthScheduler-Workers-0","class":"PersistBlockTask","message":"Block 69 (0xc3d2ce893cf2ae74c90eb96b136898e0ad37319dbe8432114c8620d4fb2e52ba) is already imported","throwable":""}
{"timestamp":"2025-03-10T08:51:41,035","container":"eca7dd19e038","level":"INFO","thread":"BftProcessorExecutor-IBFT-0","class":"IbftBesuControllerBuilder","message":"Imported #69 / 0 tx / 0 pending / 0 (0.0%) gas / (0xc3d2ce893cf2ae74c90eb96b136898e0ad37319dbe8432114c8620d4fb2e52ba)","throwable":""}
{"timestamp":"2025-03-10T08:51:42,011","container":"eca7dd19e038","level":"INFO","thread":"BftProcessorExecutor-IBFT-0","class":"IbftBesuControllerBuilder","message":"Produced #70 / 0 tx / 0 pending / 0 (0.0%) gas / (0x022f5a97202d4054f308f5de51c28928901920c65a66878855b6c229f041976d)","throwable":""}
{"timestamp":"2025-03-10T08:51:44,385","container":"eca7dd19e038","level":"INFO","thread":"BftProcessorExecutor-IBFT-0","class":"IbftBesuControllerBuilder","message":"Imported #71 / 0 tx / 0 pending / 0 (0.0%) gas / (0x7db6e0c3475d40d8237adaca7563c58c3d4723f28a5e9f7f793ca8ce98a89ed1)","throwable":""}
{"timestamp":"2025-03-10T08:51:45,012","container":"eca7dd19e038","level":"INFO","thread":"BftProcessorExecutor-IBFT-0","class":"IbftBesuControllerBuilder","message":"Imported #72 / 0 tx / 0 pending / 0 (0.0%) gas / (0x829298ac55e33c9bff93c99c028c08df1d309705d1e4d16fed592872038078e6)","throwable":""}
{"timestamp":"2025-03-10T08:51:46,014","container":"eca7dd19e038","level":"INFO","thread":"BftProcessorExecutor-IBFT-0","class":"IbftBesuControllerBuilder","message":"Imported #73 / 0 tx / 0 pending / 0 (0.0%) gas / (0x49e2dce57712fd298f252b280ad13e494449a92f8dece559f1dd4630435563ea)","throwable":""}
{"timestamp":"2025-03-10T08:51:47,017","container":"eca7dd19e038","level":"INFO","thread":"BftProcessorExecutor-IBFT-0","class":"IbftBesuControllerBuilder","message":"Produced #74 / 0 tx / 0 pending / 0 (0.0%) gas / (0x9cdd412f486bad823c05790d7426f5d704213354849f98b631296520d5e04639)","throwable":""}
{"timestamp":"2025-03-10T08:51:48,013","container":"eca7dd19e038","level":"INFO","thread":"BftProcessorExecutor-IBFT-0","class":"IbftBesuControllerBuilder","message":"Imported #75 / 0 tx / 0 pending / 0 (0.0%) gas / (0xcda93b239eafdb838265e8f95f04cb5a2ed6f18a31c42764c3873d0db9868965)","throwable":""}
{"timestamp":"2025-03-10T08:51:48,013","container":"eca7dd19e038","level":"INFO","thread":"EthScheduler-Workers-0","class":"PersistBlockTask","message":"Block 75 (0xcda93b239eafdb838265e8f95f04cb5a2ed6f18a31c42764c3873d0db9868965) is already imported","throwable":""}
{"timestamp":"2025-03-10T08:51:49,015","container":"eca7dd19e038","level":"INFO","thread":"BftProcessorExecutor-IBFT-0","class":"IbftBesuControllerBuilder","message":"Imported #76 / 0 tx / 0 pending / 0 (0.0%) gas / (0x1ecda1b69c95a41047eb22971d0da3f0aa37ac3f44de0b417c71366fd2810a55)","throwable":""}
{"timestamp":"2025-03-10T08:51:50,010","container":"eca7dd19e038","level":"INFO","thread":"BftProcessorExecutor-IBFT-0","class":"IbftBesuControllerBuilder","message":"Imported #77 / 0 tx / 0 pending / 0 (0.0%) gas / (0xf0c58f051573e732a56f8ffec9b6f6de2bf250f27694c3fb196cd314d3c9d467)","throwable":""}
{"timestamp":"2025-03-10T08:51:51,014","container":"eca7dd19e038","level":"INFO","thread":"BftProcessorExecutor-IBFT-0","class":"IbftBesuControllerBuilder","message":"Produced #78 / 0 tx / 0 pending / 0 (0.0%) gas / (0x39e6c84ec834ad9c24803df13b626d817d434f70da28e2608c205e6895ba62ca)","throwable":""}
{"timestamp":"2025-03-10T08:51:52,013","container":"eca7dd19e038","level":"INFO","thread":"EthScheduler-Workers-0","class":"PersistBlockTask","message":"Block 79 (0xa84ecdf7caea7960a57f887fab084bf347ea8202c6a010d19a3c155cbf9b5346) is already imported","throwable":""}
{"timestamp":"2025-03-10T08:51:52,014","container":"eca7dd19e038","level":"INFO","thread":"BftProcessorExecutor-IBFT-0","class":"IbftBesuControllerBuilder","message":"Imported #79 / 0 tx / 0 pending / 0 (0.0%) gas / (0xa84ecdf7caea7960a57f887fab084bf347ea8202c6a010d19a3c155cbf9b5346)","throwable":""}
{"timestamp":"2025-03-10T08:51:53,011","container":"eca7dd19e038","level":"INFO","thread":"BftProcessorExecutor-IBFT-0","class":"IbftBesuControllerBuilder","message":"Imported #80 / 0 tx / 0 pending / 0 (0.0%) gas / (0x496f47beeeff0df9222ea73e0881e96243f06bdfad9505caed57fe928f5f73b6)","throwable":""}
{"timestamp":"2025-03-10T08:51:54,016","container":"eca7dd19e038","level":"INFO","thread":"EthScheduler-Workers-0","class":"PersistBlockTask","message":"Block 81 (0x308a1058ef0a9386892ec011c66597c0505e9e4c27a5cbef4e9a95625630756c) is already imported","throwable":""}
{"timestamp":"2025-03-10T08:51:54,017","container":"eca7dd19e038","level":"INFO","thread":"BftProcessorExecutor-IBFT-0","class":"IbftBesuControllerBuilder","message":"Imported #81 / 0 tx / 0 pending / 0 (0.0%) gas / (0x308a1058ef0a9386892ec011c66597c0505e9e4c27a5cbef4e9a95625630756c)","throwable":""}
{"timestamp":"2025-03-10T08:51:55,011","container":"eca7dd19e038","level":"INFO","thread":"BftProcessorExecutor-IBFT-0","class":"IbftBesuControllerBuilder","message":"Produced #82 / 0 tx / 0 pending / 0 (0.0%) gas / (0x2ab7392934470b78223b8b337f595439339c0ff304f20254b8a6c5e7b74906f9)","throwable":""}
{"timestamp":"2025-03-10T08:51:56,020","container":"eca7dd19e038","level":"INFO","thread":"BftProcessorExecutor-IBFT-0","class":"IbftBesuControllerBuilder","message":"Imported #83 / 0 tx / 0 pending / 0 (0.0%) gas / (0x0345f5963a583b2c49f847b5125baf283de7e555f1b78eaa13f8b8a3a73131d6)","throwable":""}
{"timestamp":"2025-03-10T08:51:57,027","container":"eca7dd19e038","level":"INFO","thread":"BftProcessorExecutor-IBFT-0","class":"IbftBesuControllerBuilder","message":"Imported #84 / 0 tx / 0 pending / 0 (0.0%) gas / (0x233a2e4db940e1680d0949353468e507c3f053aa38a7fe918e28ead26ab88bad)","throwable":""}
{"timestamp":"2025-03-10T08:51:58,022","container":"eca7dd19e038","level":"INFO","thread":"BftProcessorExecutor-IBFT-0","class":"IbftBesuControllerBuilder","message":"Imported #85 / 0 tx / 0 pending / 0 (0.0%) gas / (0x07811010755353e6890bd324e3dac6d193d8661961c3c964fa7320f20d5b37b3)","throwable":""}
{"timestamp":"2025-03-10T08:51:59,016","container":"eca7dd19e038","level":"INFO","thread":"BftProcessorExecutor-IBFT-0","class":"IbftBesuControllerBuilder","message":"Produced #86 / 0 tx / 0 pending / 0 (0.0%) gas / (0x667bcbf87891d045bf29d6ac4434d37094ab276b7e70f433ad52220aa0bbde7f)","throwable":""}
{"timestamp":"2025-03-10T08:52:00,019","container":"eca7dd19e038","level":"INFO","thread":"EthScheduler-Workers-0","class":"PersistBlockTask","message":"Block 87 (0x495618efa6c4396d598a0108d38a03bc5cda5e004d273ae8e39be9b1e366b32d) is already imported","throwable":""}
{"timestamp":"2025-03-10T08:52:00,020","container":"eca7dd19e038","level":"INFO","thread":"BftProcessorExecutor-IBFT-0","class":"IbftBesuControllerBuilder","message":"Imported #87 / 0 tx / 0 pending / 0 (0.0%) gas / (0x495618efa6c4396d598a0108d38a03bc5cda5e004d273ae8e39be9b1e366b32d)","throwable":""}
{"timestamp":"2025-03-10T08:52:01,018","container":"eca7dd19e038","level":"INFO","thread":"BftProcessorExecutor-IBFT-0","class":"IbftBesuControllerBuilder","message":"Imported #88 / 0 tx / 0 pending / 0 (0.0%) gas / (0x88e7e22dfb28b0f5aaf0af43d604a890f47ae5771729f7b9f078397e8395b857)","throwable":""}
{"timestamp":"2025-03-10T08:52:01,018","container":"eca7dd19e038","level":"INFO","thread":"EthScheduler-Workers-0","class":"PersistBlockTask","message":"Block 88 (0x88e7e22dfb28b0f5aaf0af43d604a890f47ae5771729f7b9f078397e8395b857) is already imported","throwable":""}
{"timestamp":"2025-03-10T08:52:02,022","container":"eca7dd19e038","level":"INFO","thread":"EthScheduler-Workers-0","class":"PersistBlockTask","message":"Block 89 (0x4e2191a323111e3bf184a97f57571e607ef8fa1892a1358dd0deb617539ff104) is already imported","throwable":""}
{"timestamp":"2025-03-10T08:52:02,024","container":"eca7dd19e038","level":"INFO","thread":"BftProcessorExecutor-IBFT-0","class":"IbftBesuControllerBuilder","message":"Imported #89 / 0 tx / 0 pending / 0 (0.0%) gas / (0x4e2191a323111e3bf184a97f57571e607ef8fa1892a1358dd0deb617539ff104)","throwable":""}
{"timestamp":"2025-03-10T08:52:03,011","container":"eca7dd19e038","level":"INFO","thread":"BftProcessorExecutor-IBFT-0","class":"IbftBesuControllerBuilder","message":"Produced #90 / 0 tx / 0 pending / 0 (0.0%) gas / (0x53bbf92df8aa33bebe199e8f269d9921368b00639dcc642ea46358f04ecd3a67)","throwable":""}
{"timestamp":"2025-03-10T08:52:04,023","container":"eca7dd19e038","level":"INFO","thread":"EthScheduler-Workers-0","class":"PersistBlockTask","message":"Block 91 (0x813b001ce5c58e490a447500343fcb1a3e56d29f2f7ce4269a31bb95d17214e4) is already imported","throwable":""}
{"timestamp":"2025-03-10T08:52:04,023","container":"eca7dd19e038","level":"INFO","thread":"BftProcessorExecutor-IBFT-0","class":"IbftBesuControllerBuilder","message":"Imported #91 / 0 tx / 0 pending / 0 (0.0%) gas / (0x813b001ce5c58e490a447500343fcb1a3e56d29f2f7ce4269a31bb95d17214e4)","throwable":""}
{"timestamp":"2025-03-10T08:52:05,010","container":"eca7dd19e038","level":"INFO","thread":"BftProcessorExecutor-IBFT-0","class":"IbftBesuControllerBuilder","message":"Imported #92 / 0 tx / 0 pending / 0 (0.0%) gas / (0x0afb38abb1a19c9a86840adf20d8db94a43a943816de45510460a41bd1164577)","throwable":""}
{"timestamp":"2025-03-10T08:52:06,016","container":"eca7dd19e038","level":"INFO","thread":"BftProcessorExecutor-IBFT-0","class":"IbftBesuControllerBuilder","message":"Imported #93 / 0 tx / 0 pending / 0 (0.0%) gas / (0x1234c4c13c89d5223fb1828c0f8bac6e619ad5f06d09981f20d40c25c63d15ab)","throwable":""}
{"timestamp":"2025-03-10T08:52:07,016","container":"eca7dd19e038","level":"INFO","thread":"BftProcessorExecutor-IBFT-0","class":"IbftBesuControllerBuilder","message":"Produced #94 / 0 tx / 0 pending / 0 (0.0%) gas / (0x9589c55e34304ef192493c984dfb9afb044baa0ca94ed8a1f33c1c1ab7305cb0)","throwable":""}
{"timestamp":"2025-03-10T08:52:08,023","container":"eca7dd19e038","level":"INFO","thread":"BftProcessorExecutor-IBFT-0","class":"IbftBesuControllerBuilder","message":"Imported #95 / 0 tx / 0 pending / 0 (0.0%) gas / (0xbd222c591db2e47d53125072913ac31ef0f6bd08a33fd26c74e10aa58f3fed61)","throwable":""}
{"timestamp":"2025-03-10T08:52:09,017","container":"eca7dd19e038","level":"INFO","thread":"EthScheduler-Workers-0","class":"PersistBlockTask","message":"Block 96 (0x05de3163f1ebf9ef65460744da56b4a6ef65c60563ca7086da3dfb7ea0c41e56) is already imported","throwable":""}
{"timestamp":"2025-03-10T08:52:09,018","container":"eca7dd19e038","level":"INFO","thread":"BftProcessorExecutor-IBFT-0","class":"IbftBesuControllerBuilder","message":"Imported #96 / 0 tx / 0 pending / 0 (0.0%) gas / (0x05de3163f1ebf9ef65460744da56b4a6ef65c60563ca7086da3dfb7ea0c41e56)","throwable":""}
{"timestamp":"2025-03-10T08:52:10,015","container":"eca7dd19e038","level":"INFO","thread":"BftProcessorExecutor-IBFT-0","class":"IbftBesuControllerBuilder","message":"Imported #97 / 0 tx / 0 pending / 0 (0.0%) gas / (0x2c0262cd4e974f38cf91c0ecc2eadd699a91df7679cbe8e7f8e3eb2215b57654)","throwable":""}
{"timestamp":"2025-03-10T08:52:11,014","container":"eca7dd19e038","level":"INFO","thread":"BftProcessorExecutor-IBFT-0","class":"IbftBesuControllerBuilder","message":"Produced #98 / 0 tx / 0 pending / 0 (0.0%) gas / (0xb80455a8cf81b566716cdf5d8ba2524228e194aa15610786cb9c80d6422c26d1)","throwable":""}
{"timestamp":"2025-03-10T08:52:12,007","container":"eca7dd19e038","level":"INFO","thread":"BftProcessorExecutor-IBFT-0","class":"IbftBesuControllerBuilder","message":"Imported #99 / 0 tx / 0 pending / 0 (0.0%) gas / (0x4f78a8b7695535eee6a9adae1ab2ddf7f344e3513435fc3aea655c62b81cb8b1)","throwable":""}
{"timestamp":"2025-03-10T08:52:13,012","container":"eca7dd19e038","level":"INFO","thread":"BftProcessorExecutor-IBFT-0","class":"IbftBesuControllerBuilder","message":"Imported #100 / 0 tx / 0 pending / 0 (0.0%) gas / (0xa3ab9cf7368e427064ed584b4feee96f951986969a60bc2373352138c12998f6)","throwable":""}
{"timestamp":"2025-03-10T08:52:15,394","container":"eca7dd19e038","level":"INFO","thread":"BftProcessorExecutor-IBFT-0","class":"IbftBesuControllerBuilder","message":"Imported #101 / 0 tx / 0 pending / 0 (0.0%) gas / (0xb2354cced3acd2338a4ab8a92cb66530139b21eaa626fc97fc299b47d1691cd8)","throwable":""}
{"timestamp":"2025-03-10T08:52:16,021","container":"eca7dd19e038","level":"INFO","thread":"BftProcessorExecutor-IBFT-0","class":"IbftBesuControllerBuilder","message":"Produced #102 / 0 tx / 0 pending / 0 (0.0%) gas / (0xd65ab35cdb8cfbe76d7b493340a14aed5e5da811af7c6a672012c86f4a3967d0)","throwable":""}
{"timestamp":"2025-03-10T08:52:17,019","container":"eca7dd19e038","level":"INFO","thread":"BftProcessorExecutor-IBFT-0","class":"IbftBesuControllerBuilder","message":"Imported #103 / 0 tx / 0 pending / 0 (0.0%) gas / (0x89e0dfabcb6d49291f31024a74aed1726333e7e0143339b9d116f812dd2501ef)","throwable":""}
{"timestamp":"2025-03-10T08:52:18,025","container":"eca7dd19e038","level":"INFO","thread":"EthScheduler-Workers-0","class":"PersistBlockTask","message":"Block 104 (0x1e112feed1e3dc45509c88070152f35326a6d738073b9adb52e77aaeb1151dee) is already imported","throwable":""}
{"timestamp":"2025-03-10T08:52:18,026","container":"eca7dd19e038","level":"INFO","thread":"BftProcessorExecutor-IBFT-0","class":"IbftBesuControllerBuilder","message":"Imported #104 / 0 tx / 0 pending / 0 (0.0%) gas / (0x1e112feed1e3dc45509c88070152f35326a6d738073b9adb52e77aaeb1151dee)","throwable":""}
{"timestamp":"2025-03-10T08:52:19,022","container":"eca7dd19e038","level":"INFO","thread":"EthScheduler-Workers-0","class":"PersistBlockTask","message":"Block 105 (0x59baed895769c4de20449ae335d3ee0e1403cc19517f2186a0d81788aa2ba526) is already imported","throwable":""}
{"timestamp":"2025-03-10T08:52:19,022","container":"eca7dd19e038","level":"INFO","thread":"BftProcessorExecutor-IBFT-0","class":"IbftBesuControllerBuilder","message":"Imported #105 / 0 tx / 0 pending / 0 (0.0%) gas / (0x59baed895769c4de20449ae335d3ee0e1403cc19517f2186a0d81788aa2ba526)","throwable":""}
{"timestamp":"2025-03-10T08:52:20,023","container":"eca7dd19e038","level":"INFO","thread":"EthScheduler-Workers-0","class":"PersistBlockTask","message":"Block 106 (0xcd06185605525095e06604939aa40bd72dc901d8e6425e36f97e854cbcee3e12) is already imported","throwable":""}
{"timestamp":"2025-03-10T08:52:20,023","container":"eca7dd19e038","level":"INFO","thread":"BftProcessorExecutor-IBFT-0","class":"IbftBesuControllerBuilder","message":"Produced #106 / 0 tx / 0 pending / 0 (0.0%) gas / (0xcd06185605525095e06604939aa40bd72dc901d8e6425e36f97e854cbcee3e12)","throwable":""}
{"timestamp":"2025-03-10T08:52:21,017","container":"eca7dd19e038","level":"INFO","thread":"BftProcessorExecutor-IBFT-0","class":"IbftBesuControllerBuilder","message":"Imported #107 / 0 tx / 0 pending / 0 (0.0%) gas / (0x76864163dfc8084e14cfd6920e363b237f047ec9c0ee23ba6381aad5b36cf91b)","throwable":""}
{"timestamp":"2025-03-10T08:52:22,020","container":"eca7dd19e038","level":"INFO","thread":"BftProcessorExecutor-IBFT-0","class":"IbftBesuControllerBuilder","message":"Imported #108 / 0 tx / 0 pending / 0 (0.0%) gas / (0xa8e2fa8d231695a3b9793b787a4dced2d025599edde399c35e1ea511a8060fee)","throwable":""}
{"timestamp":"2025-03-10T08:52:23,019","container":"eca7dd19e038","level":"INFO","thread":"EthScheduler-Workers-0","class":"PersistBlockTask","message":"Block 109 (0xb0cc9280872c9ca0c5df531127c47be28e09049b0bf85f6cf9f91c81670bfaf2) is already imported","throwable":""}
{"timestamp":"2025-03-10T08:52:23,020","container":"eca7dd19e038","level":"INFO","thread":"BftProcessorExecutor-IBFT-0","class":"IbftBesuControllerBuilder","message":"Imported #109 / 0 tx / 0 pending / 0 (0.0%) gas / (0xb0cc9280872c9ca0c5df531127c47be28e09049b0bf85f6cf9f91c81670bfaf2)","throwable":""}
{"timestamp":"2025-03-10T08:52:24,015","container":"eca7dd19e038","level":"INFO","thread":"EthScheduler-Workers-0","class":"PersistBlockTask","message":"Block 110 (0xf23612d9486363021f39358b21a77cf53b110c8a165e46fa48936888517971ed) is already imported","throwable":""}
{"timestamp":"2025-03-10T08:52:24,016","container":"eca7dd19e038","level":"INFO","thread":"BftProcessorExecutor-IBFT-0","class":"IbftBesuControllerBuilder","message":"Produced #110 / 0 tx / 0 pending / 0 (0.0%) gas / (0xf23612d9486363021f39358b21a77cf53b110c8a165e46fa48936888517971ed)","throwable":""}
{"timestamp":"2025-03-10T08:52:25,013","container":"eca7dd19e038","level":"INFO","thread":"BftProcessorExecutor-IBFT-0","class":"IbftBesuControllerBuilder","message":"Imported #111 / 0 tx / 0 pending / 0 (0.0%) gas / (0x21090878b53ed7539f84ec85e1433211dfd40e046bcd81fb628adabd1645d0d3)","throwable":""}
{"timestamp":"2025-03-10T08:52:26,017","container":"eca7dd19e038","level":"INFO","thread":"BftProcessorExecutor-IBFT-0","class":"IbftBesuControllerBuilder","message":"Imported #112 / 0 tx / 0 pending / 0 (0.0%) gas / (0x77f669a8a09a853f42655a0c94e3d2fa09eebfa822d0245008a310fb96470d4b)","throwable":""}
{"timestamp":"2025-03-10T08:52:27,016","container":"eca7dd19e038","level":"INFO","thread":"BftProcessorExecutor-IBFT-0","class":"IbftBesuControllerBuilder","message":"Imported #113 / 0 tx / 0 pending / 0 (0.0%) gas / (0xe4aa502a735bcba820f215bb6d2ae9e2cf506507db0977cac55857c403ec878f)","throwable":""}
{"timestamp":"2025-03-10T08:52:28,014","container":"eca7dd19e038","level":"INFO","thread":"BftProcessorExecutor-IBFT-0","class":"IbftBesuControllerBuilder","message":"Produced #114 / 0 tx / 0 pending / 0 (0.0%) gas / (0x105b4a8d2d6e1ab26b7966e29bed4116edbad9e742e56fea60b38c80b2663b2d)","throwable":""}
{"timestamp":"2025-03-10T08:52:29,014","container":"eca7dd19e038","level":"INFO","thread":"EthScheduler-Workers-0","class":"PersistBlockTask","message":"Block 115 (0x2193eb9a4c1d59fff89c65b7f9a1ee7d196b60d67db3701d15987570c35895e7) is already imported","throwable":""}
{"timestamp":"2025-03-10T08:52:29,014","container":"eca7dd19e038","level":"INFO","thread":"BftProcessorExecutor-IBFT-0","class":"IbftBesuControllerBuilder","message":"Imported #115 / 0 tx / 0 pending / 0 (0.0%) gas / (0x2193eb9a4c1d59fff89c65b7f9a1ee7d196b60d67db3701d15987570c35895e7)","throwable":""}
{"timestamp":"2025-03-10T08:52:30,015","container":"eca7dd19e038","level":"INFO","thread":"EthScheduler-Workers-0","class":"PersistBlockTask","message":"Block 116 (0x30cdbe6629ef2863f9edb988c28727fbe1e2d71c36cacbdc704c4609d8f526cb) is already imported","throwable":""}
{"timestamp":"2025-03-10T08:52:30,016","container":"eca7dd19e038","level":"INFO","thread":"BftProcessorExecutor-IBFT-0","class":"IbftBesuControllerBuilder","message":"Imported #116 / 0 tx / 0 pending / 0 (0.0%) gas / (0x30cdbe6629ef2863f9edb988c28727fbe1e2d71c36cacbdc704c4609d8f526cb)","throwable":""}
{"timestamp":"2025-03-10T08:52:31,015","container":"eca7dd19e038","level":"INFO","thread":"EthScheduler-Workers-0","class":"PersistBlockTask","message":"Block 117 (0x608d3b3cb394ac9b22260473f5a0ea1ba1eb9b12b7d44a9a2b5ab92dc3985480) is already imported","throwable":""}
{"timestamp":"2025-03-10T08:52:31,016","container":"eca7dd19e038","level":"INFO","thread":"BftProcessorExecutor-IBFT-0","class":"IbftBesuControllerBuilder","message":"Imported #117 / 0 tx / 0 pending / 0 (0.0%) gas / (0x608d3b3cb394ac9b22260473f5a0ea1ba1eb9b12b7d44a9a2b5ab92dc3985480)","throwable":""}
{"timestamp":"2025-03-10T08:52:32,011","container":"eca7dd19e038","level":"INFO","thread":"BftProcessorExecutor-IBFT-0","class":"IbftBesuControllerBuilder","message":"Produced #118 / 0 tx / 0 pending / 0 (0.0%) gas / (0xd7725884c41294b746b288b73cb9c2c86ef113664edb2348a440aae4a9396658)","throwable":""}
{"timestamp":"2025-03-10T08:52:33,014","container":"eca7dd19e038","level":"INFO","thread":"EthScheduler-Workers-0","class":"PersistBlockTask","message":"Block 119 (0x1d06c448eba8a042959a256a0c22a59dcc816f05b334d8bb4814b591c8d1b7e9) is already imported","throwable":""}
{"timestamp":"2025-03-10T08:52:33,015","container":"eca7dd19e038","level":"INFO","thread":"BftProcessorExecutor-IBFT-0","class":"IbftBesuControllerBuilder","message":"Imported #119 / 0 tx / 0 pending / 0 (0.0%) gas / (0x1d06c448eba8a042959a256a0c22a59dcc816f05b334d8bb4814b591c8d1b7e9)","throwable":""}
{"timestamp":"2025-03-10T08:52:34,016","container":"eca7dd19e038","level":"INFO","thread":"BftProcessorExecutor-IBFT-0","class":"IbftBesuControllerBuilder","message":"Imported #120 / 0 tx / 0 pending / 0 (0.0%) gas / (0xdd7fcbb14b9346dc61a9ec539c99a5b86e9c7599cb1bf76c55105bedbd0b97a0)","throwable":""}
{"timestamp":"2025-03-10T08:52:34,016","container":"eca7dd19e038","level":"INFO","thread":"EthScheduler-Workers-0","class":"PersistBlockTask","message":"Block 120 (0xdd7fcbb14b9346dc61a9ec539c99a5b86e9c7599cb1bf76c55105bedbd0b97a0) is already imported","throwable":""}
{"timestamp":"2025-03-10T08:52:35,016","container":"eca7dd19e038","level":"INFO","thread":"BftProcessorExecutor-IBFT-0","class":"IbftBesuControllerBuilder","message":"Imported #121 / 0 tx / 0 pending / 0 (0.0%) gas / (0x6e7fc7ec868d91dfdfa5cfc84eef3dcce42b55797e0fc6c64d442884659db627)","throwable":""}
{"timestamp":"2025-03-10T08:52:36,019","container":"eca7dd19e038","level":"INFO","thread":"BftProcessorExecutor-IBFT-0","class":"IbftBesuControllerBuilder","message":"Produced #122 / 0 tx / 0 pending / 0 (0.0%) gas / (0x0970c897a067a419e744e5a4eb9ea8550240a6a65c78f5c13424a50e7581d525)","throwable":""}
{"timestamp":"2025-03-10T08:52:37,008","container":"eca7dd19e038","level":"INFO","thread":"BftProcessorExecutor-IBFT-0","class":"IbftBesuControllerBuilder","message":"Imported #123 / 0 tx / 0 pending / 0 (0.0%) gas / (0x92ffc52bf61d15949241749dc516822c46ca5c604b7a9b11240c8d8b35c084f2)","throwable":""}
{"timestamp":"2025-03-10T08:52:38,016","container":"eca7dd19e038","level":"INFO","thread":"BftProcessorExecutor-IBFT-0","class":"IbftBesuControllerBuilder","message":"Imported #124 / 0 tx / 0 pending / 0 (0.0%) gas / (0x445d1776cefb8b77e5b23a6d7dac1cafe64b6158690a13cb97d002e22d9ea656)","throwable":""}
{"timestamp":"2025-03-10T08:52:39,016","container":"eca7dd19e038","level":"INFO","thread":"EthScheduler-Workers-0","class":"PersistBlockTask","message":"Block 125 (0xa5ee3f66c899857cc2d24e17037b7b0fc33054602c6c9f3def30a4c754884ae2) is already imported","throwable":""}
{"timestamp":"2025-03-10T08:52:39,016","container":"eca7dd19e038","level":"INFO","thread":"BftProcessorExecutor-IBFT-0","class":"IbftBesuControllerBuilder","message":"Imported #125 / 0 tx / 0 pending / 0 (0.0%) gas / (0xa5ee3f66c899857cc2d24e17037b7b0fc33054602c6c9f3def30a4c754884ae2)","throwable":""}
{"timestamp":"2025-03-10T08:52:40,013","container":"eca7dd19e038","level":"INFO","thread":"BftProcessorExecutor-IBFT-0","class":"IbftBesuControllerBuilder","message":"Produced #126 / 0 tx / 0 pending / 0 (0.0%) gas / (0xc3429869c4ccba49a8a9b23125cd9200bfc68b4ee510a051c555863ebd2ffd14)","throwable":""}
{"timestamp":"2025-03-10T08:52:41,028","container":"eca7dd19e038","level":"INFO","thread":"BftProcessorExecutor-IBFT-0","class":"IbftBesuControllerBuilder","message":"Imported #127 / 0 tx / 0 pending / 0 (0.0%) gas / (0xdf7ff571dcfb47ad7f509d3bd2421fe0a1f7e0950de9988ea8d03f676f9676f9)","throwable":""}
{"timestamp":"2025-03-10T08:52:42,023","container":"eca7dd19e038","level":"INFO","thread":"EthScheduler-Workers-0","class":"PersistBlockTask","message":"Block 128 (0xba8d610b624a8fa76a7d850070ca08fe4fcc84faf772bd2a8935a8b2af95c53f) is already imported","throwable":""}
{"timestamp":"2025-03-10T08:52:42,023","container":"eca7dd19e038","level":"INFO","thread":"BftProcessorExecutor-IBFT-0","class":"IbftBesuControllerBuilder","message":"Imported #128 / 0 tx / 0 pending / 0 (0.0%) gas / (0xba8d610b624a8fa76a7d850070ca08fe4fcc84faf772bd2a8935a8b2af95c53f)","throwable":""}
{"timestamp":"2025-03-10T08:52:43,016","container":"eca7dd19e038","level":"INFO","thread":"EthScheduler-Workers-0","class":"PersistBlockTask","message":"Block 129 (0xc0f7d268170f875207b6ed065f2625a6e5bc1009f0a1c7484ad181a46cb71adc) is already imported","throwable":""}
{"timestamp":"2025-03-10T08:52:43,016","container":"eca7dd19e038","level":"INFO","thread":"BftProcessorExecutor-IBFT-0","class":"IbftBesuControllerBuilder","message":"Imported #129 / 0 tx / 0 pending / 0 (0.0%) gas / (0xc0f7d268170f875207b6ed065f2625a6e5bc1009f0a1c7484ad181a46cb71adc)","throwable":""}
{"timestamp":"2025-03-10T08:52:44,015","container":"eca7dd19e038","level":"INFO","thread":"BftProcessorExecutor-IBFT-0","class":"IbftBesuControllerBuilder","message":"Produced #130 / 0 tx / 0 pending / 0 (0.0%) gas / (0xf6d9246f87f0de75309486768a910d82dac46d954895b03d875361d46508e6da)","throwable":""}
{"timestamp":"2025-03-10T08:52:45,013","container":"eca7dd19e038","level":"INFO","thread":"BftProcessorExecutor-IBFT-0","class":"IbftBesuControllerBuilder","message":"Imported #131 / 0 tx / 0 pending / 0 (0.0%) gas / (0x6a654a5bab6e7449c4a7a3c135c40de5868db742baeacb67716ea02bf327923d)","throwable":""}
{"timestamp":"2025-03-10T08:52:47,381","container":"eca7dd19e038","level":"INFO","thread":"EthScheduler-Workers-0","class":"PersistBlockTask","message":"Block 132 (0x579c7de691c853399d18959f9d06f7a7a01840800c0ff7cab084e3b5a82f12ad) is already imported","throwable":""}
{"timestamp":"2025-03-10T08:52:47,381","container":"eca7dd19e038","level":"INFO","thread":"BftProcessorExecutor-IBFT-0","class":"IbftBesuControllerBuilder","message":"Imported #132 / 0 tx / 0 pending / 0 (0.0%) gas / (0x579c7de691c853399d18959f9d06f7a7a01840800c0ff7cab084e3b5a82f12ad)","throwable":""}
{"timestamp":"2025-03-10T08:52:48,013","container":"eca7dd19e038","level":"INFO","thread":"BftProcessorExecutor-IBFT-0","class":"IbftBesuControllerBuilder","message":"Imported #133 / 0 tx / 0 pending / 0 (0.0%) gas / (0x1570329f647a32c643dd7a8ebf35737ec4e575d5bf1ba8ddb6942e5e575d51c5)","throwable":""}
{"timestamp":"2025-03-10T08:52:49,018","container":"eca7dd19e038","level":"INFO","thread":"EthScheduler-Workers-0","class":"PersistBlockTask","message":"Block 134 (0xb8de2d49c5d9f2593657bce376426b3c2aa18cae7a3d1ec8d51c570bcd24a5fe) is already imported","throwable":""}
{"timestamp":"2025-03-10T08:52:49,018","container":"eca7dd19e038","level":"INFO","thread":"BftProcessorExecutor-IBFT-0","class":"IbftBesuControllerBuilder","message":"Produced #134 / 0 tx / 0 pending / 0 (0.0%) gas / (0xb8de2d49c5d9f2593657bce376426b3c2aa18cae7a3d1ec8d51c570bcd24a5fe)","throwable":""}
{"timestamp":"2025-03-10T08:52:50,016","container":"eca7dd19e038","level":"INFO","thread":"BftProcessorExecutor-IBFT-0","class":"IbftBesuControllerBuilder","message":"Imported #135 / 0 tx / 0 pending / 0 (0.0%) gas / (0x4ea022b87db663b928fc965c027f17b73abf65a2a016b80baa9d9602f6f8ae82)","throwable":""}
{"timestamp":"2025-03-10T08:52:51,014","container":"eca7dd19e038","level":"INFO","thread":"BftProcessorExecutor-IBFT-0","class":"IbftBesuControllerBuilder","message":"Imported #136 / 0 tx / 0 pending / 0 (0.0%) gas / (0xbfbf5df9c2a69a6170c96c5d0b22c37fb11bd9add2c2036aa01f3f1b563780f3)","throwable":""}
{"timestamp":"2025-03-10T08:52:52,017","container":"eca7dd19e038","level":"INFO","thread":"BftProcessorExecutor-IBFT-0","class":"IbftBesuControllerBuilder","message":"Imported #137 / 0 tx / 0 pending / 0 (0.0%) gas / (0xf3c94dfdb7fc673e3be4e8611e63f579a103f5fdfb1e731e207c9daace5cf289)","throwable":""}
{"timestamp":"2025-03-10T08:52:53,013","container":"eca7dd19e038","level":"INFO","thread":"BftProcessorExecutor-IBFT-0","class":"IbftBesuControllerBuilder","message":"Produced #138 / 0 tx / 0 pending / 0 (0.0%) gas / (0x83e0189c06b301e972ef72994e16b4178e94375a45416ee9f5110c56481a3232)","throwable":""}
{"timestamp":"2025-03-10T08:52:54,010","container":"eca7dd19e038","level":"INFO","thread":"BftProcessorExecutor-IBFT-0","class":"IbftBesuControllerBuilder","message":"Imported #139 / 0 tx / 0 pending / 0 (0.0%) gas / (0x4507865b2390b5598125f4735053b123bf6e45e4ab3897be7804650dac92372b)","throwable":""}
{"timestamp":"2025-03-10T08:52:55,018","container":"eca7dd19e038","level":"INFO","thread":"BftProcessorExecutor-IBFT-0","class":"IbftBesuControllerBuilder","message":"Imported #140 / 0 tx / 0 pending / 0 (0.0%) gas / (0x2d1e7a46fb01abebd92c3b00215739513a82ea64c80422b481e33b1fe6faffd2)","throwable":""}
{"timestamp":"2025-03-10T08:52:56,013","container":"eca7dd19e038","level":"INFO","thread":"BftProcessorExecutor-IBFT-0","class":"IbftBesuControllerBuilder","message":"Imported #141 / 0 tx / 0 pending / 0 (0.0%) gas / (0x205766b70dc3269ac6a006423676e92cface3090df24383d0616c34c973815cc)","throwable":""}
{"timestamp":"2025-03-10T08:52:57,018","container":"eca7dd19e038","level":"INFO","thread":"BftProcessorExecutor-IBFT-0","class":"IbftBesuControllerBuilder","message":"Produced #142 / 0 tx / 0 pending / 0 (0.0%) gas / (0x10c01a7ebc774eb936d6fd7be243ffc24b6c28b569b832a80fee116b4ed1cf3c)","throwable":""}
{"timestamp":"2025-03-10T08:52:58,014","container":"eca7dd19e038","level":"INFO","thread":"BftProcessorExecutor-IBFT-0","class":"IbftBesuControllerBuilder","message":"Imported #143 / 0 tx / 0 pending / 0 (0.0%) gas / (0x877bb9e4b7952eba67b1bfa2c88d8b1924f40dc8c0a4e2d80cc60971f6b0b9e6)","throwable":""}
{"timestamp":"2025-03-10T08:52:59,018","container":"eca7dd19e038","level":"INFO","thread":"EthScheduler-Workers-0","class":"PersistBlockTask","message":"Block 144 (0x1eeff07c04c8131b0d5983f9a366a78f13d3a008357051517da09ff3161cc0c6) is already imported","throwable":""}
{"timestamp":"2025-03-10T08:52:59,018","container":"eca7dd19e038","level":"INFO","thread":"BftProcessorExecutor-IBFT-0","class":"IbftBesuControllerBuilder","message":"Imported #144 / 0 tx / 0 pending / 0 (0.0%) gas / (0x1eeff07c04c8131b0d5983f9a366a78f13d3a008357051517da09ff3161cc0c6)","throwable":""}
{"timestamp":"2025-03-10T08:53:00,010","container":"eca7dd19e038","level":"INFO","thread":"BftProcessorExecutor-IBFT-0","class":"IbftBesuControllerBuilder","message":"Imported #145 / 0 tx / 0 pending / 0 (0.0%) gas / (0x89b7a1943ffcb126ff405f04971a2710888491a8ed4d75a2e8a95f07f81ee2e8)","throwable":""}
{"timestamp":"2025-03-10T08:53:01,007","container":"eca7dd19e038","level":"INFO","thread":"BftProcessorExecutor-IBFT-0","class":"IbftBesuControllerBuilder","message":"Produced #146 / 0 tx / 0 pending / 0 (0.0%) gas / (0xed036bdabb9ccb06b224edfa12e8169e4b1b9e63736bef69e4e10b5b9be03b8a)","throwable":""}
{"timestamp":"2025-03-10T08:53:02,025","container":"eca7dd19e038","level":"INFO","thread":"BftProcessorExecutor-IBFT-0","class":"IbftBesuControllerBuilder","message":"Imported #147 / 0 tx / 0 pending / 0 (0.0%) gas / (0xbeb81225882035c5e845eeae76fd2a9b6aa8f14664f0f7877a19877bf2a27aed)","throwable":""}
{"timestamp":"2025-03-10T08:53:02,025","container":"eca7dd19e038","level":"INFO","thread":"EthScheduler-Workers-0","class":"PersistBlockTask","message":"Block 147 (0xbeb81225882035c5e845eeae76fd2a9b6aa8f14664f0f7877a19877bf2a27aed) is already imported","throwable":""}
{"timestamp":"2025-03-10T08:53:03,012","container":"eca7dd19e038","level":"INFO","thread":"BftProcessorExecutor-IBFT-0","class":"IbftBesuControllerBuilder","message":"Imported #148 / 0 tx / 0 pending / 0 (0.0%) gas / (0xfcb1bf773b9b2ad878f8af20b5dc9dc0a622a16f7bd9e004640004bf04ac23f9)","throwable":""}
{"timestamp":"2025-03-10T08:53:04,016","container":"eca7dd19e038","level":"INFO","thread":"BftProcessorExecutor-IBFT-0","class":"IbftBesuControllerBuilder","message":"Imported #149 / 0 tx / 0 pending / 0 (0.0%) gas / (0xa5f27c04f94b5602a3be27bde78f73d222a95582a2cf14947ab3dc8b398f46e8)","throwable":""}
{"timestamp":"2025-03-10T08:53:05,009","container":"eca7dd19e038","level":"INFO","thread":"BftProcessorExecutor-IBFT-0","class":"IbftBesuControllerBuilder","message":"Produced #150 / 0 tx / 0 pending / 0 (0.0%) gas / (0xbebe309c6b277de7c5835bfbcd4ff1915ff6f5e99fce7586a751ce4cdc8c3be9)","throwable":""}
{"timestamp":"2025-03-10T08:53:06,011","container":"eca7dd19e038","level":"INFO","thread":"BftProcessorExecutor-IBFT-0","class":"IbftBesuControllerBuilder","message":"Imported #151 / 0 tx / 0 pending / 0 (0.0%) gas / (0x6a086571c6f8ec564921a1834cd90c086a6e918a97dcb3f767d88eb5118acbd2)","throwable":""}
{"timestamp":"2025-03-10T08:53:07,013","container":"eca7dd19e038","level":"INFO","thread":"EthScheduler-Workers-0","class":"PersistBlockTask","message":"Block 152 (0x88627292cf9c93ce22ff12cba201435daa5a809718888d98a5067939d89a6758) is already imported","throwable":""}
{"timestamp":"2025-03-10T08:53:07,013","container":"eca7dd19e038","level":"INFO","thread":"BftProcessorExecutor-IBFT-0","class":"IbftBesuControllerBuilder","message":"Imported #152 / 0 tx / 0 pending / 0 (0.0%) gas / (0x88627292cf9c93ce22ff12cba201435daa5a809718888d98a5067939d89a6758)","throwable":""}
{"timestamp":"2025-03-10T08:53:08,016","container":"eca7dd19e038","level":"INFO","thread":"EthScheduler-Workers-0","class":"PersistBlockTask","message":"Block 153 (0x49c50a395804b0fb493316a5536e6ffdc0a7e90d34844795435ecbb6a8490d18) is already imported","throwable":""}
{"timestamp":"2025-03-10T08:53:08,017","container":"eca7dd19e038","level":"INFO","thread":"BftProcessorExecutor-IBFT-0","class":"IbftBesuControllerBuilder","message":"Imported #153 / 0 tx / 0 pending / 0 (0.0%) gas / (0x49c50a395804b0fb493316a5536e6ffdc0a7e90d34844795435ecbb6a8490d18)","throwable":""}
{"timestamp":"2025-03-10T08:53:09,016","container":"eca7dd19e038","level":"INFO","thread":"BftProcessorExecutor-IBFT-0","class":"IbftBesuControllerBuilder","message":"Produced #154 / 0 tx / 0 pending / 0 (0.0%) gas / (0xc93efb65c41aaf9bb9dc0fc43ff83e65d7fd837e607563c37b19d35af788020f)","throwable":""}
{"timestamp":"2025-03-10T08:53:10,018","container":"eca7dd19e038","level":"INFO","thread":"BftProcessorExecutor-IBFT-0","class":"IbftBesuControllerBuilder","message":"Imported #155 / 0 tx / 0 pending / 0 (0.0%) gas / (0xbe314e510ff8dd60635918605dfaa1fba2bf19f9b5dc2000956c9028aaeb4ff1)","throwable":""}
{"timestamp":"2025-03-10T08:53:10,018","container":"eca7dd19e038","level":"INFO","thread":"EthScheduler-Workers-0","class":"PersistBlockTask","message":"Block 155 (0xbe314e510ff8dd60635918605dfaa1fba2bf19f9b5dc2000956c9028aaeb4ff1) is already imported","throwable":""}
{"timestamp":"2025-03-10T08:53:11,012","container":"eca7dd19e038","level":"INFO","thread":"BftProcessorExecutor-IBFT-0","class":"IbftBesuControllerBuilder","message":"Imported #156 / 0 tx / 0 pending / 0 (0.0%) gas / (0x62a2ab7dab910a860de3d1c9d2f9d44dfc66e2b7fde8d10b879eb8900d3440c4)","throwable":""}
{"timestamp":"2025-03-10T08:53:12,014","container":"eca7dd19e038","level":"INFO","thread":"BftProcessorExecutor-IBFT-0","class":"IbftBesuControllerBuilder","message":"Imported #157 / 0 tx / 0 pending / 0 (0.0%) gas / (0x9de7777817da9ce1faf7038312113ab0ffe59f726695f3f87be15a59ee9f9933)","throwable":""}
{"timestamp":"2025-03-10T08:53:13,014","container":"eca7dd19e038","level":"INFO","thread":"EthScheduler-Workers-0","class":"PersistBlockTask","message":"Block 158 (0x27a0ce4d45f92be1cb08844fdb808d860f1c57a2bc9c619becffa99af9c9d268) is already imported","throwable":""}
{"timestamp":"2025-03-10T08:53:13,014","container":"eca7dd19e038","level":"INFO","thread":"BftProcessorExecutor-IBFT-0","class":"IbftBesuControllerBuilder","message":"Produced #158 / 0 tx / 0 pending / 0 (0.0%) gas / (0x27a0ce4d45f92be1cb08844fdb808d860f1c57a2bc9c619becffa99af9c9d268)","throwable":""}
{"timestamp":"2025-03-10T08:53:14,016","container":"eca7dd19e038","level":"INFO","thread":"BftProcessorExecutor-IBFT-0","class":"IbftBesuControllerBuilder","message":"Imported #159 / 0 tx / 0 pending / 0 (0.0%) gas / (0x72d5d1b3beb0fa16037bf78d01da964603ba610134e6cd9a4337dbac2c8209a7)","throwable":""}
{"timestamp":"2025-03-10T08:53:14,017","container":"eca7dd19e038","level":"INFO","thread":"EthScheduler-Workers-0","class":"PersistBlockTask","message":"Block 159 (0x72d5d1b3beb0fa16037bf78d01da964603ba610134e6cd9a4337dbac2c8209a7) is already imported","throwable":""}
{"timestamp":"2025-03-10T08:53:15,017","container":"eca7dd19e038","level":"INFO","thread":"EthScheduler-Workers-0","class":"PersistBlockTask","message":"Block 160 (0x3fb57aaef9542b10e59ca35670daa5dd0e31d334477ebc7f6708d220d3c5a055) is already imported","throwable":""}
{"timestamp":"2025-03-10T08:53:15,017","container":"eca7dd19e038","level":"INFO","thread":"BftProcessorExecutor-IBFT-0","class":"IbftBesuControllerBuilder","message":"Imported #160 / 0 tx / 0 pending / 0 (0.0%) gas / (0x3fb57aaef9542b10e59ca35670daa5dd0e31d334477ebc7f6708d220d3c5a055)","throwable":""}
{"timestamp":"2025-03-10T08:53:16,015","container":"eca7dd19e038","level":"INFO","thread":"EthScheduler-Workers-0","class":"PersistBlockTask","message":"Block 161 (0xc1a08bb6dec655fe1c5e0378860e4cf0c522273abd5fa1c79599b2366699e40f) is already imported","throwable":""}
{"timestamp":"2025-03-10T08:53:16,015","container":"eca7dd19e038","level":"INFO","thread":"BftProcessorExecutor-IBFT-0","class":"IbftBesuControllerBuilder","message":"Imported #161 / 0 tx / 0 pending / 0 (0.0%) gas / (0xc1a08bb6dec655fe1c5e0378860e4cf0c522273abd5fa1c79599b2366699e40f)","throwable":""}
{"timestamp":"2025-03-10T08:53:18,368","container":"eca7dd19e038","level":"INFO","thread":"EthScheduler-Workers-0","class":"PersistBlockTask","message":"Block 162 (0xfa5c3e56a39115728f384a663ad2c9c7a3f3233bcf58fbac3c0c3d1c2f8d20a8) is already imported","throwable":""}
{"timestamp":"2025-03-10T08:53:18,368","container":"eca7dd19e038","level":"INFO","thread":"BftProcessorExecutor-IBFT-0","class":"IbftBesuControllerBuilder","message":"Produced #162 / 0 tx / 0 pending / 0 (0.0%) gas / (0xfa5c3e56a39115728f384a663ad2c9c7a3f3233bcf58fbac3c0c3d1c2f8d20a8)","throwable":""}
{"timestamp":"2025-03-10T08:53:19,013","container":"eca7dd19e038","level":"INFO","thread":"BftProcessorExecutor-IBFT-0","class":"IbftBesuControllerBuilder","message":"Imported #163 / 0 tx / 0 pending / 0 (0.0%) gas / (0x83dc6660c38b721721a4568eddadb9c238279a2ea0db1299cc231150b8271fa7)","throwable":""}
{"timestamp":"2025-03-10T08:53:19,014","container":"eca7dd19e038","level":"INFO","thread":"EthScheduler-Workers-0","class":"PersistBlockTask","message":"Block 163 (0x83dc6660c38b721721a4568eddadb9c238279a2ea0db1299cc231150b8271fa7) is already imported","throwable":""}
{"timestamp":"2025-03-10T08:53:20,019","container":"eca7dd19e038","level":"INFO","thread":"BftProcessorExecutor-IBFT-0","class":"IbftBesuControllerBuilder","message":"Imported #164 / 0 tx / 0 pending / 0 (0.0%) gas / (0x60cf3ef61490fbeff907388cd2c795912c898f031efc28c7d2c8cf52e9b63084)","throwable":""}
{"timestamp":"2025-03-10T08:53:21,019","container":"eca7dd19e038","level":"INFO","thread":"BftProcessorExecutor-IBFT-0","class":"IbftBesuControllerBuilder","message":"Imported #165 / 0 tx / 0 pending / 0 (0.0%) gas / (0xe9aab51e6bafdd19b6269eab5ab4b128ef9a64462e1df0850f888e716bd11cef)","throwable":""}
{"timestamp":"2025-03-10T08:53:22,024","container":"eca7dd19e038","level":"INFO","thread":"EthScheduler-Workers-0","class":"PersistBlockTask","message":"Block 166 (0xbef7dff1ba65a2d8ade762a3d4e104ab6fe8cf3c3fb1445ee2cb5be63fdc4c38) is already imported","throwable":""}
{"timestamp":"2025-03-10T08:53:22,024","container":"eca7dd19e038","level":"INFO","thread":"BftProcessorExecutor-IBFT-0","class":"IbftBesuControllerBuilder","message":"Produced #166 / 0 tx / 0 pending / 0 (0.0%) gas / (0xbef7dff1ba65a2d8ade762a3d4e104ab6fe8cf3c3fb1445ee2cb5be63fdc4c38)","throwable":""}
{"timestamp":"2025-03-10T08:53:23,017","container":"eca7dd19e038","level":"INFO","thread":"BftProcessorExecutor-IBFT-0","class":"IbftBesuControllerBuilder","message":"Imported #167 / 0 tx / 0 pending / 0 (0.0%) gas / (0xba9860a3d855d7eccaec2b858eca20959f2dbe514532370871e660987b294353)","throwable":""}
{"timestamp":"2025-03-10T08:53:24,022","container":"eca7dd19e038","level":"INFO","thread":"BftProcessorExecutor-IBFT-0","class":"IbftBesuControllerBuilder","message":"Imported #168 / 0 tx / 0 pending / 0 (0.0%) gas / (0x7897e236036ca7c16811596f63985d02ddbbe8ad7d8c4ff5b2010bbf8fd3f2a7)","throwable":""}
{"timestamp":"2025-03-10T08:53:24,022","container":"eca7dd19e038","level":"INFO","thread":"EthScheduler-Workers-0","class":"PersistBlockTask","message":"Block 168 (0x7897e236036ca7c16811596f63985d02ddbbe8ad7d8c4ff5b2010bbf8fd3f2a7) is already imported","throwable":""}
{"timestamp":"2025-03-10T08:53:25,016","container":"eca7dd19e038","level":"INFO","thread":"BftProcessorExecutor-IBFT-0","class":"IbftBesuControllerBuilder","message":"Imported #169 / 0 tx / 0 pending / 0 (0.0%) gas / (0x1dfa40696ea4270e8eec68676cd9238f80b4889288a0ea7c504e8b042b813041)","throwable":""}
{"timestamp":"2025-03-10T08:53:26,012","container":"eca7dd19e038","level":"INFO","thread":"BftProcessorExecutor-IBFT-0","class":"IbftBesuControllerBuilder","message":"Produced #170 / 0 tx / 0 pending / 0 (0.0%) gas / (0xc2d8812f829e3e4488735dea90398ab0f8f250fc385de50fd8e541bdd27e0a2d)","throwable":""}
{"timestamp":"2025-03-10T08:53:27,018","container":"eca7dd19e038","level":"INFO","thread":"BftProcessorExecutor-IBFT-0","class":"IbftBesuControllerBuilder","message":"Imported #171 / 0 tx / 0 pending / 0 (0.0%) gas / (0x8da11ffa45eb4181383e04536ba6aefac5208308654dfdd7c2d4c525698e4516)","throwable":""}
{"timestamp":"2025-03-10T08:53:28,022","container":"eca7dd19e038","level":"INFO","thread":"EthScheduler-Workers-0","class":"PersistBlockTask","message":"Block 172 (0xe89391e7e3272357192ed716137a31839eb32e3abbf073b309704aa0d21a1afe) is already imported","throwable":""}
{"timestamp":"2025-03-10T08:53:28,022","container":"eca7dd19e038","level":"INFO","thread":"BftProcessorExecutor-IBFT-0","class":"IbftBesuControllerBuilder","message":"Imported #172 / 0 tx / 0 pending / 0 (0.0%) gas / (0xe89391e7e3272357192ed716137a31839eb32e3abbf073b309704aa0d21a1afe)","throwable":""}
{"timestamp":"2025-03-10T08:53:29,015","container":"eca7dd19e038","level":"INFO","thread":"BftProcessorExecutor-IBFT-0","class":"IbftBesuControllerBuilder","message":"Imported #173 / 0 tx / 0 pending / 0 (0.0%) gas / (0xe64e0985b8168257ec4518f6ab254c91a8ccbb016ee629f3731a840a2c90aab1)","throwable":""}
{"timestamp":"2025-03-10T08:53:30,014","container":"eca7dd19e038","level":"INFO","thread":"BftProcessorExecutor-IBFT-0","class":"IbftBesuControllerBuilder","message":"Produced #174 / 0 tx / 0 pending / 0 (0.0%) gas / (0x80ef9af2f83d5155e618274015cb3786dc7bf6b5ccbbdaa0af0d24909ba3e951)","throwable":""}
{"timestamp":"2025-03-10T08:53:31,014","container":"eca7dd19e038","level":"INFO","thread":"BftProcessorExecutor-IBFT-0","class":"IbftBesuControllerBuilder","message":"Imported #175 / 0 tx / 0 pending / 0 (0.0%) gas / (0xfa89319cfd6876e04051d4200783b32c4d82441e64db4e1b104647c39facd412)","throwable":""}
{"timestamp":"2025-03-10T08:53:31,515","container":"eca7dd19e038","level":"INFO","thread":"BftProcessorExecutor-IBFT-0","class":"BftProcessor","message":"Shutting down BFT event processor","throwable":""}
{"timestamp":"2025-03-10T08:53:31,516","container":"eca7dd19e038","level":"INFO","thread":"BesuCommand-Shutdown-Hook","class":"DefaultSynchronizer","message":"Stopping synchronizer","throwable":""}
{"timestamp":"2025-03-10T08:53:31,518","container":"eca7dd19e038","level":"INFO","thread":"BesuCommand-Shutdown-Hook","class":"NetworkRunner","message":"Stopping Network.","throwable":""}
{"timestamp":"2025-03-10T08:53:31,551","container":"eca7dd19e038","level":"INFO","thread":"BesuCommand-Shutdown-Hook","class":"EthProtocolManager","message":"Stopping eth Subprotocol.","throwable":""}
{"timestamp":"2025-03-10T08:53:31,640","container":"eca7dd19e038","level":"INFO","thread":"BesuCommand-Shutdown-Hook","class":"EthProtocolManager","message":"eth Subprotocol stopped.","throwable":""}
{"timestamp":"2025-03-10T08:53:31,640","container":"eca7dd19e038","level":"INFO","thread":"BesuCommand-Shutdown-Hook","class":"NetworkRunner","message":"Network stopped.","throwable":""}
{"timestamp":"2025-03-10T08:53:31,641","container":"eca7dd19e038","level":"INFO","thread":"BesuCommand-Shutdown-Hook","class":"AutoTransactionLogBloomCachingService","message":"Shutting down Auto transaction logs caching service.","throwable":""}
{"timestamp":"2025-03-10T08:53:31,641","container":"eca7dd19e038","level":"INFO","thread":"BesuCommand-Shutdown-Hook","class":"DockerNatManager","message":"Stopping docker NAT manager.","throwable":""}
